[35m[1mConsolidate compiler generated dependencies of target listener[0m
[35m[1mConsolidate compiler generated dependencies of target wait_set_talker[0m
[35m[1mConsolidate compiler generated dependencies of target wait_set_listener[0m
[35m[1mConsolidate compiler generated dependencies of target wait_set[0m
[35m[1mConsolidate compiler generated dependencies of target wait_set_topics_with_different_rates[0m
[35m[1mConsolidate compiler generated dependencies of target wait_set_topics_and_timer[0m
[35m[1mConsolidate compiler generated dependencies of target static_wait_set[0m
[35m[1mConsolidate compiler generated dependencies of target executor_random_order[0m
[35m[1mConsolidate compiler generated dependencies of target wait_set_random_order[0m
[35m[1mConsolidate compiler generated dependencies of target talker[0m
[35m[1mConsolidate compiler generated dependencies of target thread_safe_wait_set[0m
[  8%] Built target wait_set_talker
[ 16%] Built target wait_set_topics_and_timer
[ 33%] Built target talker
[ 33%] Built target listener
[ 41%] Built target static_wait_set
[ 50%] Built target wait_set_random_order
[ 58%] Built target wait_set
[ 66%] Built target executor_random_order
[ 75%] Built target wait_set_listener
[ 83%] Built target wait_set_topics_with_different_rates
[ 91%] Built target thread_safe_wait_set
[35m[1mConsolidate compiler generated dependencies of target wait_set_composed[0m
[100%] Built target wait_set_composed
-- Install configuration: ""
-- Execute custom install script
-- Symlinking: /home/rinna/ros2_ws/install/examples_rclcpp_wait_set/lib/examples_rclcpp_wait_set/wait_set_talker
-- Symlinking: /home/rinna/ros2_ws/install/examples_rclcpp_wait_set/lib/examples_rclcpp_wait_set/wait_set_listener
-- Symlinking: /home/rinna/ros2_ws/install/examples_rclcpp_wait_set/lib/libtalker.so
-- Symlinking: /home/rinna/ros2_ws/install/examples_rclcpp_wait_set/lib/liblistener.so
-- Symlinking: /home/rinna/ros2_ws/install/examples_rclcpp_wait_set/lib/examples_rclcpp_wait_set/wait_set
-- Symlinking: /home/rinna/ros2_ws/install/examples_rclcpp_wait_set/lib/examples_rclcpp_wait_set/static_wait_set
-- Symlinking: /home/rinna/ros2_ws/install/examples_rclcpp_wait_set/lib/examples_rclcpp_wait_set/thread_safe_wait_set
-- Symlinking: /home/rinna/ros2_ws/install/examples_rclcpp_wait_set/lib/examples_rclcpp_wait_set/wait_set_topics_and_timer
-- Symlinking: /home/rinna/ros2_ws/install/examples_rclcpp_wait_set/lib/examples_rclcpp_wait_set/wait_set_random_order
-- Symlinking: /home/rinna/ros2_ws/install/examples_rclcpp_wait_set/lib/examples_rclcpp_wait_set/executor_random_order
-- Symlinking: /home/rinna/ros2_ws/install/examples_rclcpp_wait_set/lib/examples_rclcpp_wait_set/wait_set_topics_with_different_rates
-- Symlinking: /home/rinna/ros2_ws/install/examples_rclcpp_wait_set/lib/examples_rclcpp_wait_set/wait_set_composed
-- Symlinking: /home/rinna/ros2_ws/install/examples_rclcpp_wait_set/share/ament_index/resource_index/package_run_dependencies/examples_rclcpp_wait_set
-- Symlinking: /home/rinna/ros2_ws/install/examples_rclcpp_wait_set/share/ament_index/resource_index/parent_prefix_path/examples_rclcpp_wait_set
-- Symlinking: /home/rinna/ros2_ws/install/examples_rclcpp_wait_set/share/examples_rclcpp_wait_set/environment/ament_prefix_path.sh
-- Symlinking: /home/rinna/ros2_ws/install/examples_rclcpp_wait_set/share/examples_rclcpp_wait_set/environment/ament_prefix_path.dsv
-- Symlinking: /home/rinna/ros2_ws/install/examples_rclcpp_wait_set/share/examples_rclcpp_wait_set/environment/path.sh
-- Symlinking: /home/rinna/ros2_ws/install/examples_rclcpp_wait_set/share/examples_rclcpp_wait_set/environment/path.dsv
-- Symlinking: /home/rinna/ros2_ws/install/examples_rclcpp_wait_set/share/examples_rclcpp_wait_set/local_setup.bash
-- Symlinking: /home/rinna/ros2_ws/install/examples_rclcpp_wait_set/share/examples_rclcpp_wait_set/local_setup.sh
-- Symlinking: /home/rinna/ros2_ws/install/examples_rclcpp_wait_set/share/examples_rclcpp_wait_set/local_setup.zsh
-- Symlinking: /home/rinna/ros2_ws/install/examples_rclcpp_wait_set/share/examples_rclcpp_wait_set/local_setup.dsv
-- Symlinking: /home/rinna/ros2_ws/install/examples_rclcpp_wait_set/share/examples_rclcpp_wait_set/package.dsv
-- Symlinking: /home/rinna/ros2_ws/install/examples_rclcpp_wait_set/share/ament_index/resource_index/packages/examples_rclcpp_wait_set
-- Symlinking: /home/rinna/ros2_ws/install/examples_rclcpp_wait_set/share/ament_index/resource_index/rclcpp_components/examples_rclcpp_wait_set
-- Symlinking: /home/rinna/ros2_ws/install/examples_rclcpp_wait_set/share/examples_rclcpp_wait_set/cmake/examples_rclcpp_wait_setConfig.cmake
-- Symlinking: /home/rinna/ros2_ws/install/examples_rclcpp_wait_set/share/examples_rclcpp_wait_set/cmake/examples_rclcpp_wait_setConfig-version.cmake
-- Symlinking: /home/rinna/ros2_ws/install/examples_rclcpp_wait_set/share/examples_rclcpp_wait_set/package.xml
