[2.500s] Invoking command in '/home/rinna/ros2_ws/build/examples_rclpy_minimal_client': PYTHONPATH=/home/rinna/ros2_ws/build/examples_rclpy_minimal_client/prefix_override:/usr/lib/python3/dist-packages/colcon_core/task/python/colcon_distutils_commands:/home/rinna/ros2_ws/install/examples_rclpy_minimal_client/lib/python3.10/site-packages:${PYTHONPATH} /usr/bin/python3 -W ignore:setup.py install is deprecated -W ignore:easy_install command is deprecated setup.py develop --uninstall --editable --build-directory /home/rinna/ros2_ws/build/examples_rclpy_minimal_client/build
[2.850s] running develop
[3.094s] Removing /home/rinna/ros2_ws/install/examples_rclpy_minimal_client/lib/python3.10/site-packages/examples-rclpy-minimal-client.egg-link (link to .)
[3.161s] Invoked command in '/home/rinna/ros2_ws/build/examples_rclpy_minimal_client' returned '0': PYTHONPATH=/home/rinna/ros2_ws/build/examples_rclpy_minimal_client/prefix_override:/usr/lib/python3/dist-packages/colcon_core/task/python/colcon_distutils_commands:/home/rinna/ros2_ws/install/examples_rclpy_minimal_client/lib/python3.10/site-packages:${PYTHONPATH} /usr/bin/python3 -W ignore:setup.py install is deprecated -W ignore:easy_install command is deprecated setup.py develop --uninstall --editable --build-directory /home/rinna/ros2_ws/build/examples_rclpy_minimal_client/build
[3.164s] Invoking command in '/home/rinna/ros2_ws/src/examples/rclpy/services/minimal_client': PYTHONPATH=/home/rinna/ros2_ws/build/examples_rclpy_minimal_client/prefix_override:/usr/lib/python3/dist-packages/colcon_core/task/python/colcon_distutils_commands:/home/rinna/ros2_ws/install/examples_rclpy_minimal_client/lib/python3.10/site-packages:${PYTHONPATH} /usr/bin/python3 -W ignore:setup.py install is deprecated -W ignore:easy_install command is deprecated setup.py egg_info --egg-base ../../../../../build/examples_rclpy_minimal_client build --build-base /home/rinna/ros2_ws/build/examples_rclpy_minimal_client/build install --record /home/rinna/ros2_ws/build/examples_rclpy_minimal_client/install.log --single-version-externally-managed install_data --force
[3.466s] running egg_info
[3.467s] writing ../../../../../build/examples_rclpy_minimal_client/examples_rclpy_minimal_client.egg-info/PKG-INFO
[3.468s] writing dependency_links to ../../../../../build/examples_rclpy_minimal_client/examples_rclpy_minimal_client.egg-info/dependency_links.txt
[3.468s] writing entry points to ../../../../../build/examples_rclpy_minimal_client/examples_rclpy_minimal_client.egg-info/entry_points.txt
[3.468s] writing requirements to ../../../../../build/examples_rclpy_minimal_client/examples_rclpy_minimal_client.egg-info/requires.txt
[3.468s] writing top-level names to ../../../../../build/examples_rclpy_minimal_client/examples_rclpy_minimal_client.egg-info/top_level.txt
[3.471s] reading manifest file '../../../../../build/examples_rclpy_minimal_client/examples_rclpy_minimal_client.egg-info/SOURCES.txt'
[3.473s] writing manifest file '../../../../../build/examples_rclpy_minimal_client/examples_rclpy_minimal_client.egg-info/SOURCES.txt'
[3.473s] running build
[3.473s] running build_py
[3.475s] creating /home/rinna/ros2_ws/build/examples_rclpy_minimal_client/build
[3.475s] creating /home/rinna/ros2_ws/build/examples_rclpy_minimal_client/build/lib
[3.476s] creating /home/rinna/ros2_ws/build/examples_rclpy_minimal_client/build/lib/examples_rclpy_minimal_client
[3.477s] copying examples_rclpy_minimal_client/__init__.py -> /home/rinna/ros2_ws/build/examples_rclpy_minimal_client/build/lib/examples_rclpy_minimal_client
[3.477s] copying examples_rclpy_minimal_client/client_async_member_function.py -> /home/rinna/ros2_ws/build/examples_rclpy_minimal_client/build/lib/examples_rclpy_minimal_client
[3.477s] copying examples_rclpy_minimal_client/client_async_callback.py -> /home/rinna/ros2_ws/build/examples_rclpy_minimal_client/build/lib/examples_rclpy_minimal_client
[3.478s] copying examples_rclpy_minimal_client/client.py -> /home/rinna/ros2_ws/build/examples_rclpy_minimal_client/build/lib/examples_rclpy_minimal_client
[3.478s] copying examples_rclpy_minimal_client/client_async.py -> /home/rinna/ros2_ws/build/examples_rclpy_minimal_client/build/lib/examples_rclpy_minimal_client
[3.479s] running install
[3.479s] running install_lib
[3.479s] creating /home/rinna/ros2_ws/install/examples_rclpy_minimal_client/lib/python3.10/site-packages/examples_rclpy_minimal_client
[3.480s] copying /home/rinna/ros2_ws/build/examples_rclpy_minimal_client/build/lib/examples_rclpy_minimal_client/__init__.py -> /home/rinna/ros2_ws/install/examples_rclpy_minimal_client/lib/python3.10/site-packages/examples_rclpy_minimal_client
[3.481s] copying /home/rinna/ros2_ws/build/examples_rclpy_minimal_client/build/lib/examples_rclpy_minimal_client/client_async_member_function.py -> /home/rinna/ros2_ws/install/examples_rclpy_minimal_client/lib/python3.10/site-packages/examples_rclpy_minimal_client
[3.481s] copying /home/rinna/ros2_ws/build/examples_rclpy_minimal_client/build/lib/examples_rclpy_minimal_client/client_async_callback.py -> /home/rinna/ros2_ws/install/examples_rclpy_minimal_client/lib/python3.10/site-packages/examples_rclpy_minimal_client
[3.481s] copying /home/rinna/ros2_ws/build/examples_rclpy_minimal_client/build/lib/examples_rclpy_minimal_client/client.py -> /home/rinna/ros2_ws/install/examples_rclpy_minimal_client/lib/python3.10/site-packages/examples_rclpy_minimal_client
[3.482s] copying /home/rinna/ros2_ws/build/examples_rclpy_minimal_client/build/lib/examples_rclpy_minimal_client/client_async.py -> /home/rinna/ros2_ws/install/examples_rclpy_minimal_client/lib/python3.10/site-packages/examples_rclpy_minimal_client
[3.483s] byte-compiling /home/rinna/ros2_ws/install/examples_rclpy_minimal_client/lib/python3.10/site-packages/examples_rclpy_minimal_client/__init__.py to __init__.cpython-310.pyc
[3.484s] byte-compiling /home/rinna/ros2_ws/install/examples_rclpy_minimal_client/lib/python3.10/site-packages/examples_rclpy_minimal_client/client_async_member_function.py to client_async_member_function.cpython-310.pyc
[3.486s] byte-compiling /home/rinna/ros2_ws/install/examples_rclpy_minimal_client/lib/python3.10/site-packages/examples_rclpy_minimal_client/client_async_callback.py to client_async_callback.cpython-310.pyc
[3.486s] byte-compiling /home/rinna/ros2_ws/install/examples_rclpy_minimal_client/lib/python3.10/site-packages/examples_rclpy_minimal_client/client.py to client.cpython-310.pyc
[3.486s] byte-compiling /home/rinna/ros2_ws/install/examples_rclpy_minimal_client/lib/python3.10/site-packages/examples_rclpy_minimal_client/client_async.py to client_async.cpython-310.pyc
[3.487s] running install_data
[3.487s] copying resource/examples_rclpy_minimal_client -> /home/rinna/ros2_ws/install/examples_rclpy_minimal_client/share/ament_index/resource_index/packages
[3.487s] copying package.xml -> /home/rinna/ros2_ws/install/examples_rclpy_minimal_client/share/examples_rclpy_minimal_client
[3.487s] running install_egg_info
[3.492s] Copying ../../../../../build/examples_rclpy_minimal_client/examples_rclpy_minimal_client.egg-info to /home/rinna/ros2_ws/install/examples_rclpy_minimal_client/lib/python3.10/site-packages/examples_rclpy_minimal_client-0.15.4-py3.10.egg-info
[3.494s] running install_scripts
[3.526s] Installing client script to /home/rinna/ros2_ws/install/examples_rclpy_minimal_client/lib/examples_rclpy_minimal_client
[3.526s] Installing client_async script to /home/rinna/ros2_ws/install/examples_rclpy_minimal_client/lib/examples_rclpy_minimal_client
[3.527s] Installing client_async_callback script to /home/rinna/ros2_ws/install/examples_rclpy_minimal_client/lib/examples_rclpy_minimal_client
[3.527s] Installing client_async_member_function script to /home/rinna/ros2_ws/install/examples_rclpy_minimal_client/lib/examples_rclpy_minimal_client
[3.527s] writing list of installed files to '/home/rinna/ros2_ws/build/examples_rclpy_minimal_client/install.log'
[3.590s] Invoked command in '/home/rinna/ros2_ws/src/examples/rclpy/services/minimal_client' returned '0': PYTHONPATH=/home/rinna/ros2_ws/build/examples_rclpy_minimal_client/prefix_override:/usr/lib/python3/dist-packages/colcon_core/task/python/colcon_distutils_commands:/home/rinna/ros2_ws/install/examples_rclpy_minimal_client/lib/python3.10/site-packages:${PYTHONPATH} /usr/bin/python3 -W ignore:setup.py install is deprecated -W ignore:easy_install command is deprecated setup.py egg_info --egg-base ../../../../../build/examples_rclpy_minimal_client build --build-base /home/rinna/ros2_ws/build/examples_rclpy_minimal_client/build install --record /home/rinna/ros2_ws/build/examples_rclpy_minimal_client/install.log --single-version-externally-managed install_data --force
