[2.871s] Invoking command in '/home/rinna/ros2_ws/build/examples_rclpy_executors': PYTHONPATH=/home/rinna/ros2_ws/build/examples_rclpy_executors/prefix_override:/usr/lib/python3/dist-packages/colcon_core/task/python/colcon_distutils_commands:/home/rinna/ros2_ws/install/examples_rclpy_executors/lib/python3.10/site-packages:${PYTHONPATH} /usr/bin/python3 -W ignore:setup.py install is deprecated -W ignore:easy_install command is deprecated setup.py develop --editable --build-directory /home/rinna/ros2_ws/build/examples_rclpy_executors/build --no-deps symlink_data
[5.062s] running develop
[5.064s] running egg_info
[5.064s] creating examples_rclpy_executors.egg-info
[5.064s] writing examples_rclpy_executors.egg-info/PKG-INFO
[5.064s] writing dependency_links to examples_rclpy_executors.egg-info/dependency_links.txt
[5.065s] writing entry points to examples_rclpy_executors.egg-info/entry_points.txt
[5.065s] writing requirements to examples_rclpy_executors.egg-info/requires.txt
[5.065s] writing top-level names to examples_rclpy_executors.egg-info/top_level.txt
[5.065s] writing manifest file 'examples_rclpy_executors.egg-info/SOURCES.txt'
[5.066s] reading manifest file 'examples_rclpy_executors.egg-info/SOURCES.txt'
[5.066s] writing manifest file 'examples_rclpy_executors.egg-info/SOURCES.txt'
[5.066s] running build_ext
[5.066s] Creating /home/rinna/ros2_ws/install/examples_rclpy_executors/lib/python3.10/site-packages/examples-rclpy-executors.egg-link (link to .)
[5.066s] Installing callback_group script to /home/rinna/ros2_ws/install/examples_rclpy_executors/lib/examples_rclpy_executors
[5.066s] Installing composed script to /home/rinna/ros2_ws/install/examples_rclpy_executors/lib/examples_rclpy_executors
[5.067s] Installing custom_callback_group script to /home/rinna/ros2_ws/install/examples_rclpy_executors/lib/examples_rclpy_executors
[5.067s] Installing custom_executor script to /home/rinna/ros2_ws/install/examples_rclpy_executors/lib/examples_rclpy_executors
[5.067s] Installing listener script to /home/rinna/ros2_ws/install/examples_rclpy_executors/lib/examples_rclpy_executors
[5.067s] Installing talker script to /home/rinna/ros2_ws/install/examples_rclpy_executors/lib/examples_rclpy_executors
[5.067s] 
[5.068s] Installed /home/rinna/ros2_ws/build/examples_rclpy_executors
[5.068s] running symlink_data
[5.068s] creating /home/rinna/ros2_ws/install/examples_rclpy_executors/share/ament_index
[5.068s] creating /home/rinna/ros2_ws/install/examples_rclpy_executors/share/ament_index/resource_index
[5.069s] creating /home/rinna/ros2_ws/install/examples_rclpy_executors/share/ament_index/resource_index/packages
[5.069s] symbolically linking /home/rinna/ros2_ws/build/examples_rclpy_executors/resource/examples_rclpy_executors -> /home/rinna/ros2_ws/install/examples_rclpy_executors/share/ament_index/resource_index/packages
[5.070s] symbolically linking /home/rinna/ros2_ws/build/examples_rclpy_executors/package.xml -> /home/rinna/ros2_ws/install/examples_rclpy_executors/share/examples_rclpy_executors
[5.091s] Invoked command in '/home/rinna/ros2_ws/build/examples_rclpy_executors' returned '0': PYTHONPATH=/home/rinna/ros2_ws/build/examples_rclpy_executors/prefix_override:/usr/lib/python3/dist-packages/colcon_core/task/python/colcon_distutils_commands:/home/rinna/ros2_ws/install/examples_rclpy_executors/lib/python3.10/site-packages:${PYTHONPATH} /usr/bin/python3 -W ignore:setup.py install is deprecated -W ignore:easy_install command is deprecated setup.py develop --editable --build-directory /home/rinna/ros2_ws/build/examples_rclpy_executors/build --no-deps symlink_data
