[2.476s] Invoking command in '/home/rinna/ros2_ws/build/examples_rclpy_minimal_service': PYTHONPATH=/home/rinna/ros2_ws/build/examples_rclpy_minimal_service/prefix_override:/usr/lib/python3/dist-packages/colcon_core/task/python/colcon_distutils_commands:/home/rinna/ros2_ws/install/examples_rclpy_minimal_service/lib/python3.10/site-packages:${PYTHONPATH} /usr/bin/python3 -W ignore:setup.py install is deprecated -W ignore:easy_install command is deprecated setup.py develop --uninstall --editable --build-directory /home/rinna/ros2_ws/build/examples_rclpy_minimal_service/build
[2.828s] running develop
[3.067s] Removing /home/rinna/ros2_ws/install/examples_rclpy_minimal_service/lib/python3.10/site-packages/examples-rclpy-minimal-service.egg-link (link to .)
[3.142s] Invoked command in '/home/rinna/ros2_ws/build/examples_rclpy_minimal_service' returned '0': PYTHONPATH=/home/rinna/ros2_ws/build/examples_rclpy_minimal_service/prefix_override:/usr/lib/python3/dist-packages/colcon_core/task/python/colcon_distutils_commands:/home/rinna/ros2_ws/install/examples_rclpy_minimal_service/lib/python3.10/site-packages:${PYTHONPATH} /usr/bin/python3 -W ignore:setup.py install is deprecated -W ignore:easy_install command is deprecated setup.py develop --uninstall --editable --build-directory /home/rinna/ros2_ws/build/examples_rclpy_minimal_service/build
[3.145s] Invoking command in '/home/rinna/ros2_ws/src/examples/rclpy/services/minimal_service': PYTHONPATH=/home/rinna/ros2_ws/build/examples_rclpy_minimal_service/prefix_override:/usr/lib/python3/dist-packages/colcon_core/task/python/colcon_distutils_commands:/home/rinna/ros2_ws/install/examples_rclpy_minimal_service/lib/python3.10/site-packages:${PYTHONPATH} /usr/bin/python3 -W ignore:setup.py install is deprecated -W ignore:easy_install command is deprecated setup.py egg_info --egg-base ../../../../../build/examples_rclpy_minimal_service build --build-base /home/rinna/ros2_ws/build/examples_rclpy_minimal_service/build install --record /home/rinna/ros2_ws/build/examples_rclpy_minimal_service/install.log --single-version-externally-managed install_data --force
[3.446s] running egg_info
[3.447s] writing ../../../../../build/examples_rclpy_minimal_service/examples_rclpy_minimal_service.egg-info/PKG-INFO
[3.447s] writing dependency_links to ../../../../../build/examples_rclpy_minimal_service/examples_rclpy_minimal_service.egg-info/dependency_links.txt
[3.447s] writing entry points to ../../../../../build/examples_rclpy_minimal_service/examples_rclpy_minimal_service.egg-info/entry_points.txt
[3.448s] writing requirements to ../../../../../build/examples_rclpy_minimal_service/examples_rclpy_minimal_service.egg-info/requires.txt
[3.448s] writing top-level names to ../../../../../build/examples_rclpy_minimal_service/examples_rclpy_minimal_service.egg-info/top_level.txt
[3.450s] reading manifest file '../../../../../build/examples_rclpy_minimal_service/examples_rclpy_minimal_service.egg-info/SOURCES.txt'
[3.453s] writing manifest file '../../../../../build/examples_rclpy_minimal_service/examples_rclpy_minimal_service.egg-info/SOURCES.txt'
[3.453s] running build
[3.453s] running build_py
[3.453s] creating /home/rinna/ros2_ws/build/examples_rclpy_minimal_service/build
[3.453s] creating /home/rinna/ros2_ws/build/examples_rclpy_minimal_service/build/lib
[3.454s] creating /home/rinna/ros2_ws/build/examples_rclpy_minimal_service/build/lib/examples_rclpy_minimal_service
[3.455s] copying examples_rclpy_minimal_service/__init__.py -> /home/rinna/ros2_ws/build/examples_rclpy_minimal_service/build/lib/examples_rclpy_minimal_service
[3.455s] copying examples_rclpy_minimal_service/service_member_function.py -> /home/rinna/ros2_ws/build/examples_rclpy_minimal_service/build/lib/examples_rclpy_minimal_service
[3.456s] copying examples_rclpy_minimal_service/service.py -> /home/rinna/ros2_ws/build/examples_rclpy_minimal_service/build/lib/examples_rclpy_minimal_service
[3.456s] running install
[3.456s] running install_lib
[3.457s] creating /home/rinna/ros2_ws/install/examples_rclpy_minimal_service/lib/python3.10/site-packages/examples_rclpy_minimal_service
[3.458s] copying /home/rinna/ros2_ws/build/examples_rclpy_minimal_service/build/lib/examples_rclpy_minimal_service/__init__.py -> /home/rinna/ros2_ws/install/examples_rclpy_minimal_service/lib/python3.10/site-packages/examples_rclpy_minimal_service
[3.460s] copying /home/rinna/ros2_ws/build/examples_rclpy_minimal_service/build/lib/examples_rclpy_minimal_service/service_member_function.py -> /home/rinna/ros2_ws/install/examples_rclpy_minimal_service/lib/python3.10/site-packages/examples_rclpy_minimal_service
[3.460s] copying /home/rinna/ros2_ws/build/examples_rclpy_minimal_service/build/lib/examples_rclpy_minimal_service/service.py -> /home/rinna/ros2_ws/install/examples_rclpy_minimal_service/lib/python3.10/site-packages/examples_rclpy_minimal_service
[3.460s] byte-compiling /home/rinna/ros2_ws/install/examples_rclpy_minimal_service/lib/python3.10/site-packages/examples_rclpy_minimal_service/__init__.py to __init__.cpython-310.pyc
[3.462s] byte-compiling /home/rinna/ros2_ws/install/examples_rclpy_minimal_service/lib/python3.10/site-packages/examples_rclpy_minimal_service/service_member_function.py to service_member_function.cpython-310.pyc
[3.463s] byte-compiling /home/rinna/ros2_ws/install/examples_rclpy_minimal_service/lib/python3.10/site-packages/examples_rclpy_minimal_service/service.py to service.cpython-310.pyc
[3.463s] running install_data
[3.463s] copying resource/examples_rclpy_minimal_service -> /home/rinna/ros2_ws/install/examples_rclpy_minimal_service/share/ament_index/resource_index/packages
[3.464s] copying package.xml -> /home/rinna/ros2_ws/install/examples_rclpy_minimal_service/share/examples_rclpy_minimal_service
[3.465s] running install_egg_info
[3.469s] Copying ../../../../../build/examples_rclpy_minimal_service/examples_rclpy_minimal_service.egg-info to /home/rinna/ros2_ws/install/examples_rclpy_minimal_service/lib/python3.10/site-packages/examples_rclpy_minimal_service-0.15.4-py3.10.egg-info
[3.472s] running install_scripts
[3.499s] Installing service script to /home/rinna/ros2_ws/install/examples_rclpy_minimal_service/lib/examples_rclpy_minimal_service
[3.499s] Installing service_member_function script to /home/rinna/ros2_ws/install/examples_rclpy_minimal_service/lib/examples_rclpy_minimal_service
[3.500s] writing list of installed files to '/home/rinna/ros2_ws/build/examples_rclpy_minimal_service/install.log'
[3.557s] Invoked command in '/home/rinna/ros2_ws/src/examples/rclpy/services/minimal_service' returned '0': PYTHONPATH=/home/rinna/ros2_ws/build/examples_rclpy_minimal_service/prefix_override:/usr/lib/python3/dist-packages/colcon_core/task/python/colcon_distutils_commands:/home/rinna/ros2_ws/install/examples_rclpy_minimal_service/lib/python3.10/site-packages:${PYTHONPATH} /usr/bin/python3 -W ignore:setup.py install is deprecated -W ignore:easy_install command is deprecated setup.py egg_info --egg-base ../../../../../build/examples_rclpy_minimal_service build --build-base /home/rinna/ros2_ws/build/examples_rclpy_minimal_service/build install --record /home/rinna/ros2_ws/build/examples_rclpy_minimal_service/install.log --single-version-externally-managed install_data --force
