[2.028s] Invoking command in '/home/rinna/ros2_ws/build/my_package': CMAKE_PREFIX_PATH=${CMAKE_PREFIX_PATH}:/home/rinna/ros2_ws/install/launch_testing_examples:/home/rinna/ros2_ws/install/examples_rclpy_pointcloud_publisher:/home/rinna/ros2_ws/install/examples_rclpy_minimal_subscriber:/home/rinna/ros2_ws/install/examples_rclpy_minimal_service:/home/rinna/ros2_ws/install/examples_rclpy_minimal_publisher:/home/rinna/ros2_ws/install/examples_rclpy_minimal_client:/home/rinna/ros2_ws/install/examples_rclpy_minimal_action_server:/home/rinna/ros2_ws/install/examples_rclpy_minimal_action_client:/home/rinna/ros2_ws/install/examples_rclpy_guard_conditions:/home/rinna/ros2_ws/install/examples_rclpy_executors:/opt/ros/humble /usr/bin/cmake --build /home/rinna/ros2_ws/build/my_package -- -j16 -l16
[2.132s] [35m[1mConsolidate compiler generated dependencies of target my_node[0m
[2.153s] [100%] Built target my_node
[2.213s] Invoked command in '/home/rinna/ros2_ws/build/my_package' returned '0': CMAKE_PREFIX_PATH=${CMAKE_PREFIX_PATH}:/home/rinna/ros2_ws/install/launch_testing_examples:/home/rinna/ros2_ws/install/examples_rclpy_pointcloud_publisher:/home/rinna/ros2_ws/install/examples_rclpy_minimal_subscriber:/home/rinna/ros2_ws/install/examples_rclpy_minimal_service:/home/rinna/ros2_ws/install/examples_rclpy_minimal_publisher:/home/rinna/ros2_ws/install/examples_rclpy_minimal_client:/home/rinna/ros2_ws/install/examples_rclpy_minimal_action_server:/home/rinna/ros2_ws/install/examples_rclpy_minimal_action_client:/home/rinna/ros2_ws/install/examples_rclpy_guard_conditions:/home/rinna/ros2_ws/install/examples_rclpy_executors:/opt/ros/humble /usr/bin/cmake --build /home/rinna/ros2_ws/build/my_package -- -j16 -l16
[2.238s] Invoking command in '/home/rinna/ros2_ws/build/my_package': CMAKE_PREFIX_PATH=${CMAKE_PREFIX_PATH}:/home/rinna/ros2_ws/install/launch_testing_examples:/home/rinna/ros2_ws/install/examples_rclpy_pointcloud_publisher:/home/rinna/ros2_ws/install/examples_rclpy_minimal_subscriber:/home/rinna/ros2_ws/install/examples_rclpy_minimal_service:/home/rinna/ros2_ws/install/examples_rclpy_minimal_publisher:/home/rinna/ros2_ws/install/examples_rclpy_minimal_client:/home/rinna/ros2_ws/install/examples_rclpy_minimal_action_server:/home/rinna/ros2_ws/install/examples_rclpy_minimal_action_client:/home/rinna/ros2_ws/install/examples_rclpy_guard_conditions:/home/rinna/ros2_ws/install/examples_rclpy_executors:/opt/ros/humble /usr/bin/cmake --install /home/rinna/ros2_ws/build/my_package
[2.262s] -- Install configuration: ""
[2.265s] -- Up-to-date: /home/rinna/ros2_ws/install/my_package/lib/my_package/my_node
[2.265s] -- Up-to-date: /home/rinna/ros2_ws/install/my_package/share/ament_index/resource_index/package_run_dependencies/my_package
[2.265s] -- Up-to-date: /home/rinna/ros2_ws/install/my_package/share/ament_index/resource_index/parent_prefix_path/my_package
[2.265s] -- Up-to-date: /home/rinna/ros2_ws/install/my_package/share/my_package/environment/ament_prefix_path.sh
[2.265s] -- Up-to-date: /home/rinna/ros2_ws/install/my_package/share/my_package/environment/ament_prefix_path.dsv
[2.265s] -- Up-to-date: /home/rinna/ros2_ws/install/my_package/share/my_package/environment/path.sh
[2.266s] -- Up-to-date: /home/rinna/ros2_ws/install/my_package/share/my_package/environment/path.dsv
[2.266s] -- Up-to-date: /home/rinna/ros2_ws/install/my_package/share/my_package/local_setup.bash
[2.266s] -- Up-to-date: /home/rinna/ros2_ws/install/my_package/share/my_package/local_setup.sh
[2.266s] -- Up-to-date: /home/rinna/ros2_ws/install/my_package/share/my_package/local_setup.zsh
[2.266s] -- Up-to-date: /home/rinna/ros2_ws/install/my_package/share/my_package/local_setup.dsv
[2.266s] -- Up-to-date: /home/rinna/ros2_ws/install/my_package/share/my_package/package.dsv
[2.266s] -- Up-to-date: /home/rinna/ros2_ws/install/my_package/share/ament_index/resource_index/packages/my_package
[2.266s] -- Up-to-date: /home/rinna/ros2_ws/install/my_package/share/my_package/cmake/my_packageConfig.cmake
[2.266s] -- Up-to-date: /home/rinna/ros2_ws/install/my_package/share/my_package/cmake/my_packageConfig-version.cmake
[2.266s] -- Up-to-date: /home/rinna/ros2_ws/install/my_package/share/my_package/package.xml
[2.268s] Invoked command in '/home/rinna/ros2_ws/build/my_package' returned '0': CMAKE_PREFIX_PATH=${CMAKE_PREFIX_PATH}:/home/rinna/ros2_ws/install/launch_testing_examples:/home/rinna/ros2_ws/install/examples_rclpy_pointcloud_publisher:/home/rinna/ros2_ws/install/examples_rclpy_minimal_subscriber:/home/rinna/ros2_ws/install/examples_rclpy_minimal_service:/home/rinna/ros2_ws/install/examples_rclpy_minimal_publisher:/home/rinna/ros2_ws/install/examples_rclpy_minimal_client:/home/rinna/ros2_ws/install/examples_rclpy_minimal_action_server:/home/rinna/ros2_ws/install/examples_rclpy_minimal_action_client:/home/rinna/ros2_ws/install/examples_rclpy_guard_conditions:/home/rinna/ros2_ws/install/examples_rclpy_executors:/opt/ros/humble /usr/bin/cmake --install /home/rinna/ros2_ws/build/my_package
