[0.180s] Invoking command in '/home/rinna/ros2_ws/build/examples_rclcpp_wait_set': CMAKE_PREFIX_PATH=${CMAKE_PREFIX_PATH}:/home/rinna/ros2_ws/install/launch_testing_examples:/home/rinna/ros2_ws/install/examples_rclpy_pointcloud_publisher:/home/rinna/ros2_ws/install/examples_rclpy_minimal_subscriber:/home/rinna/ros2_ws/install/examples_rclpy_minimal_service:/home/rinna/ros2_ws/install/examples_rclpy_minimal_publisher:/home/rinna/ros2_ws/install/examples_rclpy_minimal_client:/home/rinna/ros2_ws/install/examples_rclpy_minimal_action_server:/home/rinna/ros2_ws/install/examples_rclpy_minimal_action_client:/home/rinna/ros2_ws/install/examples_rclpy_guard_conditions:/home/rinna/ros2_ws/install/examples_rclpy_executors:/opt/ros/humble /usr/bin/cmake --build /home/rinna/ros2_ws/build/examples_rclcpp_wait_set -- -j16 -l16
[1.509s] [ 16%] Built target talker
[1.509s] [ 16%] Built target listener
[1.509s] [ 25%] Built target wait_set_talker
[1.509s] [ 33%] Built target wait_set_listener
[1.509s] [ 45%] Built target wait_set
[1.510s] [ 50%] Built target static_wait_set
[1.510s] [ 58%] Built target thread_safe_wait_set
[1.510s] [ 66%] Built target wait_set_topics_with_different_rates
[1.510s] [ 75%] Built target wait_set_topics_and_timer
[1.510s] [ 83%] Built target wait_set_random_order
[1.510s] [ 91%] Built target executor_random_order
[1.510s] [100%] Built target wait_set_composed
[1.602s] Invoked command in '/home/rinna/ros2_ws/build/examples_rclcpp_wait_set' returned '0': CMAKE_PREFIX_PATH=${CMAKE_PREFIX_PATH}:/home/rinna/ros2_ws/install/launch_testing_examples:/home/rinna/ros2_ws/install/examples_rclpy_pointcloud_publisher:/home/rinna/ros2_ws/install/examples_rclpy_minimal_subscriber:/home/rinna/ros2_ws/install/examples_rclpy_minimal_service:/home/rinna/ros2_ws/install/examples_rclpy_minimal_publisher:/home/rinna/ros2_ws/install/examples_rclpy_minimal_client:/home/rinna/ros2_ws/install/examples_rclpy_minimal_action_server:/home/rinna/ros2_ws/install/examples_rclpy_minimal_action_client:/home/rinna/ros2_ws/install/examples_rclpy_guard_conditions:/home/rinna/ros2_ws/install/examples_rclpy_executors:/opt/ros/humble /usr/bin/cmake --build /home/rinna/ros2_ws/build/examples_rclcpp_wait_set -- -j16 -l16
[1.608s] Invoking command in '/home/rinna/ros2_ws/build/examples_rclcpp_wait_set': CMAKE_PREFIX_PATH=${CMAKE_PREFIX_PATH}:/home/rinna/ros2_ws/install/launch_testing_examples:/home/rinna/ros2_ws/install/examples_rclpy_pointcloud_publisher:/home/rinna/ros2_ws/install/examples_rclpy_minimal_subscriber:/home/rinna/ros2_ws/install/examples_rclpy_minimal_service:/home/rinna/ros2_ws/install/examples_rclpy_minimal_publisher:/home/rinna/ros2_ws/install/examples_rclpy_minimal_client:/home/rinna/ros2_ws/install/examples_rclpy_minimal_action_server:/home/rinna/ros2_ws/install/examples_rclpy_minimal_action_client:/home/rinna/ros2_ws/install/examples_rclpy_guard_conditions:/home/rinna/ros2_ws/install/examples_rclpy_executors:/opt/ros/humble /usr/bin/cmake --install /home/rinna/ros2_ws/build/examples_rclcpp_wait_set
[1.684s] -- Install configuration: ""
[1.684s] -- Execute custom install script
[1.684s] -- Up-to-date symlink: /home/rinna/ros2_ws/install/examples_rclcpp_wait_set/lib/examples_rclcpp_wait_set/wait_set_talker
[1.685s] -- Up-to-date symlink: /home/rinna/ros2_ws/install/examples_rclcpp_wait_set/lib/examples_rclcpp_wait_set/wait_set_listener
[1.685s] -- Up-to-date symlink: /home/rinna/ros2_ws/install/examples_rclcpp_wait_set/lib/libtalker.so
[1.685s] -- Up-to-date symlink: /home/rinna/ros2_ws/install/examples_rclcpp_wait_set/lib/liblistener.so
[1.685s] -- Up-to-date symlink: /home/rinna/ros2_ws/install/examples_rclcpp_wait_set/lib/examples_rclcpp_wait_set/wait_set
[1.685s] -- Up-to-date symlink: /home/rinna/ros2_ws/install/examples_rclcpp_wait_set/lib/examples_rclcpp_wait_set/static_wait_set
[1.685s] -- Up-to-date symlink: /home/rinna/ros2_ws/install/examples_rclcpp_wait_set/lib/examples_rclcpp_wait_set/thread_safe_wait_set
[1.685s] -- Up-to-date symlink: /home/rinna/ros2_ws/install/examples_rclcpp_wait_set/lib/examples_rclcpp_wait_set/wait_set_topics_and_timer
[1.686s] -- Up-to-date symlink: /home/rinna/ros2_ws/install/examples_rclcpp_wait_set/lib/examples_rclcpp_wait_set/wait_set_random_order
[1.686s] -- Up-to-date symlink: /home/rinna/ros2_ws/install/examples_rclcpp_wait_set/lib/examples_rclcpp_wait_set/executor_random_order
[1.686s] -- Up-to-date symlink: /home/rinna/ros2_ws/install/examples_rclcpp_wait_set/lib/examples_rclcpp_wait_set/wait_set_topics_with_different_rates
[1.687s] -- Up-to-date symlink: /home/rinna/ros2_ws/install/examples_rclcpp_wait_set/lib/examples_rclcpp_wait_set/wait_set_composed
[1.687s] -- Up-to-date symlink: /home/rinna/ros2_ws/install/examples_rclcpp_wait_set/share/ament_index/resource_index/package_run_dependencies/examples_rclcpp_wait_set
[1.687s] -- Up-to-date symlink: /home/rinna/ros2_ws/install/examples_rclcpp_wait_set/share/ament_index/resource_index/parent_prefix_path/examples_rclcpp_wait_set
[1.687s] -- Up-to-date symlink: /home/rinna/ros2_ws/install/examples_rclcpp_wait_set/share/examples_rclcpp_wait_set/environment/ament_prefix_path.sh
[1.687s] -- Up-to-date symlink: /home/rinna/ros2_ws/install/examples_rclcpp_wait_set/share/examples_rclcpp_wait_set/environment/ament_prefix_path.dsv
[1.688s] -- Up-to-date symlink: /home/rinna/ros2_ws/install/examples_rclcpp_wait_set/share/examples_rclcpp_wait_set/environment/path.sh
[1.688s] -- Up-to-date symlink: /home/rinna/ros2_ws/install/examples_rclcpp_wait_set/share/examples_rclcpp_wait_set/environment/path.dsv
[1.688s] -- Up-to-date symlink: /home/rinna/ros2_ws/install/examples_rclcpp_wait_set/share/examples_rclcpp_wait_set/local_setup.bash
[1.688s] -- Up-to-date symlink: /home/rinna/ros2_ws/install/examples_rclcpp_wait_set/share/examples_rclcpp_wait_set/local_setup.sh
[1.688s] -- Up-to-date symlink: /home/rinna/ros2_ws/install/examples_rclcpp_wait_set/share/examples_rclcpp_wait_set/local_setup.zsh
[1.688s] -- Up-to-date symlink: /home/rinna/ros2_ws/install/examples_rclcpp_wait_set/share/examples_rclcpp_wait_set/local_setup.dsv
[1.688s] -- Symlinking: /home/rinna/ros2_ws/install/examples_rclcpp_wait_set/share/examples_rclcpp_wait_set/package.dsv
[1.691s] -- Up-to-date symlink: /home/rinna/ros2_ws/install/examples_rclcpp_wait_set/share/ament_index/resource_index/packages/examples_rclcpp_wait_set
[1.691s] -- Up-to-date symlink: /home/rinna/ros2_ws/install/examples_rclcpp_wait_set/share/ament_index/resource_index/rclcpp_components/examples_rclcpp_wait_set
[1.692s] -- Up-to-date symlink: /home/rinna/ros2_ws/install/examples_rclcpp_wait_set/share/examples_rclcpp_wait_set/cmake/examples_rclcpp_wait_setConfig.cmake
[1.692s] -- Up-to-date symlink: /home/rinna/ros2_ws/install/examples_rclcpp_wait_set/share/examples_rclcpp_wait_set/cmake/examples_rclcpp_wait_setConfig-version.cmake
[1.692s] -- Up-to-date symlink: /home/rinna/ros2_ws/install/examples_rclcpp_wait_set/share/examples_rclcpp_wait_set/package.xml
[1.966s] Invoked command in '/home/rinna/ros2_ws/build/examples_rclcpp_wait_set' returned '0': CMAKE_PREFIX_PATH=${CMAKE_PREFIX_PATH}:/home/rinna/ros2_ws/install/launch_testing_examples:/home/rinna/ros2_ws/install/examples_rclpy_pointcloud_publisher:/home/rinna/ros2_ws/install/examples_rclpy_minimal_subscriber:/home/rinna/ros2_ws/install/examples_rclpy_minimal_service:/home/rinna/ros2_ws/install/examples_rclpy_minimal_publisher:/home/rinna/ros2_ws/install/examples_rclpy_minimal_client:/home/rinna/ros2_ws/install/examples_rclpy_minimal_action_server:/home/rinna/ros2_ws/install/examples_rclpy_minimal_action_client:/home/rinna/ros2_ws/install/examples_rclpy_guard_conditions:/home/rinna/ros2_ws/install/examples_rclpy_executors:/opt/ros/humble /usr/bin/cmake --install /home/rinna/ros2_ws/build/examples_rclcpp_wait_set
