[7.106s] Invoking command in '/home/rinna/ros2_ws/build/examples_rclpy_minimal_service': PYTHONPATH=/home/rinna/ros2_ws/build/examples_rclpy_minimal_service/prefix_override:/usr/lib/python3/dist-packages/colcon_core/task/python/colcon_distutils_commands:/home/rinna/ros2_ws/install/examples_rclpy_minimal_service/lib/python3.10/site-packages:${PYTHONPATH} /usr/bin/python3 -W ignore:setup.py install is deprecated -W ignore:easy_install command is deprecated setup.py develop --editable --build-directory /home/rinna/ros2_ws/build/examples_rclpy_minimal_service/build --no-deps symlink_data
[112.338s] running develop
[112.339s] running egg_info
[112.339s] creating examples_rclpy_minimal_service.egg-info
[112.340s] writing examples_rclpy_minimal_service.egg-info/PKG-INFO
[112.340s] writing dependency_links to examples_rclpy_minimal_service.egg-info/dependency_links.txt
[112.340s] writing entry points to examples_rclpy_minimal_service.egg-info/entry_points.txt
[112.340s] writing requirements to examples_rclpy_minimal_service.egg-info/requires.txt
[112.340s] writing top-level names to examples_rclpy_minimal_service.egg-info/top_level.txt
[112.340s] writing manifest file 'examples_rclpy_minimal_service.egg-info/SOURCES.txt'
[112.340s] reading manifest file 'examples_rclpy_minimal_service.egg-info/SOURCES.txt'
[112.340s] writing manifest file 'examples_rclpy_minimal_service.egg-info/SOURCES.txt'
[112.340s] running build_ext
[112.340s] Creating /home/rinna/ros2_ws/install/examples_rclpy_minimal_service/lib/python3.10/site-packages/examples-rclpy-minimal-service.egg-link (link to .)
[112.340s] Installing service script to /home/rinna/ros2_ws/install/examples_rclpy_minimal_service/lib/examples_rclpy_minimal_service
[112.341s] Installing service_member_function script to /home/rinna/ros2_ws/install/examples_rclpy_minimal_service/lib/examples_rclpy_minimal_service
[112.341s] 
[112.341s] Installed /home/rinna/ros2_ws/build/examples_rclpy_minimal_service
[112.341s] running symlink_data
[112.341s] creating /home/rinna/ros2_ws/install/examples_rclpy_minimal_service/share/ament_index
[112.342s] creating /home/rinna/ros2_ws/install/examples_rclpy_minimal_service/share/ament_index/resource_index
[112.342s] creating /home/rinna/ros2_ws/install/examples_rclpy_minimal_service/share/ament_index/resource_index/packages
[112.342s] symbolically linking /home/rinna/ros2_ws/build/examples_rclpy_minimal_service/resource/examples_rclpy_minimal_service -> /home/rinna/ros2_ws/install/examples_rclpy_minimal_service/share/ament_index/resource_index/packages
[112.342s] symbolically linking /home/rinna/ros2_ws/build/examples_rclpy_minimal_service/package.xml -> /home/rinna/ros2_ws/install/examples_rclpy_minimal_service/share/examples_rclpy_minimal_service
