[0.028s] Invoking command in '/home/rinna/ros2_ws/build/turtlesim': CMAKE_PREFIX_PATH=${CMAKE_PREFIX_PATH}:/home/rinna/ros2_ws/install/launch_testing_examples:/home/rinna/ros2_ws/install/examples_rclpy_pointcloud_publisher:/home/rinna/ros2_ws/install/examples_rclpy_minimal_subscriber:/home/rinna/ros2_ws/install/examples_rclpy_minimal_service:/home/rinna/ros2_ws/install/examples_rclpy_minimal_publisher:/home/rinna/ros2_ws/install/examples_rclpy_minimal_client:/home/rinna/ros2_ws/install/examples_rclpy_minimal_action_server:/home/rinna/ros2_ws/install/examples_rclpy_minimal_action_client:/home/rinna/ros2_ws/install/examples_rclpy_guard_conditions:/home/rinna/ros2_ws/install/examples_rclpy_executors:/opt/ros/humble /usr/bin/cmake /home/rinna/ros2_ws/src/ros_tutorials/turtlesim -DCMAKE_INSTALL_PREFIX=/home/rinna/ros2_ws/install/turtlesim
[0.336s] -- The C compiler identification is GNU 11.4.0
[0.872s] -- The CXX compiler identification is GNU 11.4.0
[1.176s] -- Detecting C compiler ABI info
[1.385s] -- Detecting C compiler ABI info - done
[1.394s] -- Check for working C compiler: /usr/bin/cc - skipped
[1.409s] -- Detecting C compile features
[1.410s] -- Detecting C compile features - done
[1.415s] -- Detecting CXX compiler ABI info
[1.624s] -- Detecting CXX compiler ABI info - done
[1.634s] -- Check for working CXX compiler: /usr/bin/c++ - skipped
[1.634s] -- Detecting CXX compile features
[1.635s] -- Detecting CXX compile features - done
[1.681s] -- Found ament_cmake: 1.3.12 (/opt/ros/humble/share/ament_cmake/cmake)
[1.991s] -- Found Python3: /usr/bin/python3 (found version "3.10.12") found components: Interpreter 
[2.250s] -- Found ament_index_cpp: 1.4.0 (/opt/ros/humble/share/ament_index_cpp/cmake)
[2.261s] -- Found geometry_msgs: 4.9.0 (/opt/ros/humble/share/geometry_msgs/cmake)
[2.519s] -- Found rosidl_generator_c: 3.1.7 (/opt/ros/humble/share/rosidl_generator_c/cmake)
[2.541s] -- Found rosidl_adapter: 3.1.7 (/opt/ros/humble/share/rosidl_adapter/cmake)
[2.569s] -- Found rosidl_generator_cpp: 3.1.7 (/opt/ros/humble/share/rosidl_generator_cpp/cmake)
[2.610s] -- Using all available rosidl_typesupport_c: rosidl_typesupport_fastrtps_c;rosidl_typesupport_introspection_c
[2.659s] -- Using all available rosidl_typesupport_cpp: rosidl_typesupport_fastrtps_cpp;rosidl_typesupport_introspection_cpp
[2.855s] -- Found rclcpp: 16.0.15 (/opt/ros/humble/share/rclcpp/cmake)
[2.979s] -- Found rmw_implementation_cmake: 6.1.2 (/opt/ros/humble/share/rmw_implementation_cmake/cmake)
[2.992s] -- Found rmw_fastrtps_cpp: 6.2.8 (/opt/ros/humble/share/rmw_fastrtps_cpp/cmake)
[4.211s] -- Found OpenSSL: /usr/lib/x86_64-linux-gnu/libcrypto.so (found version "3.0.2")  
[5.234s] -- Found FastRTPS: /opt/ros/humble/include  
[7.093s] -- Using RMW implementation 'rmw_fastrtps_cpp' as default
[7.131s] -- Looking for pthread.h
[7.289s] -- Looking for pthread.h - found
[7.290s] -- Performing Test CMAKE_HAVE_LIBC_PTHREAD
[7.422s] -- Performing Test CMAKE_HAVE_LIBC_PTHREAD - Success
[7.423s] -- Found Threads: TRUE  
[7.490s] -- Found rclcpp_action: 16.0.15 (/opt/ros/humble/share/rclcpp_action/cmake)
[7.553s] -- Found rosidl_default_generators: 1.2.0 (/opt/ros/humble/share/rosidl_default_generators/cmake)
[7.577s] -- Found std_srvs: 4.9.0 (/opt/ros/humble/share/std_srvs/cmake)
[7.984s] -- Found ament_cmake_ros: 0.10.0 (/opt/ros/humble/share/ament_cmake_ros/cmake)
[8.396s] -- Using all available rosidl_typesupport_c: rosidl_typesupport_fastrtps_c;rosidl_typesupport_introspection_c
[8.551s] -- Using all available rosidl_typesupport_cpp: rosidl_typesupport_fastrtps_cpp;rosidl_typesupport_introspection_cpp
[8.650s] -- Found PythonInterp: /usr/bin/python3 (found suitable version "3.10.12", minimum required is "3.6") 
[8.670s] -- Found python_cmake_module: 0.10.0 (/opt/ros/humble/share/python_cmake_module/cmake)
[8.961s] -- Found PythonLibs: /usr/lib/x86_64-linux-gnu/libpython3.10.so (found suitable version "3.10.12", minimum required is "3.5") 
[8.961s] -- Using PYTHON_EXECUTABLE: /usr/bin/python3
[8.962s] -- Using PYTHON_INCLUDE_DIRS: /usr/include/python3.10
[8.962s] -- Using PYTHON_LIBRARIES: /usr/lib/x86_64-linux-gnu/libpython3.10.so
[8.989s] -- Found PythonExtra: .so  
[9.109s] -- Configuring done
[9.228s] -- Generating done
[9.249s] -- Build files have been written to: /home/rinna/ros2_ws/build/turtlesim
[9.265s] Invoked command in '/home/rinna/ros2_ws/build/turtlesim' returned '0': CMAKE_PREFIX_PATH=${CMAKE_PREFIX_PATH}:/home/rinna/ros2_ws/install/launch_testing_examples:/home/rinna/ros2_ws/install/examples_rclpy_pointcloud_publisher:/home/rinna/ros2_ws/install/examples_rclpy_minimal_subscriber:/home/rinna/ros2_ws/install/examples_rclpy_minimal_service:/home/rinna/ros2_ws/install/examples_rclpy_minimal_publisher:/home/rinna/ros2_ws/install/examples_rclpy_minimal_client:/home/rinna/ros2_ws/install/examples_rclpy_minimal_action_server:/home/rinna/ros2_ws/install/examples_rclpy_minimal_action_client:/home/rinna/ros2_ws/install/examples_rclpy_guard_conditions:/home/rinna/ros2_ws/install/examples_rclpy_executors:/opt/ros/humble /usr/bin/cmake /home/rinna/ros2_ws/src/ros_tutorials/turtlesim -DCMAKE_INSTALL_PREFIX=/home/rinna/ros2_ws/install/turtlesim
[9.268s] Invoking command in '/home/rinna/ros2_ws/build/turtlesim': CMAKE_PREFIX_PATH=${CMAKE_PREFIX_PATH}:/home/rinna/ros2_ws/install/launch_testing_examples:/home/rinna/ros2_ws/install/examples_rclpy_pointcloud_publisher:/home/rinna/ros2_ws/install/examples_rclpy_minimal_subscriber:/home/rinna/ros2_ws/install/examples_rclpy_minimal_service:/home/rinna/ros2_ws/install/examples_rclpy_minimal_publisher:/home/rinna/ros2_ws/install/examples_rclpy_minimal_client:/home/rinna/ros2_ws/install/examples_rclpy_minimal_action_server:/home/rinna/ros2_ws/install/examples_rclpy_minimal_action_client:/home/rinna/ros2_ws/install/examples_rclpy_guard_conditions:/home/rinna/ros2_ws/install/examples_rclpy_executors:/opt/ros/humble /usr/bin/cmake --build /home/rinna/ros2_ws/build/turtlesim -- -j16 -l16
[9.328s] [  1%] [34m[1mGenerating C code for ROS interfaces[0m
[9.343s] [  2%] [34m[1mGenerating C++ code for ROS interfaces[0m
[9.356s] [  2%] Built target ament_cmake_python_copy_turtlesim
[9.649s] running egg_info
[9.650s] creating turtlesim.egg-info
[9.650s] writing turtlesim.egg-info/PKG-INFO
[9.651s] writing dependency_links to turtlesim.egg-info/dependency_links.txt
[9.651s] writing top-level names to turtlesim.egg-info/top_level.txt
[9.651s] writing manifest file 'turtlesim.egg-info/SOURCES.txt'
[9.653s] reading manifest file 'turtlesim.egg-info/SOURCES.txt'
[9.654s] writing manifest file 'turtlesim.egg-info/SOURCES.txt'
[9.688s] [  2%] Built target ament_cmake_python_build_turtlesim_egg
[10.332s] [  2%] Built target turtlesim__cpp
[10.345s] [  3%] [34m[1mGenerating C++ type support for eProsima Fast-RTPS[0m
[10.346s] [  4%] [34m[1mGenerating C++ type support dispatch for ROS interfaces[0m
[10.348s] [  5%] [34m[1mGenerating C++ introspection for ROS interfaces[0m
[10.363s] [  9%] [32mBuilding C object CMakeFiles/turtlesim__rosidl_generator_c.dir/rosidl_generator_c/turtlesim/msg/detail/pose__functions.c.o[0m
[10.364s] [  9%] [32mBuilding C object CMakeFiles/turtlesim__rosidl_generator_c.dir/rosidl_generator_c/turtlesim/action/detail/rotate_absolute__functions.c.o[0m
[10.364s] [  9%] [32mBuilding C object CMakeFiles/turtlesim__rosidl_generator_c.dir/rosidl_generator_c/turtlesim/srv/detail/set_pen__functions.c.o[0m
[10.364s] [  9%] [32mBuilding C object CMakeFiles/turtlesim__rosidl_generator_c.dir/rosidl_generator_c/turtlesim/srv/detail/kill__functions.c.o[0m
[10.364s] [ 10%] [32mBuilding C object CMakeFiles/turtlesim__rosidl_generator_c.dir/rosidl_generator_c/turtlesim/msg/detail/color__functions.c.o[0m
[10.364s] [ 11%] [32mBuilding C object CMakeFiles/turtlesim__rosidl_generator_c.dir/rosidl_generator_c/turtlesim/srv/detail/teleport_absolute__functions.c.o[0m
[10.364s] [ 12%] [32mBuilding C object CMakeFiles/turtlesim__rosidl_generator_c.dir/rosidl_generator_c/turtlesim/srv/detail/spawn__functions.c.o[0m
[10.364s] [ 13%] [32mBuilding C object CMakeFiles/turtlesim__rosidl_generator_c.dir/rosidl_generator_c/turtlesim/srv/detail/teleport_relative__functions.c.o[0m
[10.542s] [ 14%] [32m[1mLinking C shared library libturtlesim__rosidl_generator_c.so[0m
[10.643s] [ 14%] Built target turtlesim__rosidl_generator_c
[10.657s] [ 16%] [34m[1mGenerating C type support for eProsima Fast-RTPS[0m
[10.658s] [ 16%] [34m[1mGenerating C type support dispatch for ROS interfaces[0m
[10.658s] [ 17%] [34m[1mGenerating C introspection for ROS interfaces[0m
[10.902s] [ 18%] [32mBuilding CXX object CMakeFiles/turtlesim__rosidl_typesupport_cpp.dir/rosidl_typesupport_cpp/turtlesim/action/rotate_absolute__type_support.cpp.o[0m
[10.902s] [ 19%] [32mBuilding CXX object CMakeFiles/turtlesim__rosidl_typesupport_cpp.dir/rosidl_typesupport_cpp/turtlesim/msg/color__type_support.cpp.o[0m
[10.902s] [ 20%] [32mBuilding CXX object CMakeFiles/turtlesim__rosidl_typesupport_cpp.dir/rosidl_typesupport_cpp/turtlesim/srv/kill__type_support.cpp.o[0m
[10.903s] [ 21%] [32mBuilding CXX object CMakeFiles/turtlesim__rosidl_typesupport_cpp.dir/rosidl_typesupport_cpp/turtlesim/msg/pose__type_support.cpp.o[0m
[10.904s] [ 25%] [32mBuilding CXX object CMakeFiles/turtlesim__rosidl_typesupport_cpp.dir/rosidl_typesupport_cpp/turtlesim/srv/spawn__type_support.cpp.o[0m
[10.904s] [ 25%] [32mBuilding CXX object CMakeFiles/turtlesim__rosidl_typesupport_cpp.dir/rosidl_typesupport_cpp/turtlesim/srv/teleport_absolute__type_support.cpp.o[0m
[10.904s] [ 25%] [32mBuilding CXX object CMakeFiles/turtlesim__rosidl_typesupport_cpp.dir/rosidl_typesupport_cpp/turtlesim/srv/teleport_relative__type_support.cpp.o[0m
[10.904s] [ 25%] [32mBuilding CXX object CMakeFiles/turtlesim__rosidl_typesupport_cpp.dir/rosidl_typesupport_cpp/turtlesim/srv/set_pen__type_support.cpp.o[0m
[11.120s] [ 28%] [32mBuilding CXX object CMakeFiles/turtlesim__rosidl_typesupport_introspection_cpp.dir/rosidl_typesupport_introspection_cpp/turtlesim/msg/detail/color__type_support.cpp.o[0m
[11.122s] [ 28%] [32mBuilding CXX object CMakeFiles/turtlesim__rosidl_typesupport_introspection_cpp.dir/rosidl_typesupport_introspection_cpp/turtlesim/action/detail/rotate_absolute__type_support.cpp.o[0m
[11.122s] [ 28%] [32mBuilding CXX object CMakeFiles/turtlesim__rosidl_typesupport_introspection_cpp.dir/rosidl_typesupport_introspection_cpp/turtlesim/srv/detail/kill__type_support.cpp.o[0m
[11.122s] [ 29%] [32mBuilding CXX object CMakeFiles/turtlesim__rosidl_typesupport_introspection_cpp.dir/rosidl_typesupport_introspection_cpp/turtlesim/msg/detail/pose__type_support.cpp.o[0m
[11.412s] [ 30%] [32mBuilding CXX object CMakeFiles/turtlesim__rosidl_typesupport_introspection_cpp.dir/rosidl_typesupport_introspection_cpp/turtlesim/srv/detail/set_pen__type_support.cpp.o[0m
[11.428s] [ 31%] [32mBuilding CXX object CMakeFiles/turtlesim__rosidl_typesupport_introspection_cpp.dir/rosidl_typesupport_introspection_cpp/turtlesim/srv/detail/spawn__type_support.cpp.o[0m
[11.432s] [ 32%] [32mBuilding CXX object CMakeFiles/turtlesim__rosidl_typesupport_introspection_cpp.dir/rosidl_typesupport_introspection_cpp/turtlesim/srv/detail/teleport_absolute__type_support.cpp.o[0m
[11.432s] [ 33%] [32mBuilding CXX object CMakeFiles/turtlesim__rosidl_typesupport_introspection_cpp.dir/rosidl_typesupport_introspection_cpp/turtlesim/srv/detail/teleport_relative__type_support.cpp.o[0m
[11.460s] [ 35%] [32mBuilding CXX object CMakeFiles/turtlesim__rosidl_typesupport_c.dir/rosidl_typesupport_c/turtlesim/msg/color__type_support.cpp.o[0m
[11.460s] [ 35%] [32mBuilding CXX object CMakeFiles/turtlesim__rosidl_typesupport_c.dir/rosidl_typesupport_c/turtlesim/srv/kill__type_support.cpp.o[0m
[11.461s] [ 36%] [32mBuilding CXX object CMakeFiles/turtlesim__rosidl_typesupport_c.dir/rosidl_typesupport_c/turtlesim/action/rotate_absolute__type_support.cpp.o[0m
[11.464s] [ 37%] [32mBuilding CXX object CMakeFiles/turtlesim__rosidl_typesupport_c.dir/rosidl_typesupport_c/turtlesim/msg/pose__type_support.cpp.o[0m
[11.484s] [ 38%] [32mBuilding CXX object CMakeFiles/turtlesim__rosidl_typesupport_fastrtps_cpp.dir/rosidl_typesupport_fastrtps_cpp/turtlesim/action/detail/dds_fastrtps/rotate_absolute__type_support.cpp.o[0m
[11.518s] [ 40%] [32mBuilding CXX object CMakeFiles/turtlesim__rosidl_typesupport_c.dir/rosidl_typesupport_c/turtlesim/srv/spawn__type_support.cpp.o[0m
[11.518s] [ 40%] [32mBuilding CXX object CMakeFiles/turtlesim__rosidl_typesupport_c.dir/rosidl_typesupport_c/turtlesim/srv/set_pen__type_support.cpp.o[0m
[11.526s] [ 41%] [32mBuilding CXX object CMakeFiles/turtlesim__rosidl_typesupport_c.dir/rosidl_typesupport_c/turtlesim/srv/teleport_absolute__type_support.cpp.o[0m
[11.571s] [ 42%] [32mBuilding CXX object CMakeFiles/turtlesim__rosidl_typesupport_c.dir/rosidl_typesupport_c/turtlesim/srv/teleport_relative__type_support.cpp.o[0m
[11.586s] [ 43%] [32mBuilding CXX object CMakeFiles/turtlesim__rosidl_typesupport_fastrtps_cpp.dir/rosidl_typesupport_fastrtps_cpp/turtlesim/msg/detail/dds_fastrtps/color__type_support.cpp.o[0m
[11.594s] [ 45%] [32mBuilding CXX object CMakeFiles/turtlesim__rosidl_typesupport_fastrtps_cpp.dir/rosidl_typesupport_fastrtps_cpp/turtlesim/msg/detail/dds_fastrtps/pose__type_support.cpp.o[0m
[11.594s] [ 45%] [32mBuilding CXX object CMakeFiles/turtlesim__rosidl_typesupport_fastrtps_cpp.dir/rosidl_typesupport_fastrtps_cpp/turtlesim/srv/detail/dds_fastrtps/kill__type_support.cpp.o[0m
[11.641s] [ 46%] [32m[1mLinking CXX shared library libturtlesim__rosidl_typesupport_c.so[0m
[11.793s] [ 47%] [32mBuilding CXX object CMakeFiles/turtlesim__rosidl_typesupport_fastrtps_cpp.dir/rosidl_typesupport_fastrtps_cpp/turtlesim/srv/detail/dds_fastrtps/set_pen__type_support.cpp.o[0m
[11.806s] [ 48%] [32mBuilding CXX object CMakeFiles/turtlesim__rosidl_typesupport_fastrtps_cpp.dir/rosidl_typesupport_fastrtps_cpp/turtlesim/srv/detail/dds_fastrtps/spawn__type_support.cpp.o[0m
[11.811s] [ 49%] [32m[1mLinking CXX shared library libturtlesim__rosidl_typesupport_cpp.so[0m
[11.824s] [ 50%] [32mBuilding CXX object CMakeFiles/turtlesim__rosidl_typesupport_fastrtps_cpp.dir/rosidl_typesupport_fastrtps_cpp/turtlesim/srv/detail/dds_fastrtps/teleport_absolute__type_support.cpp.o[0m
[11.852s] [ 50%] Built target turtlesim__rosidl_typesupport_c
[11.882s] [ 51%] [32mBuilding C object CMakeFiles/turtlesim__rosidl_typesupport_introspection_c.dir/rosidl_typesupport_introspection_c/turtlesim/action/detail/rotate_absolute__type_support.c.o[0m
[11.893s] [ 52%] [32mBuilding CXX object CMakeFiles/turtlesim__rosidl_typesupport_fastrtps_cpp.dir/rosidl_typesupport_fastrtps_cpp/turtlesim/srv/detail/dds_fastrtps/teleport_relative__type_support.cpp.o[0m
[11.949s] [ 53%] [32mBuilding CXX object CMakeFiles/turtlesim__rosidl_typesupport_fastrtps_c.dir/rosidl_typesupport_fastrtps_c/turtlesim/action/detail/rotate_absolute__type_support_c.cpp.o[0m
[11.985s] [ 53%] Built target turtlesim__rosidl_typesupport_cpp
[11.993s] [ 54%] [32mBuilding C object CMakeFiles/turtlesim__rosidl_typesupport_introspection_c.dir/rosidl_typesupport_introspection_c/turtlesim/msg/detail/color__type_support.c.o[0m
[12.009s] [ 55%] [32mBuilding C object CMakeFiles/turtlesim__rosidl_typesupport_introspection_c.dir/rosidl_typesupport_introspection_c/turtlesim/msg/detail/pose__type_support.c.o[0m
[12.044s] [ 56%] [32mBuilding C object CMakeFiles/turtlesim__rosidl_typesupport_introspection_c.dir/rosidl_typesupport_introspection_c/turtlesim/srv/detail/kill__type_support.c.o[0m
[12.059s] [ 57%] [32mBuilding CXX object CMakeFiles/turtlesim__rosidl_typesupport_fastrtps_c.dir/rosidl_typesupport_fastrtps_c/turtlesim/msg/detail/color__type_support_c.cpp.o[0m
[12.072s] [ 58%] [34m[1mGenerating include/turtlesim/moc_turtle_frame.cpp[0m
[12.086s] [ 59%] [32mBuilding CXX object CMakeFiles/turtlesim__rosidl_typesupport_fastrtps_c.dir/rosidl_typesupport_fastrtps_c/turtlesim/msg/detail/pose__type_support_c.cpp.o[0m
[12.091s] [ 60%] [32mBuilding C object CMakeFiles/turtlesim__rosidl_typesupport_introspection_c.dir/rosidl_typesupport_introspection_c/turtlesim/srv/detail/set_pen__type_support.c.o[0m
[12.121s] [ 61%] [32mBuilding C object CMakeFiles/turtlesim__rosidl_typesupport_introspection_c.dir/rosidl_typesupport_introspection_c/turtlesim/srv/detail/spawn__type_support.c.o[0m
[12.130s] [ 62%] [32mBuilding CXX object CMakeFiles/turtle_teleop_key.dir/tutorials/teleop_turtle_key.cpp.o[0m
[12.162s] [ 63%] [32mBuilding CXX object CMakeFiles/turtlesim__rosidl_typesupport_fastrtps_c.dir/rosidl_typesupport_fastrtps_c/turtlesim/srv/detail/kill__type_support_c.cpp.o[0m
[12.180s] [ 64%] [32m[1mLinking CXX shared library libturtlesim__rosidl_typesupport_introspection_cpp.so[0m
[12.199s] [ 65%] [32mBuilding C object CMakeFiles/turtlesim__rosidl_typesupport_introspection_c.dir/rosidl_typesupport_introspection_c/turtlesim/srv/detail/teleport_absolute__type_support.c.o[0m
[12.270s] [ 67%] [32mBuilding CXX object CMakeFiles/turtlesim_node.dir/src/turtlesim.cpp.o[0m
[12.271s] [ 67%] [32mBuilding CXX object CMakeFiles/turtlesim__rosidl_typesupport_fastrtps_c.dir/rosidl_typesupport_fastrtps_c/turtlesim/srv/detail/set_pen__type_support_c.cpp.o[0m
[12.271s] [ 68%] [32mBuilding C object CMakeFiles/turtlesim__rosidl_typesupport_introspection_c.dir/rosidl_typesupport_introspection_c/turtlesim/srv/detail/teleport_relative__type_support.c.o[0m
[12.304s] [ 69%] [32mBuilding CXX object CMakeFiles/draw_square.dir/tutorials/draw_square.cpp.o[0m
[12.319s] [ 70%] [32mBuilding CXX object CMakeFiles/mimic.dir/tutorials/mimic.cpp.o[0m
[12.351s] [ 71%] [32m[1mLinking C shared library libturtlesim__rosidl_typesupport_introspection_c.so[0m
[12.466s] [ 71%] Built target turtlesim__rosidl_typesupport_introspection_cpp
[12.468s] [ 72%] [32mBuilding CXX object CMakeFiles/turtlesim__rosidl_typesupport_fastrtps_c.dir/rosidl_typesupport_fastrtps_c/turtlesim/srv/detail/spawn__type_support_c.cpp.o[0m
[12.484s] [ 73%] [32mBuilding CXX object CMakeFiles/turtlesim_node.dir/src/turtle.cpp.o[0m
[12.490s] [ 74%] [32mBuilding CXX object CMakeFiles/turtlesim_node.dir/src/turtle_frame.cpp.o[0m
[12.501s] [ 74%] Built target turtlesim__rosidl_typesupport_introspection_c
[12.503s] [ 75%] [32mBuilding CXX object CMakeFiles/turtlesim_node.dir/include/turtlesim/moc_turtle_frame.cpp.o[0m
[12.514s] [ 76%] [32mBuilding CXX object CMakeFiles/turtlesim__rosidl_typesupport_fastrtps_c.dir/rosidl_typesupport_fastrtps_c/turtlesim/srv/detail/teleport_absolute__type_support_c.cpp.o[0m
[12.517s] [ 77%] [32mBuilding CXX object CMakeFiles/turtlesim__rosidl_typesupport_fastrtps_c.dir/rosidl_typesupport_fastrtps_c/turtlesim/srv/detail/teleport_relative__type_support_c.cpp.o[0m
[12.589s] [ 78%] [32m[1mLinking CXX shared library libturtlesim__rosidl_typesupport_fastrtps_cpp.so[0m
[12.804s] [ 78%] Built target turtlesim__rosidl_typesupport_fastrtps_cpp
[12.985s] [ 79%] [32m[1mLinking CXX shared library libturtlesim__rosidl_typesupport_fastrtps_c.so[0m
[13.173s] [ 79%] Built target turtlesim__rosidl_typesupport_fastrtps_c
[13.210s] [ 79%] Built target turtlesim
[13.246s] [ 80%] [34m[1mGenerating Python code for ROS interfaces[0m
[15.151s] [ 80%] Built target turtlesim__py
[15.196s] [ 81%] [32mBuilding C object CMakeFiles/turtlesim__rosidl_generator_py.dir/rosidl_generator_py/turtlesim/msg/_color_s.c.o[0m
[15.196s] [ 82%] [32mBuilding C object CMakeFiles/turtlesim__rosidl_generator_py.dir/rosidl_generator_py/turtlesim/msg/_pose_s.c.o[0m
[15.199s] [ 83%] [32mBuilding C object CMakeFiles/turtlesim__rosidl_generator_py.dir/rosidl_generator_py/turtlesim/action/_rotate_absolute_s.c.o[0m
[15.199s] [ 84%] [32mBuilding C object CMakeFiles/turtlesim__rosidl_generator_py.dir/rosidl_generator_py/turtlesim/srv/_set_pen_s.c.o[0m
[15.200s] [ 86%] [32mBuilding C object CMakeFiles/turtlesim__rosidl_generator_py.dir/rosidl_generator_py/turtlesim/srv/_kill_s.c.o[0m
[15.200s] [ 86%] [32mBuilding C object CMakeFiles/turtlesim__rosidl_generator_py.dir/rosidl_generator_py/turtlesim/srv/_spawn_s.c.o[0m
[15.203s] [ 88%] [32mBuilding C object CMakeFiles/turtlesim__rosidl_generator_py.dir/rosidl_generator_py/turtlesim/srv/_teleport_relative_s.c.o[0m
[15.203s] [ 88%] [32mBuilding C object CMakeFiles/turtlesim__rosidl_generator_py.dir/rosidl_generator_py/turtlesim/srv/_teleport_absolute_s.c.o[0m
[15.486s] [ 89%] [32m[1mLinking C shared library rosidl_generator_py/turtlesim/libturtlesim__rosidl_generator_py.so[0m
[15.610s] [ 89%] Built target turtlesim__rosidl_generator_py
[15.640s] [ 92%] [32mBuilding C object CMakeFiles/turtlesim__rosidl_typesupport_c__pyext.dir/rosidl_generator_py/turtlesim/_turtlesim_s.ep.rosidl_typesupport_c.c.o[0m
[15.640s] [ 92%] [32mBuilding C object CMakeFiles/turtlesim__rosidl_typesupport_fastrtps_c__pyext.dir/rosidl_generator_py/turtlesim/_turtlesim_s.ep.rosidl_typesupport_fastrtps_c.c.o[0m
[15.640s] [ 92%] [32mBuilding C object CMakeFiles/turtlesim__rosidl_typesupport_introspection_c__pyext.dir/rosidl_generator_py/turtlesim/_turtlesim_s.ep.rosidl_typesupport_introspection_c.c.o[0m
[15.846s] [ 93%] [32m[1mLinking C shared library rosidl_generator_py/turtlesim/turtlesim_s__rosidl_typesupport_fastrtps_c.cpython-310-x86_64-linux-gnu.so[0m
[15.847s] [ 94%] [32m[1mLinking C shared library rosidl_generator_py/turtlesim/turtlesim_s__rosidl_typesupport_c.cpython-310-x86_64-linux-gnu.so[0m
[15.873s] [ 95%] [32m[1mLinking C shared library rosidl_generator_py/turtlesim/turtlesim_s__rosidl_typesupport_introspection_c.cpython-310-x86_64-linux-gnu.so[0m
[15.934s] [ 95%] Built target turtlesim__rosidl_typesupport_fastrtps_c__pyext
[15.943s] [ 95%] Built target turtlesim__rosidl_typesupport_c__pyext
[16.002s] [ 95%] Built target turtlesim__rosidl_typesupport_introspection_c__pyext
[20.694s] [ 96%] [32m[1mLinking CXX executable turtle_teleop_key[0m
[21.166s] [ 96%] Built target turtle_teleop_key
[23.310s] [ 97%] [32m[1mLinking CXX executable mimic[0m
[23.820s] [ 97%] Built target mimic
[23.950s] [ 98%] [32m[1mLinking CXX executable draw_square[0m
[24.512s] [ 98%] Built target draw_square
[27.609s] [100%] [32m[1mLinking CXX executable turtlesim_node[0m
[30.144s] [100%] Built target turtlesim_node
[30.169s] Invoked command in '/home/rinna/ros2_ws/build/turtlesim' returned '0': CMAKE_PREFIX_PATH=${CMAKE_PREFIX_PATH}:/home/rinna/ros2_ws/install/launch_testing_examples:/home/rinna/ros2_ws/install/examples_rclpy_pointcloud_publisher:/home/rinna/ros2_ws/install/examples_rclpy_minimal_subscriber:/home/rinna/ros2_ws/install/examples_rclpy_minimal_service:/home/rinna/ros2_ws/install/examples_rclpy_minimal_publisher:/home/rinna/ros2_ws/install/examples_rclpy_minimal_client:/home/rinna/ros2_ws/install/examples_rclpy_minimal_action_server:/home/rinna/ros2_ws/install/examples_rclpy_minimal_action_client:/home/rinna/ros2_ws/install/examples_rclpy_guard_conditions:/home/rinna/ros2_ws/install/examples_rclpy_executors:/opt/ros/humble /usr/bin/cmake --build /home/rinna/ros2_ws/build/turtlesim -- -j16 -l16
[30.182s] Invoking command in '/home/rinna/ros2_ws/build/turtlesim': CMAKE_PREFIX_PATH=${CMAKE_PREFIX_PATH}:/home/rinna/ros2_ws/install/launch_testing_examples:/home/rinna/ros2_ws/install/examples_rclpy_pointcloud_publisher:/home/rinna/ros2_ws/install/examples_rclpy_minimal_subscriber:/home/rinna/ros2_ws/install/examples_rclpy_minimal_service:/home/rinna/ros2_ws/install/examples_rclpy_minimal_publisher:/home/rinna/ros2_ws/install/examples_rclpy_minimal_client:/home/rinna/ros2_ws/install/examples_rclpy_minimal_action_server:/home/rinna/ros2_ws/install/examples_rclpy_minimal_action_client:/home/rinna/ros2_ws/install/examples_rclpy_guard_conditions:/home/rinna/ros2_ws/install/examples_rclpy_executors:/opt/ros/humble /usr/bin/cmake --install /home/rinna/ros2_ws/build/turtlesim
[30.192s] -- Install configuration: ""
[30.195s] -- Installing: /home/rinna/ros2_ws/install/turtlesim/share/ament_index/resource_index/rosidl_interfaces/turtlesim
[30.195s] -- Installing: /home/rinna/ros2_ws/install/turtlesim/include/turtlesim/turtlesim
[30.196s] -- Installing: /home/rinna/ros2_ws/install/turtlesim/include/turtlesim/turtlesim/srv
[30.197s] -- Installing: /home/rinna/ros2_ws/install/turtlesim/include/turtlesim/turtlesim/srv/teleport_relative.h
[30.197s] -- Installing: /home/rinna/ros2_ws/install/turtlesim/include/turtlesim/turtlesim/srv/kill.h
[30.197s] -- Installing: /home/rinna/ros2_ws/install/turtlesim/include/turtlesim/turtlesim/srv/teleport_absolute.h
[30.197s] -- Installing: /home/rinna/ros2_ws/install/turtlesim/include/turtlesim/turtlesim/srv/spawn.h
[30.197s] -- Installing: /home/rinna/ros2_ws/install/turtlesim/include/turtlesim/turtlesim/srv/set_pen.h
[30.197s] -- Installing: /home/rinna/ros2_ws/install/turtlesim/include/turtlesim/turtlesim/srv/detail
[30.198s] -- Installing: /home/rinna/ros2_ws/install/turtlesim/include/turtlesim/turtlesim/srv/detail/kill__type_support.h
[30.198s] -- Installing: /home/rinna/ros2_ws/install/turtlesim/include/turtlesim/turtlesim/srv/detail/kill__struct.h
[30.198s] -- Installing: /home/rinna/ros2_ws/install/turtlesim/include/turtlesim/turtlesim/srv/detail/teleport_relative__struct.h
[30.199s] -- Installing: /home/rinna/ros2_ws/install/turtlesim/include/turtlesim/turtlesim/srv/detail/kill__functions.h
[30.199s] -- Installing: /home/rinna/ros2_ws/install/turtlesim/include/turtlesim/turtlesim/srv/detail/set_pen__type_support.h
[30.199s] -- Installing: /home/rinna/ros2_ws/install/turtlesim/include/turtlesim/turtlesim/srv/detail/teleport_relative__type_support.h
[30.199s] -- Installing: /home/rinna/ros2_ws/install/turtlesim/include/turtlesim/turtlesim/srv/detail/set_pen__struct.h
[30.199s] -- Installing: /home/rinna/ros2_ws/install/turtlesim/include/turtlesim/turtlesim/srv/detail/spawn__functions.h
[30.199s] -- Installing: /home/rinna/ros2_ws/install/turtlesim/include/turtlesim/turtlesim/srv/detail/teleport_absolute__functions.h
[30.199s] -- Installing: /home/rinna/ros2_ws/install/turtlesim/include/turtlesim/turtlesim/srv/detail/teleport_absolute__functions.c
[30.200s] -- Installing: /home/rinna/ros2_ws/install/turtlesim/include/turtlesim/turtlesim/srv/detail/teleport_absolute__struct.h
[30.200s] -- Installing: /home/rinna/ros2_ws/install/turtlesim/include/turtlesim/turtlesim/srv/detail/teleport_relative__functions.h
[30.200s] -- Installing: /home/rinna/ros2_ws/install/turtlesim/include/turtlesim/turtlesim/srv/detail/teleport_absolute__type_support.h
[30.200s] -- Installing: /home/rinna/ros2_ws/install/turtlesim/include/turtlesim/turtlesim/srv/detail/teleport_relative__functions.c
[30.201s] -- Installing: /home/rinna/ros2_ws/install/turtlesim/include/turtlesim/turtlesim/srv/detail/set_pen__functions.c
[30.201s] -- Installing: /home/rinna/ros2_ws/install/turtlesim/include/turtlesim/turtlesim/srv/detail/spawn__type_support.h
[30.201s] -- Installing: /home/rinna/ros2_ws/install/turtlesim/include/turtlesim/turtlesim/srv/detail/spawn__functions.c
[30.201s] -- Installing: /home/rinna/ros2_ws/install/turtlesim/include/turtlesim/turtlesim/srv/detail/spawn__struct.h
[30.201s] -- Installing: /home/rinna/ros2_ws/install/turtlesim/include/turtlesim/turtlesim/srv/detail/set_pen__functions.h
[30.202s] -- Installing: /home/rinna/ros2_ws/install/turtlesim/include/turtlesim/turtlesim/srv/detail/kill__functions.c
[30.202s] -- Installing: /home/rinna/ros2_ws/install/turtlesim/include/turtlesim/turtlesim/action
[30.202s] -- Installing: /home/rinna/ros2_ws/install/turtlesim/include/turtlesim/turtlesim/action/rotate_absolute.h
[30.203s] -- Installing: /home/rinna/ros2_ws/install/turtlesim/include/turtlesim/turtlesim/action/detail
[30.203s] -- Installing: /home/rinna/ros2_ws/install/turtlesim/include/turtlesim/turtlesim/action/detail/rotate_absolute__functions.h
[30.203s] -- Installing: /home/rinna/ros2_ws/install/turtlesim/include/turtlesim/turtlesim/action/detail/rotate_absolute__struct.h
[30.203s] -- Installing: /home/rinna/ros2_ws/install/turtlesim/include/turtlesim/turtlesim/action/detail/rotate_absolute__type_support.h
[30.204s] -- Installing: /home/rinna/ros2_ws/install/turtlesim/include/turtlesim/turtlesim/action/detail/rotate_absolute__functions.c
[30.204s] -- Installing: /home/rinna/ros2_ws/install/turtlesim/include/turtlesim/turtlesim/msg
[30.204s] -- Installing: /home/rinna/ros2_ws/install/turtlesim/include/turtlesim/turtlesim/msg/color.h
[30.205s] -- Installing: /home/rinna/ros2_ws/install/turtlesim/include/turtlesim/turtlesim/msg/rosidl_generator_c__visibility_control.h
[30.205s] -- Installing: /home/rinna/ros2_ws/install/turtlesim/include/turtlesim/turtlesim/msg/detail
[30.205s] -- Installing: /home/rinna/ros2_ws/install/turtlesim/include/turtlesim/turtlesim/msg/detail/color__type_support.h
[30.206s] -- Installing: /home/rinna/ros2_ws/install/turtlesim/include/turtlesim/turtlesim/msg/detail/color__functions.h
[30.206s] -- Installing: /home/rinna/ros2_ws/install/turtlesim/include/turtlesim/turtlesim/msg/detail/pose__type_support.h
[30.206s] -- Installing: /home/rinna/ros2_ws/install/turtlesim/include/turtlesim/turtlesim/msg/detail/pose__functions.h
[30.206s] -- Installing: /home/rinna/ros2_ws/install/turtlesim/include/turtlesim/turtlesim/msg/detail/pose__struct.h
[30.206s] -- Installing: /home/rinna/ros2_ws/install/turtlesim/include/turtlesim/turtlesim/msg/detail/pose__functions.c
[30.206s] -- Installing: /home/rinna/ros2_ws/install/turtlesim/include/turtlesim/turtlesim/msg/detail/color__struct.h
[30.207s] -- Installing: /home/rinna/ros2_ws/install/turtlesim/include/turtlesim/turtlesim/msg/detail/color__functions.c
[30.207s] -- Installing: /home/rinna/ros2_ws/install/turtlesim/include/turtlesim/turtlesim/msg/pose.h
[30.208s] -- Installing: /home/rinna/ros2_ws/install/turtlesim/share/turtlesim/environment/library_path.sh
[30.208s] -- Installing: /home/rinna/ros2_ws/install/turtlesim/share/turtlesim/environment/library_path.dsv
[30.209s] -- Installing: /home/rinna/ros2_ws/install/turtlesim/lib/libturtlesim__rosidl_generator_c.so
[30.209s] -- Set runtime path of "/home/rinna/ros2_ws/install/turtlesim/lib/libturtlesim__rosidl_generator_c.so" to ""
[30.209s] -- Up-to-date: /home/rinna/ros2_ws/install/turtlesim/include/turtlesim/turtlesim
[30.210s] -- Up-to-date: /home/rinna/ros2_ws/install/turtlesim/include/turtlesim/turtlesim/srv
[30.210s] -- Up-to-date: /home/rinna/ros2_ws/install/turtlesim/include/turtlesim/turtlesim/srv/detail
[30.210s] -- Installing: /home/rinna/ros2_ws/install/turtlesim/include/turtlesim/turtlesim/srv/detail/teleport_relative__rosidl_typesupport_fastrtps_c.h
[30.210s] -- Installing: /home/rinna/ros2_ws/install/turtlesim/include/turtlesim/turtlesim/srv/detail/kill__rosidl_typesupport_fastrtps_c.h
[30.210s] -- Installing: /home/rinna/ros2_ws/install/turtlesim/include/turtlesim/turtlesim/srv/detail/spawn__rosidl_typesupport_fastrtps_c.h
[30.210s] -- Installing: /home/rinna/ros2_ws/install/turtlesim/include/turtlesim/turtlesim/srv/detail/teleport_absolute__rosidl_typesupport_fastrtps_c.h
[30.210s] -- Installing: /home/rinna/ros2_ws/install/turtlesim/include/turtlesim/turtlesim/srv/detail/set_pen__rosidl_typesupport_fastrtps_c.h
[30.211s] -- Up-to-date: /home/rinna/ros2_ws/install/turtlesim/include/turtlesim/turtlesim/action
[30.211s] -- Up-to-date: /home/rinna/ros2_ws/install/turtlesim/include/turtlesim/turtlesim/action/detail
[30.211s] -- Installing: /home/rinna/ros2_ws/install/turtlesim/include/turtlesim/turtlesim/action/detail/rotate_absolute__rosidl_typesupport_fastrtps_c.h
[30.211s] -- Up-to-date: /home/rinna/ros2_ws/install/turtlesim/include/turtlesim/turtlesim/msg
[30.211s] -- Installing: /home/rinna/ros2_ws/install/turtlesim/include/turtlesim/turtlesim/msg/rosidl_typesupport_fastrtps_c__visibility_control.h
[30.211s] -- Up-to-date: /home/rinna/ros2_ws/install/turtlesim/include/turtlesim/turtlesim/msg/detail
[30.211s] -- Installing: /home/rinna/ros2_ws/install/turtlesim/include/turtlesim/turtlesim/msg/detail/color__rosidl_typesupport_fastrtps_c.h
[30.211s] -- Installing: /home/rinna/ros2_ws/install/turtlesim/include/turtlesim/turtlesim/msg/detail/pose__rosidl_typesupport_fastrtps_c.h
[30.211s] -- Installing: /home/rinna/ros2_ws/install/turtlesim/lib/libturtlesim__rosidl_typesupport_fastrtps_c.so
[30.212s] -- Set runtime path of "/home/rinna/ros2_ws/install/turtlesim/lib/libturtlesim__rosidl_typesupport_fastrtps_c.so" to ""
[30.212s] -- Up-to-date: /home/rinna/ros2_ws/install/turtlesim/include/turtlesim/turtlesim
[30.212s] -- Up-to-date: /home/rinna/ros2_ws/install/turtlesim/include/turtlesim/turtlesim/srv
[30.212s] -- Installing: /home/rinna/ros2_ws/install/turtlesim/include/turtlesim/turtlesim/srv/teleport_absolute.hpp
[30.213s] -- Installing: /home/rinna/ros2_ws/install/turtlesim/include/turtlesim/turtlesim/srv/set_pen.hpp
[30.213s] -- Installing: /home/rinna/ros2_ws/install/turtlesim/include/turtlesim/turtlesim/srv/kill.hpp
[30.213s] -- Installing: /home/rinna/ros2_ws/install/turtlesim/include/turtlesim/turtlesim/srv/spawn.hpp
[30.213s] -- Installing: /home/rinna/ros2_ws/install/turtlesim/include/turtlesim/turtlesim/srv/teleport_relative.hpp
[30.213s] -- Up-to-date: /home/rinna/ros2_ws/install/turtlesim/include/turtlesim/turtlesim/srv/detail
[30.213s] -- Installing: /home/rinna/ros2_ws/install/turtlesim/include/turtlesim/turtlesim/srv/detail/teleport_absolute__struct.hpp
[30.213s] -- Installing: /home/rinna/ros2_ws/install/turtlesim/include/turtlesim/turtlesim/srv/detail/spawn__struct.hpp
[30.213s] -- Installing: /home/rinna/ros2_ws/install/turtlesim/include/turtlesim/turtlesim/srv/detail/teleport_relative__builder.hpp
[30.214s] -- Installing: /home/rinna/ros2_ws/install/turtlesim/include/turtlesim/turtlesim/srv/detail/set_pen__builder.hpp
[30.214s] -- Installing: /home/rinna/ros2_ws/install/turtlesim/include/turtlesim/turtlesim/srv/detail/teleport_absolute__type_support.hpp
[30.214s] -- Installing: /home/rinna/ros2_ws/install/turtlesim/include/turtlesim/turtlesim/srv/detail/spawn__traits.hpp
[30.214s] -- Installing: /home/rinna/ros2_ws/install/turtlesim/include/turtlesim/turtlesim/srv/detail/set_pen__struct.hpp
[30.214s] -- Installing: /home/rinna/ros2_ws/install/turtlesim/include/turtlesim/turtlesim/srv/detail/spawn__type_support.hpp
[30.215s] -- Installing: /home/rinna/ros2_ws/install/turtlesim/include/turtlesim/turtlesim/srv/detail/teleport_relative__traits.hpp
[30.215s] -- Installing: /home/rinna/ros2_ws/install/turtlesim/include/turtlesim/turtlesim/srv/detail/teleport_absolute__traits.hpp
[30.215s] -- Installing: /home/rinna/ros2_ws/install/turtlesim/include/turtlesim/turtlesim/srv/detail/kill__traits.hpp
[30.215s] -- Installing: /home/rinna/ros2_ws/install/turtlesim/include/turtlesim/turtlesim/srv/detail/set_pen__traits.hpp
[30.215s] -- Installing: /home/rinna/ros2_ws/install/turtlesim/include/turtlesim/turtlesim/srv/detail/spawn__builder.hpp
[30.215s] -- Installing: /home/rinna/ros2_ws/install/turtlesim/include/turtlesim/turtlesim/srv/detail/teleport_absolute__builder.hpp
[30.216s] -- Installing: /home/rinna/ros2_ws/install/turtlesim/include/turtlesim/turtlesim/srv/detail/kill__type_support.hpp
[30.216s] -- Installing: /home/rinna/ros2_ws/install/turtlesim/include/turtlesim/turtlesim/srv/detail/teleport_relative__type_support.hpp
[30.216s] -- Installing: /home/rinna/ros2_ws/install/turtlesim/include/turtlesim/turtlesim/srv/detail/set_pen__type_support.hpp
[30.216s] -- Installing: /home/rinna/ros2_ws/install/turtlesim/include/turtlesim/turtlesim/srv/detail/teleport_relative__struct.hpp
[30.217s] -- Installing: /home/rinna/ros2_ws/install/turtlesim/include/turtlesim/turtlesim/srv/detail/kill__builder.hpp
[30.217s] -- Installing: /home/rinna/ros2_ws/install/turtlesim/include/turtlesim/turtlesim/srv/detail/kill__struct.hpp
[30.217s] -- Up-to-date: /home/rinna/ros2_ws/install/turtlesim/include/turtlesim/turtlesim/action
[30.217s] -- Installing: /home/rinna/ros2_ws/install/turtlesim/include/turtlesim/turtlesim/action/rotate_absolute.hpp
[30.217s] -- Up-to-date: /home/rinna/ros2_ws/install/turtlesim/include/turtlesim/turtlesim/action/detail
[30.217s] -- Installing: /home/rinna/ros2_ws/install/turtlesim/include/turtlesim/turtlesim/action/detail/rotate_absolute__struct.hpp
[30.218s] -- Installing: /home/rinna/ros2_ws/install/turtlesim/include/turtlesim/turtlesim/action/detail/rotate_absolute__traits.hpp
[30.218s] -- Installing: /home/rinna/ros2_ws/install/turtlesim/include/turtlesim/turtlesim/action/detail/rotate_absolute__type_support.hpp
[30.218s] -- Installing: /home/rinna/ros2_ws/install/turtlesim/include/turtlesim/turtlesim/action/detail/rotate_absolute__builder.hpp
[30.218s] -- Up-to-date: /home/rinna/ros2_ws/install/turtlesim/include/turtlesim/turtlesim/msg
[30.218s] -- Installing: /home/rinna/ros2_ws/install/turtlesim/include/turtlesim/turtlesim/msg/pose.hpp
[30.218s] -- Installing: /home/rinna/ros2_ws/install/turtlesim/include/turtlesim/turtlesim/msg/rosidl_generator_cpp__visibility_control.hpp
[30.219s] -- Up-to-date: /home/rinna/ros2_ws/install/turtlesim/include/turtlesim/turtlesim/msg/detail
[30.219s] -- Installing: /home/rinna/ros2_ws/install/turtlesim/include/turtlesim/turtlesim/msg/detail/pose__struct.hpp
[30.219s] -- Installing: /home/rinna/ros2_ws/install/turtlesim/include/turtlesim/turtlesim/msg/detail/pose__type_support.hpp
[30.219s] -- Installing: /home/rinna/ros2_ws/install/turtlesim/include/turtlesim/turtlesim/msg/detail/color__type_support.hpp
[30.219s] -- Installing: /home/rinna/ros2_ws/install/turtlesim/include/turtlesim/turtlesim/msg/detail/color__builder.hpp
[30.219s] -- Installing: /home/rinna/ros2_ws/install/turtlesim/include/turtlesim/turtlesim/msg/detail/pose__traits.hpp
[30.219s] -- Installing: /home/rinna/ros2_ws/install/turtlesim/include/turtlesim/turtlesim/msg/detail/pose__builder.hpp
[30.220s] -- Installing: /home/rinna/ros2_ws/install/turtlesim/include/turtlesim/turtlesim/msg/detail/color__traits.hpp
[30.220s] -- Installing: /home/rinna/ros2_ws/install/turtlesim/include/turtlesim/turtlesim/msg/detail/color__struct.hpp
[30.220s] -- Installing: /home/rinna/ros2_ws/install/turtlesim/include/turtlesim/turtlesim/msg/color.hpp
[30.220s] -- Up-to-date: /home/rinna/ros2_ws/install/turtlesim/include/turtlesim/turtlesim
[30.220s] -- Up-to-date: /home/rinna/ros2_ws/install/turtlesim/include/turtlesim/turtlesim/srv
[30.220s] -- Up-to-date: /home/rinna/ros2_ws/install/turtlesim/include/turtlesim/turtlesim/srv/detail
[30.221s] -- Installing: /home/rinna/ros2_ws/install/turtlesim/include/turtlesim/turtlesim/srv/detail/spawn__rosidl_typesupport_fastrtps_cpp.hpp
[30.221s] -- Installing: /home/rinna/ros2_ws/install/turtlesim/include/turtlesim/turtlesim/srv/detail/dds_fastrtps
[30.221s] -- Installing: /home/rinna/ros2_ws/install/turtlesim/include/turtlesim/turtlesim/srv/detail/set_pen__rosidl_typesupport_fastrtps_cpp.hpp
[30.221s] -- Installing: /home/rinna/ros2_ws/install/turtlesim/include/turtlesim/turtlesim/srv/detail/teleport_relative__rosidl_typesupport_fastrtps_cpp.hpp
[30.222s] -- Installing: /home/rinna/ros2_ws/install/turtlesim/include/turtlesim/turtlesim/srv/detail/kill__rosidl_typesupport_fastrtps_cpp.hpp
[30.222s] -- Installing: /home/rinna/ros2_ws/install/turtlesim/include/turtlesim/turtlesim/srv/detail/teleport_absolute__rosidl_typesupport_fastrtps_cpp.hpp
[30.222s] -- Up-to-date: /home/rinna/ros2_ws/install/turtlesim/include/turtlesim/turtlesim/action
[30.222s] -- Up-to-date: /home/rinna/ros2_ws/install/turtlesim/include/turtlesim/turtlesim/action/detail
[30.222s] -- Installing: /home/rinna/ros2_ws/install/turtlesim/include/turtlesim/turtlesim/action/detail/dds_fastrtps
[30.222s] -- Installing: /home/rinna/ros2_ws/install/turtlesim/include/turtlesim/turtlesim/action/detail/rotate_absolute__rosidl_typesupport_fastrtps_cpp.hpp
[30.223s] -- Up-to-date: /home/rinna/ros2_ws/install/turtlesim/include/turtlesim/turtlesim/msg
[30.223s] -- Installing: /home/rinna/ros2_ws/install/turtlesim/include/turtlesim/turtlesim/msg/rosidl_typesupport_fastrtps_cpp__visibility_control.h
[30.223s] -- Up-to-date: /home/rinna/ros2_ws/install/turtlesim/include/turtlesim/turtlesim/msg/detail
[30.223s] -- Installing: /home/rinna/ros2_ws/install/turtlesim/include/turtlesim/turtlesim/msg/detail/dds_fastrtps
[30.224s] -- Installing: /home/rinna/ros2_ws/install/turtlesim/include/turtlesim/turtlesim/msg/detail/color__rosidl_typesupport_fastrtps_cpp.hpp
[30.224s] -- Installing: /home/rinna/ros2_ws/install/turtlesim/include/turtlesim/turtlesim/msg/detail/pose__rosidl_typesupport_fastrtps_cpp.hpp
[30.224s] -- Installing: /home/rinna/ros2_ws/install/turtlesim/lib/libturtlesim__rosidl_typesupport_fastrtps_cpp.so
[30.225s] -- Set runtime path of "/home/rinna/ros2_ws/install/turtlesim/lib/libturtlesim__rosidl_typesupport_fastrtps_cpp.so" to ""
[30.225s] -- Up-to-date: /home/rinna/ros2_ws/install/turtlesim/include/turtlesim/turtlesim
[30.225s] -- Up-to-date: /home/rinna/ros2_ws/install/turtlesim/include/turtlesim/turtlesim/srv
[30.225s] -- Up-to-date: /home/rinna/ros2_ws/install/turtlesim/include/turtlesim/turtlesim/srv/detail
[30.225s] -- Installing: /home/rinna/ros2_ws/install/turtlesim/include/turtlesim/turtlesim/srv/detail/set_pen__rosidl_typesupport_introspection_c.h
[30.225s] -- Installing: /home/rinna/ros2_ws/install/turtlesim/include/turtlesim/turtlesim/srv/detail/teleport_absolute__rosidl_typesupport_introspection_c.h
[30.225s] -- Installing: /home/rinna/ros2_ws/install/turtlesim/include/turtlesim/turtlesim/srv/detail/kill__rosidl_typesupport_introspection_c.h
[30.226s] -- Installing: /home/rinna/ros2_ws/install/turtlesim/include/turtlesim/turtlesim/srv/detail/kill__type_support.c
[30.226s] -- Installing: /home/rinna/ros2_ws/install/turtlesim/include/turtlesim/turtlesim/srv/detail/set_pen__type_support.c
[30.226s] -- Installing: /home/rinna/ros2_ws/install/turtlesim/include/turtlesim/turtlesim/srv/detail/spawn__rosidl_typesupport_introspection_c.h
[30.226s] -- Installing: /home/rinna/ros2_ws/install/turtlesim/include/turtlesim/turtlesim/srv/detail/teleport_relative__rosidl_typesupport_introspection_c.h
[30.226s] -- Installing: /home/rinna/ros2_ws/install/turtlesim/include/turtlesim/turtlesim/srv/detail/teleport_absolute__type_support.c
[30.227s] -- Installing: /home/rinna/ros2_ws/install/turtlesim/include/turtlesim/turtlesim/srv/detail/spawn__type_support.c
[30.227s] -- Installing: /home/rinna/ros2_ws/install/turtlesim/include/turtlesim/turtlesim/srv/detail/teleport_relative__type_support.c
[30.227s] -- Up-to-date: /home/rinna/ros2_ws/install/turtlesim/include/turtlesim/turtlesim/action
[30.227s] -- Up-to-date: /home/rinna/ros2_ws/install/turtlesim/include/turtlesim/turtlesim/action/detail
[30.227s] -- Installing: /home/rinna/ros2_ws/install/turtlesim/include/turtlesim/turtlesim/action/detail/rotate_absolute__rosidl_typesupport_introspection_c.h
[30.227s] -- Installing: /home/rinna/ros2_ws/install/turtlesim/include/turtlesim/turtlesim/action/detail/rotate_absolute__type_support.c
[30.228s] -- Up-to-date: /home/rinna/ros2_ws/install/turtlesim/include/turtlesim/turtlesim/msg
[30.228s] -- Installing: /home/rinna/ros2_ws/install/turtlesim/include/turtlesim/turtlesim/msg/rosidl_typesupport_introspection_c__visibility_control.h
[30.228s] -- Up-to-date: /home/rinna/ros2_ws/install/turtlesim/include/turtlesim/turtlesim/msg/detail
[30.228s] -- Installing: /home/rinna/ros2_ws/install/turtlesim/include/turtlesim/turtlesim/msg/detail/pose__type_support.c
[30.228s] -- Installing: /home/rinna/ros2_ws/install/turtlesim/include/turtlesim/turtlesim/msg/detail/color__rosidl_typesupport_introspection_c.h
[30.228s] -- Installing: /home/rinna/ros2_ws/install/turtlesim/include/turtlesim/turtlesim/msg/detail/color__type_support.c
[30.228s] -- Installing: /home/rinna/ros2_ws/install/turtlesim/include/turtlesim/turtlesim/msg/detail/pose__rosidl_typesupport_introspection_c.h
[30.229s] -- Installing: /home/rinna/ros2_ws/install/turtlesim/lib/libturtlesim__rosidl_typesupport_introspection_c.so
[30.229s] -- Set runtime path of "/home/rinna/ros2_ws/install/turtlesim/lib/libturtlesim__rosidl_typesupport_introspection_c.so" to ""
[30.229s] -- Installing: /home/rinna/ros2_ws/install/turtlesim/lib/libturtlesim__rosidl_typesupport_c.so
[30.230s] -- Set runtime path of "/home/rinna/ros2_ws/install/turtlesim/lib/libturtlesim__rosidl_typesupport_c.so" to ""
[30.230s] -- Up-to-date: /home/rinna/ros2_ws/install/turtlesim/include/turtlesim/turtlesim
[30.230s] -- Up-to-date: /home/rinna/ros2_ws/install/turtlesim/include/turtlesim/turtlesim/srv
[30.230s] -- Up-to-date: /home/rinna/ros2_ws/install/turtlesim/include/turtlesim/turtlesim/srv/detail
[30.230s] -- Installing: /home/rinna/ros2_ws/install/turtlesim/include/turtlesim/turtlesim/srv/detail/kill__rosidl_typesupport_introspection_cpp.hpp
[30.230s] -- Installing: /home/rinna/ros2_ws/install/turtlesim/include/turtlesim/turtlesim/srv/detail/spawn__rosidl_typesupport_introspection_cpp.hpp
[30.230s] -- Installing: /home/rinna/ros2_ws/install/turtlesim/include/turtlesim/turtlesim/srv/detail/set_pen__rosidl_typesupport_introspection_cpp.hpp
[30.230s] -- Installing: /home/rinna/ros2_ws/install/turtlesim/include/turtlesim/turtlesim/srv/detail/set_pen__type_support.cpp
[30.231s] -- Installing: /home/rinna/ros2_ws/install/turtlesim/include/turtlesim/turtlesim/srv/detail/teleport_absolute__rosidl_typesupport_introspection_cpp.hpp
[30.231s] -- Installing: /home/rinna/ros2_ws/install/turtlesim/include/turtlesim/turtlesim/srv/detail/teleport_absolute__type_support.cpp
[30.231s] -- Installing: /home/rinna/ros2_ws/install/turtlesim/include/turtlesim/turtlesim/srv/detail/spawn__type_support.cpp
[30.231s] -- Installing: /home/rinna/ros2_ws/install/turtlesim/include/turtlesim/turtlesim/srv/detail/kill__type_support.cpp
[30.232s] -- Installing: /home/rinna/ros2_ws/install/turtlesim/include/turtlesim/turtlesim/srv/detail/teleport_relative__rosidl_typesupport_introspection_cpp.hpp
[30.232s] -- Installing: /home/rinna/ros2_ws/install/turtlesim/include/turtlesim/turtlesim/srv/detail/teleport_relative__type_support.cpp
[30.232s] -- Up-to-date: /home/rinna/ros2_ws/install/turtlesim/include/turtlesim/turtlesim/action
[30.232s] -- Up-to-date: /home/rinna/ros2_ws/install/turtlesim/include/turtlesim/turtlesim/action/detail
[30.232s] -- Installing: /home/rinna/ros2_ws/install/turtlesim/include/turtlesim/turtlesim/action/detail/rotate_absolute__type_support.cpp
[30.233s] -- Installing: /home/rinna/ros2_ws/install/turtlesim/include/turtlesim/turtlesim/action/detail/rotate_absolute__rosidl_typesupport_introspection_cpp.hpp
[30.233s] -- Up-to-date: /home/rinna/ros2_ws/install/turtlesim/include/turtlesim/turtlesim/msg
[30.233s] -- Up-to-date: /home/rinna/ros2_ws/install/turtlesim/include/turtlesim/turtlesim/msg/detail
[30.233s] -- Installing: /home/rinna/ros2_ws/install/turtlesim/include/turtlesim/turtlesim/msg/detail/pose__rosidl_typesupport_introspection_cpp.hpp
[30.233s] -- Installing: /home/rinna/ros2_ws/install/turtlesim/include/turtlesim/turtlesim/msg/detail/color__rosidl_typesupport_introspection_cpp.hpp
[30.233s] -- Installing: /home/rinna/ros2_ws/install/turtlesim/include/turtlesim/turtlesim/msg/detail/color__type_support.cpp
[30.234s] -- Installing: /home/rinna/ros2_ws/install/turtlesim/include/turtlesim/turtlesim/msg/detail/pose__type_support.cpp
[30.234s] -- Installing: /home/rinna/ros2_ws/install/turtlesim/lib/libturtlesim__rosidl_typesupport_introspection_cpp.so
[30.235s] -- Set runtime path of "/home/rinna/ros2_ws/install/turtlesim/lib/libturtlesim__rosidl_typesupport_introspection_cpp.so" to ""
[30.235s] -- Installing: /home/rinna/ros2_ws/install/turtlesim/lib/libturtlesim__rosidl_typesupport_cpp.so
[30.235s] -- Set runtime path of "/home/rinna/ros2_ws/install/turtlesim/lib/libturtlesim__rosidl_typesupport_cpp.so" to ""
[30.235s] -- Installing: /home/rinna/ros2_ws/install/turtlesim/share/turtlesim/environment/pythonpath.sh
[30.235s] -- Installing: /home/rinna/ros2_ws/install/turtlesim/share/turtlesim/environment/pythonpath.dsv
[30.235s] -- Installing: /home/rinna/ros2_ws/install/turtlesim/local/lib/python3.10/dist-packages/turtlesim-1.4.3-py3.10.egg-info
[30.238s] -- Installing: /home/rinna/ros2_ws/install/turtlesim/local/lib/python3.10/dist-packages/turtlesim-1.4.3-py3.10.egg-info/top_level.txt
[30.238s] -- Installing: /home/rinna/ros2_ws/install/turtlesim/local/lib/python3.10/dist-packages/turtlesim-1.4.3-py3.10.egg-info/SOURCES.txt
[30.238s] -- Installing: /home/rinna/ros2_ws/install/turtlesim/local/lib/python3.10/dist-packages/turtlesim-1.4.3-py3.10.egg-info/dependency_links.txt
[30.238s] -- Installing: /home/rinna/ros2_ws/install/turtlesim/local/lib/python3.10/dist-packages/turtlesim-1.4.3-py3.10.egg-info/PKG-INFO
[30.238s] -- Installing: /home/rinna/ros2_ws/install/turtlesim/local/lib/python3.10/dist-packages/turtlesim
[30.239s] -- Installing: /home/rinna/ros2_ws/install/turtlesim/local/lib/python3.10/dist-packages/turtlesim/__init__.py
[30.239s] -- Installing: /home/rinna/ros2_ws/install/turtlesim/local/lib/python3.10/dist-packages/turtlesim/srv
[30.239s] -- Installing: /home/rinna/ros2_ws/install/turtlesim/local/lib/python3.10/dist-packages/turtlesim/srv/_teleport_relative_s.c
[30.239s] -- Installing: /home/rinna/ros2_ws/install/turtlesim/local/lib/python3.10/dist-packages/turtlesim/srv/_kill.py
[30.240s] -- Installing: /home/rinna/ros2_ws/install/turtlesim/local/lib/python3.10/dist-packages/turtlesim/srv/_spawn.py
[30.240s] -- Installing: /home/rinna/ros2_ws/install/turtlesim/local/lib/python3.10/dist-packages/turtlesim/srv/__init__.py
[30.241s] -- Installing: /home/rinna/ros2_ws/install/turtlesim/local/lib/python3.10/dist-packages/turtlesim/srv/_set_pen.py
[30.241s] -- Installing: /home/rinna/ros2_ws/install/turtlesim/local/lib/python3.10/dist-packages/turtlesim/srv/_set_pen_s.c
[30.241s] -- Installing: /home/rinna/ros2_ws/install/turtlesim/local/lib/python3.10/dist-packages/turtlesim/srv/_spawn_s.c
[30.241s] -- Installing: /home/rinna/ros2_ws/install/turtlesim/local/lib/python3.10/dist-packages/turtlesim/srv/_teleport_absolute_s.c
[30.241s] -- Installing: /home/rinna/ros2_ws/install/turtlesim/local/lib/python3.10/dist-packages/turtlesim/srv/_teleport_absolute.py
[30.241s] -- Installing: /home/rinna/ros2_ws/install/turtlesim/local/lib/python3.10/dist-packages/turtlesim/srv/_teleport_relative.py
[30.242s] -- Installing: /home/rinna/ros2_ws/install/turtlesim/local/lib/python3.10/dist-packages/turtlesim/srv/_kill_s.c
[30.242s] -- Installing: /home/rinna/ros2_ws/install/turtlesim/local/lib/python3.10/dist-packages/turtlesim/action
[30.243s] -- Installing: /home/rinna/ros2_ws/install/turtlesim/local/lib/python3.10/dist-packages/turtlesim/action/__init__.py
[30.243s] -- Installing: /home/rinna/ros2_ws/install/turtlesim/local/lib/python3.10/dist-packages/turtlesim/action/_rotate_absolute_s.c
[30.243s] -- Installing: /home/rinna/ros2_ws/install/turtlesim/local/lib/python3.10/dist-packages/turtlesim/action/_rotate_absolute.py
[30.243s] -- Installing: /home/rinna/ros2_ws/install/turtlesim/local/lib/python3.10/dist-packages/turtlesim/_turtlesim_s.ep.rosidl_typesupport_c.c
[30.243s] -- Installing: /home/rinna/ros2_ws/install/turtlesim/local/lib/python3.10/dist-packages/turtlesim/_turtlesim_s.ep.rosidl_typesupport_fastrtps_c.c
[30.244s] -- Installing: /home/rinna/ros2_ws/install/turtlesim/local/lib/python3.10/dist-packages/turtlesim/turtlesim_s__rosidl_typesupport_fastrtps_c.cpython-310-x86_64-linux-gnu.so
[30.244s] -- Installing: /home/rinna/ros2_ws/install/turtlesim/local/lib/python3.10/dist-packages/turtlesim/turtlesim_s__rosidl_typesupport_c.cpython-310-x86_64-linux-gnu.so
[30.244s] -- Installing: /home/rinna/ros2_ws/install/turtlesim/local/lib/python3.10/dist-packages/turtlesim/libturtlesim__rosidl_generator_py.so
[30.245s] -- Installing: /home/rinna/ros2_ws/install/turtlesim/local/lib/python3.10/dist-packages/turtlesim/_turtlesim_s.ep.rosidl_typesupport_introspection_c.c
[30.245s] -- Installing: /home/rinna/ros2_ws/install/turtlesim/local/lib/python3.10/dist-packages/turtlesim/msg
[30.246s] -- Installing: /home/rinna/ros2_ws/install/turtlesim/local/lib/python3.10/dist-packages/turtlesim/msg/__init__.py
[30.246s] -- Installing: /home/rinna/ros2_ws/install/turtlesim/local/lib/python3.10/dist-packages/turtlesim/msg/_color.py
[30.246s] -- Installing: /home/rinna/ros2_ws/install/turtlesim/local/lib/python3.10/dist-packages/turtlesim/msg/_pose_s.c
[30.246s] -- Installing: /home/rinna/ros2_ws/install/turtlesim/local/lib/python3.10/dist-packages/turtlesim/msg/_pose.py
[30.247s] -- Installing: /home/rinna/ros2_ws/install/turtlesim/local/lib/python3.10/dist-packages/turtlesim/msg/_color_s.c
[30.247s] -- Installing: /home/rinna/ros2_ws/install/turtlesim/local/lib/python3.10/dist-packages/turtlesim/turtlesim_s__rosidl_typesupport_introspection_c.cpython-310-x86_64-linux-gnu.so
[30.322s] Listing '/home/rinna/ros2_ws/install/turtlesim/local/lib/python3.10/dist-packages/turtlesim'...
[30.322s] Compiling '/home/rinna/ros2_ws/install/turtlesim/local/lib/python3.10/dist-packages/turtlesim/__init__.py'...
[30.322s] Listing '/home/rinna/ros2_ws/install/turtlesim/local/lib/python3.10/dist-packages/turtlesim/action'...
[30.322s] Compiling '/home/rinna/ros2_ws/install/turtlesim/local/lib/python3.10/dist-packages/turtlesim/action/__init__.py'...
[30.322s] Compiling '/home/rinna/ros2_ws/install/turtlesim/local/lib/python3.10/dist-packages/turtlesim/action/_rotate_absolute.py'...
[30.322s] Listing '/home/rinna/ros2_ws/install/turtlesim/local/lib/python3.10/dist-packages/turtlesim/msg'...
[30.322s] Compiling '/home/rinna/ros2_ws/install/turtlesim/local/lib/python3.10/dist-packages/turtlesim/msg/__init__.py'...
[30.322s] Compiling '/home/rinna/ros2_ws/install/turtlesim/local/lib/python3.10/dist-packages/turtlesim/msg/_color.py'...
[30.322s] Compiling '/home/rinna/ros2_ws/install/turtlesim/local/lib/python3.10/dist-packages/turtlesim/msg/_pose.py'...
[30.322s] Listing '/home/rinna/ros2_ws/install/turtlesim/local/lib/python3.10/dist-packages/turtlesim/srv'...
[30.322s] Compiling '/home/rinna/ros2_ws/install/turtlesim/local/lib/python3.10/dist-packages/turtlesim/srv/__init__.py'...
[30.322s] Compiling '/home/rinna/ros2_ws/install/turtlesim/local/lib/python3.10/dist-packages/turtlesim/srv/_kill.py'...
[30.322s] Compiling '/home/rinna/ros2_ws/install/turtlesim/local/lib/python3.10/dist-packages/turtlesim/srv/_set_pen.py'...
[30.323s] Compiling '/home/rinna/ros2_ws/install/turtlesim/local/lib/python3.10/dist-packages/turtlesim/srv/_spawn.py'...
[30.323s] Compiling '/home/rinna/ros2_ws/install/turtlesim/local/lib/python3.10/dist-packages/turtlesim/srv/_teleport_absolute.py'...
[30.323s] Compiling '/home/rinna/ros2_ws/install/turtlesim/local/lib/python3.10/dist-packages/turtlesim/srv/_teleport_relative.py'...
[30.328s] -- Installing: /home/rinna/ros2_ws/install/turtlesim/local/lib/python3.10/dist-packages/turtlesim/turtlesim_s__rosidl_typesupport_fastrtps_c.cpython-310-x86_64-linux-gnu.so
[30.329s] -- Set runtime path of "/home/rinna/ros2_ws/install/turtlesim/local/lib/python3.10/dist-packages/turtlesim/turtlesim_s__rosidl_typesupport_fastrtps_c.cpython-310-x86_64-linux-gnu.so" to ""
[30.329s] -- Installing: /home/rinna/ros2_ws/install/turtlesim/local/lib/python3.10/dist-packages/turtlesim/turtlesim_s__rosidl_typesupport_introspection_c.cpython-310-x86_64-linux-gnu.so
[30.330s] -- Set runtime path of "/home/rinna/ros2_ws/install/turtlesim/local/lib/python3.10/dist-packages/turtlesim/turtlesim_s__rosidl_typesupport_introspection_c.cpython-310-x86_64-linux-gnu.so" to ""
[30.330s] -- Installing: /home/rinna/ros2_ws/install/turtlesim/local/lib/python3.10/dist-packages/turtlesim/turtlesim_s__rosidl_typesupport_c.cpython-310-x86_64-linux-gnu.so
[30.330s] -- Set runtime path of "/home/rinna/ros2_ws/install/turtlesim/local/lib/python3.10/dist-packages/turtlesim/turtlesim_s__rosidl_typesupport_c.cpython-310-x86_64-linux-gnu.so" to ""
[30.330s] -- Installing: /home/rinna/ros2_ws/install/turtlesim/lib/libturtlesim__rosidl_generator_py.so
[30.331s] -- Set runtime path of "/home/rinna/ros2_ws/install/turtlesim/lib/libturtlesim__rosidl_generator_py.so" to ""
[30.332s] -- Installing: /home/rinna/ros2_ws/install/turtlesim/share/turtlesim/action/RotateAbsolute.idl
[30.332s] -- Installing: /home/rinna/ros2_ws/install/turtlesim/share/turtlesim/msg/Color.idl
[30.332s] -- Installing: /home/rinna/ros2_ws/install/turtlesim/share/turtlesim/msg/Pose.idl
[30.333s] -- Installing: /home/rinna/ros2_ws/install/turtlesim/share/turtlesim/srv/Kill.idl
[30.333s] -- Installing: /home/rinna/ros2_ws/install/turtlesim/share/turtlesim/srv/SetPen.idl
[30.333s] -- Installing: /home/rinna/ros2_ws/install/turtlesim/share/turtlesim/srv/Spawn.idl
[30.333s] -- Installing: /home/rinna/ros2_ws/install/turtlesim/share/turtlesim/srv/TeleportAbsolute.idl
[30.334s] -- Installing: /home/rinna/ros2_ws/install/turtlesim/share/turtlesim/srv/TeleportRelative.idl
[30.334s] -- Installing: /home/rinna/ros2_ws/install/turtlesim/share/turtlesim/action/RotateAbsolute.action
[30.334s] -- Installing: /home/rinna/ros2_ws/install/turtlesim/share/turtlesim/msg/Color.msg
[30.334s] -- Installing: /home/rinna/ros2_ws/install/turtlesim/share/turtlesim/msg/Pose.msg
[30.334s] -- Installing: /home/rinna/ros2_ws/install/turtlesim/share/turtlesim/srv/Kill.srv
[30.335s] -- Installing: /home/rinna/ros2_ws/install/turtlesim/share/turtlesim/srv/Kill_Request.msg
[30.335s] -- Installing: /home/rinna/ros2_ws/install/turtlesim/share/turtlesim/srv/Kill_Response.msg
[30.335s] -- Installing: /home/rinna/ros2_ws/install/turtlesim/share/turtlesim/srv/SetPen.srv
[30.335s] -- Installing: /home/rinna/ros2_ws/install/turtlesim/share/turtlesim/srv/SetPen_Request.msg
[30.335s] -- Installing: /home/rinna/ros2_ws/install/turtlesim/share/turtlesim/srv/SetPen_Response.msg
[30.336s] -- Installing: /home/rinna/ros2_ws/install/turtlesim/share/turtlesim/srv/Spawn.srv
[30.336s] -- Installing: /home/rinna/ros2_ws/install/turtlesim/share/turtlesim/srv/Spawn_Request.msg
[30.336s] -- Installing: /home/rinna/ros2_ws/install/turtlesim/share/turtlesim/srv/Spawn_Response.msg
[30.336s] -- Installing: /home/rinna/ros2_ws/install/turtlesim/share/turtlesim/srv/TeleportAbsolute.srv
[30.337s] -- Installing: /home/rinna/ros2_ws/install/turtlesim/share/turtlesim/srv/TeleportAbsolute_Request.msg
[30.337s] -- Installing: /home/rinna/ros2_ws/install/turtlesim/share/turtlesim/srv/TeleportAbsolute_Response.msg
[30.337s] -- Installing: /home/rinna/ros2_ws/install/turtlesim/share/turtlesim/srv/TeleportRelative.srv
[30.337s] -- Installing: /home/rinna/ros2_ws/install/turtlesim/share/turtlesim/srv/TeleportRelative_Request.msg
[30.337s] -- Installing: /home/rinna/ros2_ws/install/turtlesim/share/turtlesim/srv/TeleportRelative_Response.msg
[30.339s] -- Installing: /home/rinna/ros2_ws/install/turtlesim/lib/turtlesim/turtlesim_node
[30.352s] -- Set runtime path of "/home/rinna/ros2_ws/install/turtlesim/lib/turtlesim/turtlesim_node" to ""
[30.352s] -- Installing: /home/rinna/ros2_ws/install/turtlesim/lib/turtlesim/turtle_teleop_key
[30.354s] -- Set runtime path of "/home/rinna/ros2_ws/install/turtlesim/lib/turtlesim/turtle_teleop_key" to ""
[30.354s] -- Installing: /home/rinna/ros2_ws/install/turtlesim/lib/turtlesim/draw_square
[30.360s] -- Set runtime path of "/home/rinna/ros2_ws/install/turtlesim/lib/turtlesim/draw_square" to ""
[30.360s] -- Installing: /home/rinna/ros2_ws/install/turtlesim/lib/turtlesim/mimic
[30.365s] -- Set runtime path of "/home/rinna/ros2_ws/install/turtlesim/lib/turtlesim/mimic" to ""
[30.365s] -- Installing: /home/rinna/ros2_ws/install/turtlesim/share/turtlesim/images
[30.366s] -- Installing: /home/rinna/ros2_ws/install/turtlesim/share/turtlesim/images/eloquent.png
[30.367s] -- Installing: /home/rinna/ros2_ws/install/turtlesim/share/turtlesim/images/humble.png
[30.367s] -- Installing: /home/rinna/ros2_ws/install/turtlesim/share/turtlesim/images/crystal.png
[30.367s] -- Installing: /home/rinna/ros2_ws/install/turtlesim/share/turtlesim/images/rolling.png
[30.368s] -- Installing: /home/rinna/ros2_ws/install/turtlesim/share/turtlesim/images/ardent.png
[30.368s] -- Installing: /home/rinna/ros2_ws/install/turtlesim/share/turtlesim/images/dashing.png
[30.369s] -- Installing: /home/rinna/ros2_ws/install/turtlesim/share/turtlesim/images/foxy.png
[30.369s] -- Installing: /home/rinna/ros2_ws/install/turtlesim/share/turtlesim/images/bouncy.png
[30.369s] -- Installing: /home/rinna/ros2_ws/install/turtlesim/share/turtlesim/images/galactic.png
[30.370s] -- Installing: /home/rinna/ros2_ws/install/turtlesim/share/turtlesim/launch
[30.371s] -- Installing: /home/rinna/ros2_ws/install/turtlesim/share/turtlesim/launch/multisim.launch.py
[30.371s] -- Installing: /home/rinna/ros2_ws/install/turtlesim/share/ament_index/resource_index/package_run_dependencies/turtlesim
[30.372s] -- Installing: /home/rinna/ros2_ws/install/turtlesim/share/ament_index/resource_index/parent_prefix_path/turtlesim
[30.372s] -- Installing: /home/rinna/ros2_ws/install/turtlesim/share/turtlesim/environment/ament_prefix_path.sh
[30.372s] -- Installing: /home/rinna/ros2_ws/install/turtlesim/share/turtlesim/environment/ament_prefix_path.dsv
[30.373s] -- Installing: /home/rinna/ros2_ws/install/turtlesim/share/turtlesim/environment/path.sh
[30.373s] -- Installing: /home/rinna/ros2_ws/install/turtlesim/share/turtlesim/environment/path.dsv
[30.373s] -- Installing: /home/rinna/ros2_ws/install/turtlesim/share/turtlesim/local_setup.bash
[30.373s] -- Installing: /home/rinna/ros2_ws/install/turtlesim/share/turtlesim/local_setup.sh
[30.374s] -- Installing: /home/rinna/ros2_ws/install/turtlesim/share/turtlesim/local_setup.zsh
[30.374s] -- Installing: /home/rinna/ros2_ws/install/turtlesim/share/turtlesim/local_setup.dsv
[30.374s] -- Installing: /home/rinna/ros2_ws/install/turtlesim/share/turtlesim/package.dsv
[30.375s] -- Installing: /home/rinna/ros2_ws/install/turtlesim/share/ament_index/resource_index/packages/turtlesim
[30.376s] -- Installing: /home/rinna/ros2_ws/install/turtlesim/share/turtlesim/cmake/export_turtlesim__rosidl_generator_cExport.cmake
[30.376s] -- Installing: /home/rinna/ros2_ws/install/turtlesim/share/turtlesim/cmake/export_turtlesim__rosidl_generator_cExport-noconfig.cmake
[30.376s] -- Installing: /home/rinna/ros2_ws/install/turtlesim/share/turtlesim/cmake/export_turtlesim__rosidl_typesupport_fastrtps_cExport.cmake
[30.376s] -- Installing: /home/rinna/ros2_ws/install/turtlesim/share/turtlesim/cmake/export_turtlesim__rosidl_typesupport_fastrtps_cExport-noconfig.cmake
[30.377s] -- Installing: /home/rinna/ros2_ws/install/turtlesim/share/turtlesim/cmake/export_turtlesim__rosidl_generator_cppExport.cmake
[30.382s] -- Installing: /home/rinna/ros2_ws/install/turtlesim/share/turtlesim/cmake/export_turtlesim__rosidl_typesupport_fastrtps_cppExport.cmake
[30.382s] -- Installing: /home/rinna/ros2_ws/install/turtlesim/share/turtlesim/cmake/export_turtlesim__rosidl_typesupport_fastrtps_cppExport-noconfig.cmake
[30.382s] -- Installing: /home/rinna/ros2_ws/install/turtlesim/share/turtlesim/cmake/turtlesim__rosidl_typesupport_introspection_cExport.cmake
[30.383s] -- Installing: /home/rinna/ros2_ws/install/turtlesim/share/turtlesim/cmake/turtlesim__rosidl_typesupport_introspection_cExport-noconfig.cmake
[30.383s] -- Installing: /home/rinna/ros2_ws/install/turtlesim/share/turtlesim/cmake/turtlesim__rosidl_typesupport_cExport.cmake
[30.383s] -- Installing: /home/rinna/ros2_ws/install/turtlesim/share/turtlesim/cmake/turtlesim__rosidl_typesupport_cExport-noconfig.cmake
[30.383s] -- Installing: /home/rinna/ros2_ws/install/turtlesim/share/turtlesim/cmake/turtlesim__rosidl_typesupport_introspection_cppExport.cmake
[30.384s] -- Installing: /home/rinna/ros2_ws/install/turtlesim/share/turtlesim/cmake/turtlesim__rosidl_typesupport_introspection_cppExport-noconfig.cmake
[30.384s] -- Installing: /home/rinna/ros2_ws/install/turtlesim/share/turtlesim/cmake/turtlesim__rosidl_typesupport_cppExport.cmake
[30.384s] -- Installing: /home/rinna/ros2_ws/install/turtlesim/share/turtlesim/cmake/turtlesim__rosidl_typesupport_cppExport-noconfig.cmake
[30.385s] -- Installing: /home/rinna/ros2_ws/install/turtlesim/share/turtlesim/cmake/export_turtlesim__rosidl_generator_pyExport.cmake
[30.385s] -- Installing: /home/rinna/ros2_ws/install/turtlesim/share/turtlesim/cmake/export_turtlesim__rosidl_generator_pyExport-noconfig.cmake
[30.385s] -- Installing: /home/rinna/ros2_ws/install/turtlesim/share/turtlesim/cmake/rosidl_cmake-extras.cmake
[30.385s] -- Installing: /home/rinna/ros2_ws/install/turtlesim/share/turtlesim/cmake/ament_cmake_export_dependencies-extras.cmake
[30.386s] -- Installing: /home/rinna/ros2_ws/install/turtlesim/share/turtlesim/cmake/ament_cmake_export_include_directories-extras.cmake
[30.386s] -- Installing: /home/rinna/ros2_ws/install/turtlesim/share/turtlesim/cmake/ament_cmake_export_libraries-extras.cmake
[30.387s] -- Installing: /home/rinna/ros2_ws/install/turtlesim/share/turtlesim/cmake/ament_cmake_export_targets-extras.cmake
[30.387s] -- Installing: /home/rinna/ros2_ws/install/turtlesim/share/turtlesim/cmake/rosidl_cmake_export_typesupport_targets-extras.cmake
[30.387s] -- Installing: /home/rinna/ros2_ws/install/turtlesim/share/turtlesim/cmake/rosidl_cmake_export_typesupport_libraries-extras.cmake
[30.387s] -- Installing: /home/rinna/ros2_ws/install/turtlesim/share/turtlesim/cmake/turtlesimConfig.cmake
[30.388s] -- Installing: /home/rinna/ros2_ws/install/turtlesim/share/turtlesim/cmake/turtlesimConfig-version.cmake
[30.388s] -- Installing: /home/rinna/ros2_ws/install/turtlesim/share/turtlesim/package.xml
[30.393s] Invoked command in '/home/rinna/ros2_ws/build/turtlesim' returned '0': CMAKE_PREFIX_PATH=${CMAKE_PREFIX_PATH}:/home/rinna/ros2_ws/install/launch_testing_examples:/home/rinna/ros2_ws/install/examples_rclpy_pointcloud_publisher:/home/rinna/ros2_ws/install/examples_rclpy_minimal_subscriber:/home/rinna/ros2_ws/install/examples_rclpy_minimal_service:/home/rinna/ros2_ws/install/examples_rclpy_minimal_publisher:/home/rinna/ros2_ws/install/examples_rclpy_minimal_client:/home/rinna/ros2_ws/install/examples_rclpy_minimal_action_server:/home/rinna/ros2_ws/install/examples_rclpy_minimal_action_client:/home/rinna/ros2_ws/install/examples_rclpy_guard_conditions:/home/rinna/ros2_ws/install/examples_rclpy_executors:/opt/ros/humble /usr/bin/cmake --install /home/rinna/ros2_ws/build/turtlesim
