[0.010s] Invoking command in '/home/rinna/ros2_ws/build/turtlesim': CMAKE_PREFIX_PATH=/opt/ros/humble /usr/bin/cmake --build /home/rinna/ros2_ws/build/turtlesim -- -j16 -l16
[0.037s] -- Found ament_cmake: 1.3.12 (/opt/ros/humble/share/ament_cmake/cmake)
[0.138s] -- Found ament_index_cpp: 1.4.0 (/opt/ros/humble/share/ament_index_cpp/cmake)
[0.139s] -- Found geometry_msgs: 4.9.0 (/opt/ros/humble/share/geometry_msgs/cmake)
[0.207s] -- Found rosidl_generator_c: 3.1.7 (/opt/ros/humble/share/rosidl_generator_c/cmake)
[0.208s] -- Found rosidl_adapter: 3.1.7 (/opt/ros/humble/share/rosidl_adapter/cmake)
[0.213s] -- Found rosidl_generator_cpp: 3.1.7 (/opt/ros/humble/share/rosidl_generator_cpp/cmake)
[0.220s] -- Using all available rosidl_typesupport_c: rosidl_typesupport_fastrtps_c;rosidl_typesupport_introspection_c
[0.228s] -- Using all available rosidl_typesupport_cpp: rosidl_typesupport_fastrtps_cpp;rosidl_typesupport_introspection_cpp
[0.282s] -- Found rclcpp: 16.0.15 (/opt/ros/humble/share/rclcpp/cmake)
[0.299s] -- Found rmw_implementation_cmake: 6.1.2 (/opt/ros/humble/share/rmw_implementation_cmake/cmake)
[0.300s] -- Found rmw_fastrtps_cpp: 6.2.8 (/opt/ros/humble/share/rmw_fastrtps_cpp/cmake)
[2.278s] -- Using RMW implementation 'rmw_fastrtps_cpp' as default
[2.303s] -- Found rclcpp_action: 16.0.15 (/opt/ros/humble/share/rclcpp_action/cmake)
[2.322s] -- Found rosidl_default_generators: 1.2.0 (/opt/ros/humble/share/rosidl_default_generators/cmake)
[2.327s] -- Found std_srvs: 4.9.0 (/opt/ros/humble/share/std_srvs/cmake)
[2.563s] -- Found ament_cmake_ros: 0.10.0 (/opt/ros/humble/share/ament_cmake_ros/cmake)
[2.819s] -- Using all available rosidl_typesupport_c: rosidl_typesupport_fastrtps_c;rosidl_typesupport_introspection_c
[2.921s] -- Using all available rosidl_typesupport_cpp: rosidl_typesupport_fastrtps_cpp;rosidl_typesupport_introspection_cpp
[2.940s] -- Found python_cmake_module: 0.10.0 (/opt/ros/humble/share/python_cmake_module/cmake)
[2.960s] -- Using PYTHON_EXECUTABLE: /usr/bin/python3
[2.960s] -- Using PYTHON_INCLUDE_DIRS: /usr/include/python3.10
[2.960s] -- Using PYTHON_LIBRARIES: /usr/lib/x86_64-linux-gnu/libpython3.10.so
[2.982s] -- Configuring done
[3.037s] -- Generating done
[3.055s] -- Build files have been written to: /home/rinna/ros2_ws/build/turtlesim
[3.088s] [35m[1mConsolidate compiler generated dependencies of target turtlesim__rosidl_generator_c[0m
[3.097s] [  1%] Built target turtlesim__cpp
[3.101s] [ 11%] Built target turtlesim__rosidl_generator_c
[3.109s] [35m[1mConsolidate compiler generated dependencies of target turtlesim__rosidl_typesupport_cpp[0m
[3.110s] [ 11%] Built target ament_cmake_python_copy_turtlesim
[3.110s] [35m[1mConsolidate compiler generated dependencies of target turtlesim__rosidl_typesupport_fastrtps_cpp[0m
[3.111s] [35m[1mConsolidate compiler generated dependencies of target turtlesim__rosidl_typesupport_c[0m
[3.111s] [35m[1mConsolidate compiler generated dependencies of target turtlesim__rosidl_typesupport_introspection_c[0m
[3.111s] [35m[1mConsolidate compiler generated dependencies of target turtlesim__rosidl_typesupport_introspection_cpp[0m
[3.112s] [35m[1mConsolidate compiler generated dependencies of target turtlesim__rosidl_typesupport_fastrtps_c[0m
[3.125s] gmake[2]: Warning: File 'libturtlesim__rosidl_typesupport_fastrtps_c.so' has modification time 14312 s in the future
[3.126s] gmake[2]: warning:  Clock skew detected.  Your build may be incomplete.
[3.126s] [ 34%] Built target turtlesim__rosidl_typesupport_c
[3.126s] [ 34%] Built target turtlesim__rosidl_typesupport_cpp
[3.126s] [ 41%] Built target turtlesim__rosidl_typesupport_introspection_c
[3.129s] [ 51%] Built target turtlesim__rosidl_typesupport_fastrtps_cpp
[3.131s] [ 61%] Built target turtlesim__rosidl_typesupport_introspection_cpp
[3.135s] [ 71%] Built target turtlesim__rosidl_typesupport_fastrtps_c
[3.137s] [35m[1mConsolidate compiler generated dependencies of target mimic[0m
[3.138s] [35m[1mConsolidate compiler generated dependencies of target turtle_teleop_key[0m
[3.139s] [35m[1mConsolidate compiler generated dependencies of target draw_square[0m
[3.139s] [35m[1mConsolidate compiler generated dependencies of target turtlesim_node[0m
[3.157s] [ 75%] Built target turtle_teleop_key
[3.157s] [ 75%] Built target draw_square
[3.157s] [ 77%] Built target mimic
[3.157s] [ 77%] Built target turtlesim
[3.167s] [ 83%] Built target turtlesim_node
[3.179s] [ 84%] Built target turtlesim__py
[3.193s] [35m[1mConsolidate compiler generated dependencies of target turtlesim__rosidl_generator_py[0m
[3.211s] [ 93%] Built target turtlesim__rosidl_generator_py
[3.223s] [35m[1mConsolidate compiler generated dependencies of target turtlesim__rosidl_typesupport_fastrtps_c__pyext[0m
[3.223s] [35m[1mConsolidate compiler generated dependencies of target turtlesim__rosidl_typesupport_introspection_c__pyext[0m
[3.223s] [35m[1mConsolidate compiler generated dependencies of target turtlesim__rosidl_typesupport_c__pyext[0m
[3.228s] gmake[2]: Warning: File 'libturtlesim__rosidl_typesupport_fastrtps_c.so' has modification time 14311 s in the future
[3.236s] [ 95%] Built target turtlesim__rosidl_typesupport_c__pyext
[3.237s] [ 98%] [32m[1mLinking C shared library rosidl_generator_py/turtlesim/turtlesim_s__rosidl_typesupport_fastrtps_c.cpython-310-x86_64-linux-gnu.so[0m
[3.237s] [ 98%] Built target turtlesim__rosidl_typesupport_introspection_c__pyext
[3.293s] gmake[2]: warning:  Clock skew detected.  Your build may be incomplete.
[3.296s] running egg_info
[3.296s] writing turtlesim.egg-info/PKG-INFO
[3.297s] writing dependency_links to turtlesim.egg-info/dependency_links.txt
[3.297s] writing top-level names to turtlesim.egg-info/top_level.txt
[3.298s] reading manifest file 'turtlesim.egg-info/SOURCES.txt'
[3.299s] writing manifest file 'turtlesim.egg-info/SOURCES.txt'
[3.302s] [100%] Built target turtlesim__rosidl_typesupport_fastrtps_c__pyext
[3.324s] [100%] Built target ament_cmake_python_build_turtlesim_egg
[3.339s] Invoked command in '/home/rinna/ros2_ws/build/turtlesim' returned '0': CMAKE_PREFIX_PATH=/opt/ros/humble /usr/bin/cmake --build /home/rinna/ros2_ws/build/turtlesim -- -j16 -l16
[3.350s] Invoking command in '/home/rinna/ros2_ws/build/turtlesim': CMAKE_PREFIX_PATH=/opt/ros/humble /usr/bin/cmake --install /home/rinna/ros2_ws/build/turtlesim
[3.358s] -- Install configuration: ""
[3.358s] -- Up-to-date: /home/rinna/ros2_ws/install/turtlesim/share/ament_index/resource_index/rosidl_interfaces/turtlesim
[3.358s] -- Up-to-date: /home/rinna/ros2_ws/install/turtlesim/include/turtlesim/turtlesim
[3.358s] -- Up-to-date: /home/rinna/ros2_ws/install/turtlesim/include/turtlesim/turtlesim/srv
[3.358s] -- Up-to-date: /home/rinna/ros2_ws/install/turtlesim/include/turtlesim/turtlesim/srv/teleport_relative.h
[3.359s] -- Up-to-date: /home/rinna/ros2_ws/install/turtlesim/include/turtlesim/turtlesim/srv/kill.h
[3.359s] -- Up-to-date: /home/rinna/ros2_ws/install/turtlesim/include/turtlesim/turtlesim/srv/teleport_absolute.h
[3.359s] -- Up-to-date: /home/rinna/ros2_ws/install/turtlesim/include/turtlesim/turtlesim/srv/spawn.h
[3.359s] -- Up-to-date: /home/rinna/ros2_ws/install/turtlesim/include/turtlesim/turtlesim/srv/set_pen.h
[3.359s] -- Up-to-date: /home/rinna/ros2_ws/install/turtlesim/include/turtlesim/turtlesim/srv/detail
[3.359s] -- Up-to-date: /home/rinna/ros2_ws/install/turtlesim/include/turtlesim/turtlesim/srv/detail/kill__type_support.h
[3.359s] -- Up-to-date: /home/rinna/ros2_ws/install/turtlesim/include/turtlesim/turtlesim/srv/detail/kill__struct.h
[3.359s] -- Up-to-date: /home/rinna/ros2_ws/install/turtlesim/include/turtlesim/turtlesim/srv/detail/teleport_relative__struct.h
[3.359s] -- Up-to-date: /home/rinna/ros2_ws/install/turtlesim/include/turtlesim/turtlesim/srv/detail/kill__functions.h
[3.359s] -- Up-to-date: /home/rinna/ros2_ws/install/turtlesim/include/turtlesim/turtlesim/srv/detail/set_pen__type_support.h
[3.359s] -- Up-to-date: /home/rinna/ros2_ws/install/turtlesim/include/turtlesim/turtlesim/srv/detail/teleport_relative__type_support.h
[3.360s] -- Up-to-date: /home/rinna/ros2_ws/install/turtlesim/include/turtlesim/turtlesim/srv/detail/set_pen__struct.h
[3.360s] -- Up-to-date: /home/rinna/ros2_ws/install/turtlesim/include/turtlesim/turtlesim/srv/detail/spawn__functions.h
[3.360s] -- Up-to-date: /home/rinna/ros2_ws/install/turtlesim/include/turtlesim/turtlesim/srv/detail/teleport_absolute__functions.h
[3.360s] -- Up-to-date: /home/rinna/ros2_ws/install/turtlesim/include/turtlesim/turtlesim/srv/detail/teleport_absolute__functions.c
[3.360s] -- Up-to-date: /home/rinna/ros2_ws/install/turtlesim/include/turtlesim/turtlesim/srv/detail/teleport_absolute__struct.h
[3.360s] -- Up-to-date: /home/rinna/ros2_ws/install/turtlesim/include/turtlesim/turtlesim/srv/detail/teleport_relative__functions.h
[3.360s] -- Up-to-date: /home/rinna/ros2_ws/install/turtlesim/include/turtlesim/turtlesim/srv/detail/teleport_absolute__type_support.h
[3.360s] -- Up-to-date: /home/rinna/ros2_ws/install/turtlesim/include/turtlesim/turtlesim/srv/detail/teleport_relative__functions.c
[3.360s] -- Up-to-date: /home/rinna/ros2_ws/install/turtlesim/include/turtlesim/turtlesim/srv/detail/set_pen__functions.c
[3.360s] -- Up-to-date: /home/rinna/ros2_ws/install/turtlesim/include/turtlesim/turtlesim/srv/detail/spawn__type_support.h
[3.360s] -- Up-to-date: /home/rinna/ros2_ws/install/turtlesim/include/turtlesim/turtlesim/srv/detail/spawn__functions.c
[3.361s] -- Up-to-date: /home/rinna/ros2_ws/install/turtlesim/include/turtlesim/turtlesim/srv/detail/spawn__struct.h
[3.361s] -- Up-to-date: /home/rinna/ros2_ws/install/turtlesim/include/turtlesim/turtlesim/srv/detail/set_pen__functions.h
[3.361s] -- Up-to-date: /home/rinna/ros2_ws/install/turtlesim/include/turtlesim/turtlesim/srv/detail/kill__functions.c
[3.361s] -- Up-to-date: /home/rinna/ros2_ws/install/turtlesim/include/turtlesim/turtlesim/action
[3.361s] -- Up-to-date: /home/rinna/ros2_ws/install/turtlesim/include/turtlesim/turtlesim/action/rotate_absolute.h
[3.361s] -- Up-to-date: /home/rinna/ros2_ws/install/turtlesim/include/turtlesim/turtlesim/action/detail
[3.361s] -- Up-to-date: /home/rinna/ros2_ws/install/turtlesim/include/turtlesim/turtlesim/action/detail/rotate_absolute__functions.h
[3.361s] -- Up-to-date: /home/rinna/ros2_ws/install/turtlesim/include/turtlesim/turtlesim/action/detail/rotate_absolute__struct.h
[3.361s] -- Up-to-date: /home/rinna/ros2_ws/install/turtlesim/include/turtlesim/turtlesim/action/detail/rotate_absolute__type_support.h
[3.361s] -- Up-to-date: /home/rinna/ros2_ws/install/turtlesim/include/turtlesim/turtlesim/action/detail/rotate_absolute__functions.c
[3.361s] -- Up-to-date: /home/rinna/ros2_ws/install/turtlesim/include/turtlesim/turtlesim/msg
[3.362s] -- Up-to-date: /home/rinna/ros2_ws/install/turtlesim/include/turtlesim/turtlesim/msg/color.h
[3.362s] -- Up-to-date: /home/rinna/ros2_ws/install/turtlesim/include/turtlesim/turtlesim/msg/rosidl_generator_c__visibility_control.h
[3.362s] -- Up-to-date: /home/rinna/ros2_ws/install/turtlesim/include/turtlesim/turtlesim/msg/detail
[3.362s] -- Up-to-date: /home/rinna/ros2_ws/install/turtlesim/include/turtlesim/turtlesim/msg/detail/color__type_support.h
[3.362s] -- Up-to-date: /home/rinna/ros2_ws/install/turtlesim/include/turtlesim/turtlesim/msg/detail/color__functions.h
[3.362s] -- Up-to-date: /home/rinna/ros2_ws/install/turtlesim/include/turtlesim/turtlesim/msg/detail/pose__type_support.h
[3.362s] -- Up-to-date: /home/rinna/ros2_ws/install/turtlesim/include/turtlesim/turtlesim/msg/detail/pose__functions.h
[3.362s] -- Up-to-date: /home/rinna/ros2_ws/install/turtlesim/include/turtlesim/turtlesim/msg/detail/pose__struct.h
[3.362s] -- Up-to-date: /home/rinna/ros2_ws/install/turtlesim/include/turtlesim/turtlesim/msg/detail/pose__functions.c
[3.362s] -- Up-to-date: /home/rinna/ros2_ws/install/turtlesim/include/turtlesim/turtlesim/msg/detail/color__struct.h
[3.362s] -- Up-to-date: /home/rinna/ros2_ws/install/turtlesim/include/turtlesim/turtlesim/msg/detail/color__functions.c
[3.362s] -- Up-to-date: /home/rinna/ros2_ws/install/turtlesim/include/turtlesim/turtlesim/msg/pose.h
[3.363s] -- Up-to-date: /home/rinna/ros2_ws/install/turtlesim/share/turtlesim/environment/library_path.sh
[3.363s] -- Installing: /home/rinna/ros2_ws/install/turtlesim/share/turtlesim/environment/library_path.dsv
[3.363s] -- Up-to-date: /home/rinna/ros2_ws/install/turtlesim/lib/libturtlesim__rosidl_generator_c.so
[3.363s] -- Up-to-date: /home/rinna/ros2_ws/install/turtlesim/include/turtlesim/turtlesim
[3.363s] -- Up-to-date: /home/rinna/ros2_ws/install/turtlesim/include/turtlesim/turtlesim/srv
[3.363s] -- Up-to-date: /home/rinna/ros2_ws/install/turtlesim/include/turtlesim/turtlesim/srv/detail
[3.363s] -- Up-to-date: /home/rinna/ros2_ws/install/turtlesim/include/turtlesim/turtlesim/srv/detail/teleport_relative__rosidl_typesupport_fastrtps_c.h
[3.363s] -- Up-to-date: /home/rinna/ros2_ws/install/turtlesim/include/turtlesim/turtlesim/srv/detail/kill__rosidl_typesupport_fastrtps_c.h
[3.363s] -- Up-to-date: /home/rinna/ros2_ws/install/turtlesim/include/turtlesim/turtlesim/srv/detail/spawn__rosidl_typesupport_fastrtps_c.h
[3.363s] -- Up-to-date: /home/rinna/ros2_ws/install/turtlesim/include/turtlesim/turtlesim/srv/detail/teleport_absolute__rosidl_typesupport_fastrtps_c.h
[3.364s] -- Up-to-date: /home/rinna/ros2_ws/install/turtlesim/include/turtlesim/turtlesim/srv/detail/set_pen__rosidl_typesupport_fastrtps_c.h
[3.364s] -- Up-to-date: /home/rinna/ros2_ws/install/turtlesim/include/turtlesim/turtlesim/action
[3.364s] -- Up-to-date: /home/rinna/ros2_ws/install/turtlesim/include/turtlesim/turtlesim/action/detail
[3.364s] -- Up-to-date: /home/rinna/ros2_ws/install/turtlesim/include/turtlesim/turtlesim/action/detail/rotate_absolute__rosidl_typesupport_fastrtps_c.h
[3.364s] -- Up-to-date: /home/rinna/ros2_ws/install/turtlesim/include/turtlesim/turtlesim/msg
[3.364s] -- Up-to-date: /home/rinna/ros2_ws/install/turtlesim/include/turtlesim/turtlesim/msg/rosidl_typesupport_fastrtps_c__visibility_control.h
[3.364s] -- Up-to-date: /home/rinna/ros2_ws/install/turtlesim/include/turtlesim/turtlesim/msg/detail
[3.364s] -- Up-to-date: /home/rinna/ros2_ws/install/turtlesim/include/turtlesim/turtlesim/msg/detail/color__rosidl_typesupport_fastrtps_c.h
[3.364s] -- Up-to-date: /home/rinna/ros2_ws/install/turtlesim/include/turtlesim/turtlesim/msg/detail/pose__rosidl_typesupport_fastrtps_c.h
[3.364s] -- Up-to-date: /home/rinna/ros2_ws/install/turtlesim/lib/libturtlesim__rosidl_typesupport_fastrtps_c.so
[3.364s] -- Up-to-date: /home/rinna/ros2_ws/install/turtlesim/include/turtlesim/turtlesim
[3.365s] -- Up-to-date: /home/rinna/ros2_ws/install/turtlesim/include/turtlesim/turtlesim/srv
[3.365s] -- Up-to-date: /home/rinna/ros2_ws/install/turtlesim/include/turtlesim/turtlesim/srv/teleport_absolute.hpp
[3.365s] -- Up-to-date: /home/rinna/ros2_ws/install/turtlesim/include/turtlesim/turtlesim/srv/set_pen.hpp
[3.365s] -- Up-to-date: /home/rinna/ros2_ws/install/turtlesim/include/turtlesim/turtlesim/srv/kill.hpp
[3.365s] -- Up-to-date: /home/rinna/ros2_ws/install/turtlesim/include/turtlesim/turtlesim/srv/spawn.hpp
[3.365s] -- Up-to-date: /home/rinna/ros2_ws/install/turtlesim/include/turtlesim/turtlesim/srv/teleport_relative.hpp
[3.365s] -- Up-to-date: /home/rinna/ros2_ws/install/turtlesim/include/turtlesim/turtlesim/srv/detail
[3.365s] -- Up-to-date: /home/rinna/ros2_ws/install/turtlesim/include/turtlesim/turtlesim/srv/detail/teleport_absolute__struct.hpp
[3.365s] -- Up-to-date: /home/rinna/ros2_ws/install/turtlesim/include/turtlesim/turtlesim/srv/detail/spawn__struct.hpp
[3.365s] -- Up-to-date: /home/rinna/ros2_ws/install/turtlesim/include/turtlesim/turtlesim/srv/detail/teleport_relative__builder.hpp
[3.365s] -- Up-to-date: /home/rinna/ros2_ws/install/turtlesim/include/turtlesim/turtlesim/srv/detail/set_pen__builder.hpp
[3.365s] -- Up-to-date: /home/rinna/ros2_ws/install/turtlesim/include/turtlesim/turtlesim/srv/detail/teleport_absolute__type_support.hpp
[3.365s] -- Up-to-date: /home/rinna/ros2_ws/install/turtlesim/include/turtlesim/turtlesim/srv/detail/spawn__traits.hpp
[3.365s] -- Up-to-date: /home/rinna/ros2_ws/install/turtlesim/include/turtlesim/turtlesim/srv/detail/set_pen__struct.hpp
[3.366s] -- Up-to-date: /home/rinna/ros2_ws/install/turtlesim/include/turtlesim/turtlesim/srv/detail/spawn__type_support.hpp
[3.366s] -- Up-to-date: /home/rinna/ros2_ws/install/turtlesim/include/turtlesim/turtlesim/srv/detail/teleport_relative__traits.hpp
[3.366s] -- Up-to-date: /home/rinna/ros2_ws/install/turtlesim/include/turtlesim/turtlesim/srv/detail/teleport_absolute__traits.hpp
[3.366s] -- Up-to-date: /home/rinna/ros2_ws/install/turtlesim/include/turtlesim/turtlesim/srv/detail/kill__traits.hpp
[3.366s] -- Up-to-date: /home/rinna/ros2_ws/install/turtlesim/include/turtlesim/turtlesim/srv/detail/set_pen__traits.hpp
[3.366s] -- Up-to-date: /home/rinna/ros2_ws/install/turtlesim/include/turtlesim/turtlesim/srv/detail/spawn__builder.hpp
[3.366s] -- Up-to-date: /home/rinna/ros2_ws/install/turtlesim/include/turtlesim/turtlesim/srv/detail/teleport_absolute__builder.hpp
[3.366s] -- Up-to-date: /home/rinna/ros2_ws/install/turtlesim/include/turtlesim/turtlesim/srv/detail/kill__type_support.hpp
[3.366s] -- Up-to-date: /home/rinna/ros2_ws/install/turtlesim/include/turtlesim/turtlesim/srv/detail/teleport_relative__type_support.hpp
[3.366s] -- Up-to-date: /home/rinna/ros2_ws/install/turtlesim/include/turtlesim/turtlesim/srv/detail/set_pen__type_support.hpp
[3.366s] -- Up-to-date: /home/rinna/ros2_ws/install/turtlesim/include/turtlesim/turtlesim/srv/detail/teleport_relative__struct.hpp
[3.366s] -- Up-to-date: /home/rinna/ros2_ws/install/turtlesim/include/turtlesim/turtlesim/srv/detail/kill__builder.hpp
[3.367s] -- Up-to-date: /home/rinna/ros2_ws/install/turtlesim/include/turtlesim/turtlesim/srv/detail/kill__struct.hpp
[3.367s] -- Up-to-date: /home/rinna/ros2_ws/install/turtlesim/include/turtlesim/turtlesim/action
[3.367s] -- Up-to-date: /home/rinna/ros2_ws/install/turtlesim/include/turtlesim/turtlesim/action/rotate_absolute.hpp
[3.367s] -- Up-to-date: /home/rinna/ros2_ws/install/turtlesim/include/turtlesim/turtlesim/action/detail
[3.367s] -- Up-to-date: /home/rinna/ros2_ws/install/turtlesim/include/turtlesim/turtlesim/action/detail/rotate_absolute__struct.hpp
[3.367s] -- Up-to-date: /home/rinna/ros2_ws/install/turtlesim/include/turtlesim/turtlesim/action/detail/rotate_absolute__traits.hpp
[3.367s] -- Up-to-date: /home/rinna/ros2_ws/install/turtlesim/include/turtlesim/turtlesim/action/detail/rotate_absolute__type_support.hpp
[3.367s] -- Up-to-date: /home/rinna/ros2_ws/install/turtlesim/include/turtlesim/turtlesim/action/detail/rotate_absolute__builder.hpp
[3.367s] -- Up-to-date: /home/rinna/ros2_ws/install/turtlesim/include/turtlesim/turtlesim/msg
[3.367s] -- Up-to-date: /home/rinna/ros2_ws/install/turtlesim/include/turtlesim/turtlesim/msg/pose.hpp
[3.368s] -- Up-to-date: /home/rinna/ros2_ws/install/turtlesim/include/turtlesim/turtlesim/msg/rosidl_generator_cpp__visibility_control.hpp
[3.368s] -- Up-to-date: /home/rinna/ros2_ws/install/turtlesim/include/turtlesim/turtlesim/msg/detail
[3.368s] -- Up-to-date: /home/rinna/ros2_ws/install/turtlesim/include/turtlesim/turtlesim/msg/detail/pose__struct.hpp
[3.368s] -- Up-to-date: /home/rinna/ros2_ws/install/turtlesim/include/turtlesim/turtlesim/msg/detail/pose__type_support.hpp
[3.368s] -- Up-to-date: /home/rinna/ros2_ws/install/turtlesim/include/turtlesim/turtlesim/msg/detail/color__type_support.hpp
[3.368s] -- Up-to-date: /home/rinna/ros2_ws/install/turtlesim/include/turtlesim/turtlesim/msg/detail/color__builder.hpp
[3.368s] -- Up-to-date: /home/rinna/ros2_ws/install/turtlesim/include/turtlesim/turtlesim/msg/detail/pose__traits.hpp
[3.368s] -- Up-to-date: /home/rinna/ros2_ws/install/turtlesim/include/turtlesim/turtlesim/msg/detail/pose__builder.hpp
[3.368s] -- Up-to-date: /home/rinna/ros2_ws/install/turtlesim/include/turtlesim/turtlesim/msg/detail/color__traits.hpp
[3.368s] -- Up-to-date: /home/rinna/ros2_ws/install/turtlesim/include/turtlesim/turtlesim/msg/detail/color__struct.hpp
[3.369s] -- Up-to-date: /home/rinna/ros2_ws/install/turtlesim/include/turtlesim/turtlesim/msg/color.hpp
[3.369s] -- Up-to-date: /home/rinna/ros2_ws/install/turtlesim/include/turtlesim/turtlesim
[3.369s] -- Up-to-date: /home/rinna/ros2_ws/install/turtlesim/include/turtlesim/turtlesim/srv
[3.369s] -- Up-to-date: /home/rinna/ros2_ws/install/turtlesim/include/turtlesim/turtlesim/srv/detail
[3.369s] -- Up-to-date: /home/rinna/ros2_ws/install/turtlesim/include/turtlesim/turtlesim/srv/detail/spawn__rosidl_typesupport_fastrtps_cpp.hpp
[3.369s] -- Up-to-date: /home/rinna/ros2_ws/install/turtlesim/include/turtlesim/turtlesim/srv/detail/dds_fastrtps
[3.369s] -- Up-to-date: /home/rinna/ros2_ws/install/turtlesim/include/turtlesim/turtlesim/srv/detail/set_pen__rosidl_typesupport_fastrtps_cpp.hpp
[3.369s] -- Up-to-date: /home/rinna/ros2_ws/install/turtlesim/include/turtlesim/turtlesim/srv/detail/teleport_relative__rosidl_typesupport_fastrtps_cpp.hpp
[3.369s] -- Up-to-date: /home/rinna/ros2_ws/install/turtlesim/include/turtlesim/turtlesim/srv/detail/kill__rosidl_typesupport_fastrtps_cpp.hpp
[3.369s] -- Up-to-date: /home/rinna/ros2_ws/install/turtlesim/include/turtlesim/turtlesim/srv/detail/teleport_absolute__rosidl_typesupport_fastrtps_cpp.hpp
[3.369s] -- Up-to-date: /home/rinna/ros2_ws/install/turtlesim/include/turtlesim/turtlesim/action
[3.369s] -- Up-to-date: /home/rinna/ros2_ws/install/turtlesim/include/turtlesim/turtlesim/action/detail
[3.369s] -- Up-to-date: /home/rinna/ros2_ws/install/turtlesim/include/turtlesim/turtlesim/action/detail/dds_fastrtps
[3.369s] -- Up-to-date: /home/rinna/ros2_ws/install/turtlesim/include/turtlesim/turtlesim/action/detail/rotate_absolute__rosidl_typesupport_fastrtps_cpp.hpp
[3.369s] -- Up-to-date: /home/rinna/ros2_ws/install/turtlesim/include/turtlesim/turtlesim/msg
[3.369s] -- Up-to-date: /home/rinna/ros2_ws/install/turtlesim/include/turtlesim/turtlesim/msg/rosidl_typesupport_fastrtps_cpp__visibility_control.h
[3.369s] -- Up-to-date: /home/rinna/ros2_ws/install/turtlesim/include/turtlesim/turtlesim/msg/detail
[3.369s] -- Up-to-date: /home/rinna/ros2_ws/install/turtlesim/include/turtlesim/turtlesim/msg/detail/dds_fastrtps
[3.369s] -- Up-to-date: /home/rinna/ros2_ws/install/turtlesim/include/turtlesim/turtlesim/msg/detail/color__rosidl_typesupport_fastrtps_cpp.hpp
[3.369s] -- Up-to-date: /home/rinna/ros2_ws/install/turtlesim/include/turtlesim/turtlesim/msg/detail/pose__rosidl_typesupport_fastrtps_cpp.hpp
[3.370s] -- Up-to-date: /home/rinna/ros2_ws/install/turtlesim/lib/libturtlesim__rosidl_typesupport_fastrtps_cpp.so
[3.370s] -- Up-to-date: /home/rinna/ros2_ws/install/turtlesim/include/turtlesim/turtlesim
[3.370s] -- Up-to-date: /home/rinna/ros2_ws/install/turtlesim/include/turtlesim/turtlesim/srv
[3.370s] -- Up-to-date: /home/rinna/ros2_ws/install/turtlesim/include/turtlesim/turtlesim/srv/detail
[3.370s] -- Up-to-date: /home/rinna/ros2_ws/install/turtlesim/include/turtlesim/turtlesim/srv/detail/set_pen__rosidl_typesupport_introspection_c.h
[3.370s] -- Up-to-date: /home/rinna/ros2_ws/install/turtlesim/include/turtlesim/turtlesim/srv/detail/teleport_absolute__rosidl_typesupport_introspection_c.h
[3.370s] -- Up-to-date: /home/rinna/ros2_ws/install/turtlesim/include/turtlesim/turtlesim/srv/detail/kill__rosidl_typesupport_introspection_c.h
[3.370s] -- Up-to-date: /home/rinna/ros2_ws/install/turtlesim/include/turtlesim/turtlesim/srv/detail/kill__type_support.c
[3.370s] -- Up-to-date: /home/rinna/ros2_ws/install/turtlesim/include/turtlesim/turtlesim/srv/detail/set_pen__type_support.c
[3.370s] -- Up-to-date: /home/rinna/ros2_ws/install/turtlesim/include/turtlesim/turtlesim/srv/detail/spawn__rosidl_typesupport_introspection_c.h
[3.370s] -- Up-to-date: /home/rinna/ros2_ws/install/turtlesim/include/turtlesim/turtlesim/srv/detail/teleport_relative__rosidl_typesupport_introspection_c.h
[3.370s] -- Up-to-date: /home/rinna/ros2_ws/install/turtlesim/include/turtlesim/turtlesim/srv/detail/teleport_absolute__type_support.c
[3.370s] -- Up-to-date: /home/rinna/ros2_ws/install/turtlesim/include/turtlesim/turtlesim/srv/detail/spawn__type_support.c
[3.370s] -- Up-to-date: /home/rinna/ros2_ws/install/turtlesim/include/turtlesim/turtlesim/srv/detail/teleport_relative__type_support.c
[3.370s] -- Up-to-date: /home/rinna/ros2_ws/install/turtlesim/include/turtlesim/turtlesim/action
[3.370s] -- Up-to-date: /home/rinna/ros2_ws/install/turtlesim/include/turtlesim/turtlesim/action/detail
[3.370s] -- Up-to-date: /home/rinna/ros2_ws/install/turtlesim/include/turtlesim/turtlesim/action/detail/rotate_absolute__rosidl_typesupport_introspection_c.h
[3.370s] -- Up-to-date: /home/rinna/ros2_ws/install/turtlesim/include/turtlesim/turtlesim/action/detail/rotate_absolute__type_support.c
[3.370s] -- Up-to-date: /home/rinna/ros2_ws/install/turtlesim/include/turtlesim/turtlesim/msg
[3.370s] -- Up-to-date: /home/rinna/ros2_ws/install/turtlesim/include/turtlesim/turtlesim/msg/rosidl_typesupport_introspection_c__visibility_control.h
[3.370s] -- Up-to-date: /home/rinna/ros2_ws/install/turtlesim/include/turtlesim/turtlesim/msg/detail
[3.370s] -- Up-to-date: /home/rinna/ros2_ws/install/turtlesim/include/turtlesim/turtlesim/msg/detail/pose__type_support.c
[3.370s] -- Up-to-date: /home/rinna/ros2_ws/install/turtlesim/include/turtlesim/turtlesim/msg/detail/color__rosidl_typesupport_introspection_c.h
[3.370s] -- Up-to-date: /home/rinna/ros2_ws/install/turtlesim/include/turtlesim/turtlesim/msg/detail/color__type_support.c
[3.370s] -- Up-to-date: /home/rinna/ros2_ws/install/turtlesim/include/turtlesim/turtlesim/msg/detail/pose__rosidl_typesupport_introspection_c.h
[3.370s] -- Up-to-date: /home/rinna/ros2_ws/install/turtlesim/lib/libturtlesim__rosidl_typesupport_introspection_c.so
[3.370s] -- Up-to-date: /home/rinna/ros2_ws/install/turtlesim/lib/libturtlesim__rosidl_typesupport_c.so
[3.370s] -- Up-to-date: /home/rinna/ros2_ws/install/turtlesim/include/turtlesim/turtlesim
[3.370s] -- Up-to-date: /home/rinna/ros2_ws/install/turtlesim/include/turtlesim/turtlesim/srv
[3.370s] -- Up-to-date: /home/rinna/ros2_ws/install/turtlesim/include/turtlesim/turtlesim/srv/detail
[3.371s] -- Up-to-date: /home/rinna/ros2_ws/install/turtlesim/include/turtlesim/turtlesim/srv/detail/kill__rosidl_typesupport_introspection_cpp.hpp
[3.371s] -- Up-to-date: /home/rinna/ros2_ws/install/turtlesim/include/turtlesim/turtlesim/srv/detail/spawn__rosidl_typesupport_introspection_cpp.hpp
[3.371s] -- Up-to-date: /home/rinna/ros2_ws/install/turtlesim/include/turtlesim/turtlesim/srv/detail/set_pen__rosidl_typesupport_introspection_cpp.hpp
[3.371s] -- Up-to-date: /home/rinna/ros2_ws/install/turtlesim/include/turtlesim/turtlesim/srv/detail/set_pen__type_support.cpp
[3.371s] -- Up-to-date: /home/rinna/ros2_ws/install/turtlesim/include/turtlesim/turtlesim/srv/detail/teleport_absolute__rosidl_typesupport_introspection_cpp.hpp
[3.371s] -- Up-to-date: /home/rinna/ros2_ws/install/turtlesim/include/turtlesim/turtlesim/srv/detail/teleport_absolute__type_support.cpp
[3.371s] -- Up-to-date: /home/rinna/ros2_ws/install/turtlesim/include/turtlesim/turtlesim/srv/detail/spawn__type_support.cpp
[3.371s] -- Up-to-date: /home/rinna/ros2_ws/install/turtlesim/include/turtlesim/turtlesim/srv/detail/kill__type_support.cpp
[3.371s] -- Up-to-date: /home/rinna/ros2_ws/install/turtlesim/include/turtlesim/turtlesim/srv/detail/teleport_relative__rosidl_typesupport_introspection_cpp.hpp
[3.371s] -- Up-to-date: /home/rinna/ros2_ws/install/turtlesim/include/turtlesim/turtlesim/srv/detail/teleport_relative__type_support.cpp
[3.371s] -- Up-to-date: /home/rinna/ros2_ws/install/turtlesim/include/turtlesim/turtlesim/action
[3.371s] -- Up-to-date: /home/rinna/ros2_ws/install/turtlesim/include/turtlesim/turtlesim/action/detail
[3.371s] -- Up-to-date: /home/rinna/ros2_ws/install/turtlesim/include/turtlesim/turtlesim/action/detail/rotate_absolute__type_support.cpp
[3.371s] -- Up-to-date: /home/rinna/ros2_ws/install/turtlesim/include/turtlesim/turtlesim/action/detail/rotate_absolute__rosidl_typesupport_introspection_cpp.hpp
[3.371s] -- Up-to-date: /home/rinna/ros2_ws/install/turtlesim/include/turtlesim/turtlesim/msg
[3.371s] -- Up-to-date: /home/rinna/ros2_ws/install/turtlesim/include/turtlesim/turtlesim/msg/detail
[3.371s] -- Up-to-date: /home/rinna/ros2_ws/install/turtlesim/include/turtlesim/turtlesim/msg/detail/pose__rosidl_typesupport_introspection_cpp.hpp
[3.371s] -- Up-to-date: /home/rinna/ros2_ws/install/turtlesim/include/turtlesim/turtlesim/msg/detail/color__rosidl_typesupport_introspection_cpp.hpp
[3.371s] -- Up-to-date: /home/rinna/ros2_ws/install/turtlesim/include/turtlesim/turtlesim/msg/detail/color__type_support.cpp
[3.371s] -- Up-to-date: /home/rinna/ros2_ws/install/turtlesim/include/turtlesim/turtlesim/msg/detail/pose__type_support.cpp
[3.371s] -- Up-to-date: /home/rinna/ros2_ws/install/turtlesim/lib/libturtlesim__rosidl_typesupport_introspection_cpp.so
[3.371s] -- Up-to-date: /home/rinna/ros2_ws/install/turtlesim/lib/libturtlesim__rosidl_typesupport_cpp.so
[3.371s] -- Up-to-date: /home/rinna/ros2_ws/install/turtlesim/share/turtlesim/environment/pythonpath.sh
[3.371s] -- Installing: /home/rinna/ros2_ws/install/turtlesim/share/turtlesim/environment/pythonpath.dsv
[3.371s] -- Up-to-date: /home/rinna/ros2_ws/install/turtlesim/local/lib/python3.10/dist-packages/turtlesim-1.4.3-py3.10.egg-info
[3.371s] -- Installing: /home/rinna/ros2_ws/install/turtlesim/local/lib/python3.10/dist-packages/turtlesim-1.4.3-py3.10.egg-info/top_level.txt
[3.371s] -- Installing: /home/rinna/ros2_ws/install/turtlesim/local/lib/python3.10/dist-packages/turtlesim-1.4.3-py3.10.egg-info/SOURCES.txt
[3.371s] -- Installing: /home/rinna/ros2_ws/install/turtlesim/local/lib/python3.10/dist-packages/turtlesim-1.4.3-py3.10.egg-info/dependency_links.txt
[3.371s] -- Installing: /home/rinna/ros2_ws/install/turtlesim/local/lib/python3.10/dist-packages/turtlesim-1.4.3-py3.10.egg-info/PKG-INFO
[3.371s] -- Up-to-date: /home/rinna/ros2_ws/install/turtlesim/local/lib/python3.10/dist-packages/turtlesim
[3.371s] -- Installing: /home/rinna/ros2_ws/install/turtlesim/local/lib/python3.10/dist-packages/turtlesim/__init__.py
[3.372s] -- Up-to-date: /home/rinna/ros2_ws/install/turtlesim/local/lib/python3.10/dist-packages/turtlesim/srv
[3.372s] -- Up-to-date: /home/rinna/ros2_ws/install/turtlesim/local/lib/python3.10/dist-packages/turtlesim/srv/_teleport_relative_s.c
[3.372s] -- Up-to-date: /home/rinna/ros2_ws/install/turtlesim/local/lib/python3.10/dist-packages/turtlesim/srv/_kill.py
[3.372s] -- Up-to-date: /home/rinna/ros2_ws/install/turtlesim/local/lib/python3.10/dist-packages/turtlesim/srv/_spawn.py
[3.372s] -- Up-to-date: /home/rinna/ros2_ws/install/turtlesim/local/lib/python3.10/dist-packages/turtlesim/srv/__init__.py
[3.372s] -- Up-to-date: /home/rinna/ros2_ws/install/turtlesim/local/lib/python3.10/dist-packages/turtlesim/srv/_set_pen.py
[3.372s] -- Up-to-date: /home/rinna/ros2_ws/install/turtlesim/local/lib/python3.10/dist-packages/turtlesim/srv/_set_pen_s.c
[3.372s] -- Up-to-date: /home/rinna/ros2_ws/install/turtlesim/local/lib/python3.10/dist-packages/turtlesim/srv/_spawn_s.c
[3.372s] -- Up-to-date: /home/rinna/ros2_ws/install/turtlesim/local/lib/python3.10/dist-packages/turtlesim/srv/_teleport_absolute_s.c
[3.372s] -- Up-to-date: /home/rinna/ros2_ws/install/turtlesim/local/lib/python3.10/dist-packages/turtlesim/srv/_teleport_absolute.py
[3.372s] -- Up-to-date: /home/rinna/ros2_ws/install/turtlesim/local/lib/python3.10/dist-packages/turtlesim/srv/_teleport_relative.py
[3.372s] -- Up-to-date: /home/rinna/ros2_ws/install/turtlesim/local/lib/python3.10/dist-packages/turtlesim/srv/_kill_s.c
[3.372s] -- Up-to-date: /home/rinna/ros2_ws/install/turtlesim/local/lib/python3.10/dist-packages/turtlesim/action
[3.372s] -- Up-to-date: /home/rinna/ros2_ws/install/turtlesim/local/lib/python3.10/dist-packages/turtlesim/action/__init__.py
[3.372s] -- Up-to-date: /home/rinna/ros2_ws/install/turtlesim/local/lib/python3.10/dist-packages/turtlesim/action/_rotate_absolute_s.c
[3.372s] -- Up-to-date: /home/rinna/ros2_ws/install/turtlesim/local/lib/python3.10/dist-packages/turtlesim/action/_rotate_absolute.py
[3.372s] -- Up-to-date: /home/rinna/ros2_ws/install/turtlesim/local/lib/python3.10/dist-packages/turtlesim/_turtlesim_s.ep.rosidl_typesupport_c.c
[3.372s] -- Up-to-date: /home/rinna/ros2_ws/install/turtlesim/local/lib/python3.10/dist-packages/turtlesim/_turtlesim_s.ep.rosidl_typesupport_fastrtps_c.c
[3.372s] -- Installing: /home/rinna/ros2_ws/install/turtlesim/local/lib/python3.10/dist-packages/turtlesim/turtlesim_s__rosidl_typesupport_fastrtps_c.cpython-310-x86_64-linux-gnu.so
[3.372s] -- Up-to-date: /home/rinna/ros2_ws/install/turtlesim/local/lib/python3.10/dist-packages/turtlesim/turtlesim_s__rosidl_typesupport_c.cpython-310-x86_64-linux-gnu.so
[3.372s] -- Up-to-date: /home/rinna/ros2_ws/install/turtlesim/local/lib/python3.10/dist-packages/turtlesim/libturtlesim__rosidl_generator_py.so
[3.372s] -- Up-to-date: /home/rinna/ros2_ws/install/turtlesim/local/lib/python3.10/dist-packages/turtlesim/_turtlesim_s.ep.rosidl_typesupport_introspection_c.c
[3.372s] -- Up-to-date: /home/rinna/ros2_ws/install/turtlesim/local/lib/python3.10/dist-packages/turtlesim/msg
[3.372s] -- Up-to-date: /home/rinna/ros2_ws/install/turtlesim/local/lib/python3.10/dist-packages/turtlesim/msg/__init__.py
[3.372s] -- Up-to-date: /home/rinna/ros2_ws/install/turtlesim/local/lib/python3.10/dist-packages/turtlesim/msg/_color.py
[3.372s] -- Up-to-date: /home/rinna/ros2_ws/install/turtlesim/local/lib/python3.10/dist-packages/turtlesim/msg/_pose_s.c
[3.372s] -- Up-to-date: /home/rinna/ros2_ws/install/turtlesim/local/lib/python3.10/dist-packages/turtlesim/msg/_pose.py
[3.372s] -- Up-to-date: /home/rinna/ros2_ws/install/turtlesim/local/lib/python3.10/dist-packages/turtlesim/msg/_color_s.c
[3.373s] -- Up-to-date: /home/rinna/ros2_ws/install/turtlesim/local/lib/python3.10/dist-packages/turtlesim/turtlesim_s__rosidl_typesupport_introspection_c.cpython-310-x86_64-linux-gnu.so
[3.395s] Listing '/home/rinna/ros2_ws/install/turtlesim/local/lib/python3.10/dist-packages/turtlesim'...
[3.395s] Compiling '/home/rinna/ros2_ws/install/turtlesim/local/lib/python3.10/dist-packages/turtlesim/__init__.py'...
[3.396s] Listing '/home/rinna/ros2_ws/install/turtlesim/local/lib/python3.10/dist-packages/turtlesim/action'...
[3.396s] Listing '/home/rinna/ros2_ws/install/turtlesim/local/lib/python3.10/dist-packages/turtlesim/msg'...
[3.396s] Listing '/home/rinna/ros2_ws/install/turtlesim/local/lib/python3.10/dist-packages/turtlesim/srv'...
[3.399s] -- Installing: /home/rinna/ros2_ws/install/turtlesim/local/lib/python3.10/dist-packages/turtlesim/turtlesim_s__rosidl_typesupport_fastrtps_c.cpython-310-x86_64-linux-gnu.so
[3.400s] -- Set runtime path of "/home/rinna/ros2_ws/install/turtlesim/local/lib/python3.10/dist-packages/turtlesim/turtlesim_s__rosidl_typesupport_fastrtps_c.cpython-310-x86_64-linux-gnu.so" to ""
[3.400s] -- Up-to-date: /home/rinna/ros2_ws/install/turtlesim/local/lib/python3.10/dist-packages/turtlesim/turtlesim_s__rosidl_typesupport_introspection_c.cpython-310-x86_64-linux-gnu.so
[3.401s] -- Up-to-date: /home/rinna/ros2_ws/install/turtlesim/local/lib/python3.10/dist-packages/turtlesim/turtlesim_s__rosidl_typesupport_c.cpython-310-x86_64-linux-gnu.so
[3.401s] -- Up-to-date: /home/rinna/ros2_ws/install/turtlesim/lib/libturtlesim__rosidl_generator_py.so
[3.401s] -- Up-to-date: /home/rinna/ros2_ws/install/turtlesim/share/turtlesim/action/RotateAbsolute.idl
[3.401s] -- Up-to-date: /home/rinna/ros2_ws/install/turtlesim/share/turtlesim/msg/Color.idl
[3.401s] -- Up-to-date: /home/rinna/ros2_ws/install/turtlesim/share/turtlesim/msg/Pose.idl
[3.401s] -- Up-to-date: /home/rinna/ros2_ws/install/turtlesim/share/turtlesim/srv/Kill.idl
[3.402s] -- Up-to-date: /home/rinna/ros2_ws/install/turtlesim/share/turtlesim/srv/SetPen.idl
[3.402s] -- Up-to-date: /home/rinna/ros2_ws/install/turtlesim/share/turtlesim/srv/Spawn.idl
[3.402s] -- Up-to-date: /home/rinna/ros2_ws/install/turtlesim/share/turtlesim/srv/TeleportAbsolute.idl
[3.402s] -- Up-to-date: /home/rinna/ros2_ws/install/turtlesim/share/turtlesim/srv/TeleportRelative.idl
[3.402s] -- Up-to-date: /home/rinna/ros2_ws/install/turtlesim/share/turtlesim/action/RotateAbsolute.action
[3.402s] -- Up-to-date: /home/rinna/ros2_ws/install/turtlesim/share/turtlesim/msg/Color.msg
[3.402s] -- Up-to-date: /home/rinna/ros2_ws/install/turtlesim/share/turtlesim/msg/Pose.msg
[3.402s] -- Up-to-date: /home/rinna/ros2_ws/install/turtlesim/share/turtlesim/srv/Kill.srv
[3.403s] -- Up-to-date: /home/rinna/ros2_ws/install/turtlesim/share/turtlesim/srv/Kill_Request.msg
[3.403s] -- Up-to-date: /home/rinna/ros2_ws/install/turtlesim/share/turtlesim/srv/Kill_Response.msg
[3.403s] -- Up-to-date: /home/rinna/ros2_ws/install/turtlesim/share/turtlesim/srv/SetPen.srv
[3.403s] -- Up-to-date: /home/rinna/ros2_ws/install/turtlesim/share/turtlesim/srv/SetPen_Request.msg
[3.403s] -- Up-to-date: /home/rinna/ros2_ws/install/turtlesim/share/turtlesim/srv/SetPen_Response.msg
[3.403s] -- Up-to-date: /home/rinna/ros2_ws/install/turtlesim/share/turtlesim/srv/Spawn.srv
[3.403s] -- Up-to-date: /home/rinna/ros2_ws/install/turtlesim/share/turtlesim/srv/Spawn_Request.msg
[3.403s] -- Up-to-date: /home/rinna/ros2_ws/install/turtlesim/share/turtlesim/srv/Spawn_Response.msg
[3.403s] -- Up-to-date: /home/rinna/ros2_ws/install/turtlesim/share/turtlesim/srv/TeleportAbsolute.srv
[3.403s] -- Up-to-date: /home/rinna/ros2_ws/install/turtlesim/share/turtlesim/srv/TeleportAbsolute_Request.msg
[3.403s] -- Up-to-date: /home/rinna/ros2_ws/install/turtlesim/share/turtlesim/srv/TeleportAbsolute_Response.msg
[3.403s] -- Up-to-date: /home/rinna/ros2_ws/install/turtlesim/share/turtlesim/srv/TeleportRelative.srv
[3.403s] -- Up-to-date: /home/rinna/ros2_ws/install/turtlesim/share/turtlesim/srv/TeleportRelative_Request.msg
[3.403s] -- Up-to-date: /home/rinna/ros2_ws/install/turtlesim/share/turtlesim/srv/TeleportRelative_Response.msg
[3.404s] -- Up-to-date: /home/rinna/ros2_ws/install/turtlesim/lib/turtlesim/turtlesim_node
[3.404s] -- Up-to-date: /home/rinna/ros2_ws/install/turtlesim/lib/turtlesim/turtle_teleop_key
[3.404s] -- Up-to-date: /home/rinna/ros2_ws/install/turtlesim/lib/turtlesim/draw_square
[3.404s] -- Up-to-date: /home/rinna/ros2_ws/install/turtlesim/lib/turtlesim/mimic
[3.404s] -- Up-to-date: /home/rinna/ros2_ws/install/turtlesim/share/turtlesim/images
[3.404s] -- Up-to-date: /home/rinna/ros2_ws/install/turtlesim/share/turtlesim/images/eloquent.png
[3.404s] -- Up-to-date: /home/rinna/ros2_ws/install/turtlesim/share/turtlesim/images/humble.png
[3.404s] -- Up-to-date: /home/rinna/ros2_ws/install/turtlesim/share/turtlesim/images/crystal.png
[3.404s] -- Up-to-date: /home/rinna/ros2_ws/install/turtlesim/share/turtlesim/images/rolling.png
[3.404s] -- Up-to-date: /home/rinna/ros2_ws/install/turtlesim/share/turtlesim/images/ardent.png
[3.405s] -- Up-to-date: /home/rinna/ros2_ws/install/turtlesim/share/turtlesim/images/dashing.png
[3.405s] -- Up-to-date: /home/rinna/ros2_ws/install/turtlesim/share/turtlesim/images/foxy.png
[3.405s] -- Up-to-date: /home/rinna/ros2_ws/install/turtlesim/share/turtlesim/images/bouncy.png
[3.405s] -- Up-to-date: /home/rinna/ros2_ws/install/turtlesim/share/turtlesim/images/galactic.png
[3.405s] -- Up-to-date: /home/rinna/ros2_ws/install/turtlesim/share/turtlesim/launch
[3.405s] -- Up-to-date: /home/rinna/ros2_ws/install/turtlesim/share/turtlesim/launch/multisim.launch.py
[3.405s] -- Up-to-date: /home/rinna/ros2_ws/install/turtlesim/share/ament_index/resource_index/package_run_dependencies/turtlesim
[3.405s] -- Up-to-date: /home/rinna/ros2_ws/install/turtlesim/share/ament_index/resource_index/parent_prefix_path/turtlesim
[3.405s] -- Up-to-date: /home/rinna/ros2_ws/install/turtlesim/share/turtlesim/environment/ament_prefix_path.sh
[3.405s] -- Installing: /home/rinna/ros2_ws/install/turtlesim/share/turtlesim/environment/ament_prefix_path.dsv
[3.405s] -- Up-to-date: /home/rinna/ros2_ws/install/turtlesim/share/turtlesim/environment/path.sh
[3.405s] -- Installing: /home/rinna/ros2_ws/install/turtlesim/share/turtlesim/environment/path.dsv
[3.405s] -- Up-to-date: /home/rinna/ros2_ws/install/turtlesim/share/turtlesim/local_setup.bash
[3.405s] -- Up-to-date: /home/rinna/ros2_ws/install/turtlesim/share/turtlesim/local_setup.sh
[3.406s] -- Up-to-date: /home/rinna/ros2_ws/install/turtlesim/share/turtlesim/local_setup.zsh
[3.406s] -- Installing: /home/rinna/ros2_ws/install/turtlesim/share/turtlesim/local_setup.dsv
[3.406s] -- Installing: /home/rinna/ros2_ws/install/turtlesim/share/turtlesim/package.dsv
[3.406s] -- Up-to-date: /home/rinna/ros2_ws/install/turtlesim/share/ament_index/resource_index/packages/turtlesim
[3.406s] -- Up-to-date: /home/rinna/ros2_ws/install/turtlesim/share/turtlesim/cmake/export_turtlesim__rosidl_generator_cExport.cmake
[3.406s] -- Up-to-date: /home/rinna/ros2_ws/install/turtlesim/share/turtlesim/cmake/export_turtlesim__rosidl_generator_cExport-noconfig.cmake
[3.406s] -- Up-to-date: /home/rinna/ros2_ws/install/turtlesim/share/turtlesim/cmake/export_turtlesim__rosidl_typesupport_fastrtps_cExport.cmake
[3.406s] -- Up-to-date: /home/rinna/ros2_ws/install/turtlesim/share/turtlesim/cmake/export_turtlesim__rosidl_typesupport_fastrtps_cExport-noconfig.cmake
[3.406s] -- Up-to-date: /home/rinna/ros2_ws/install/turtlesim/share/turtlesim/cmake/export_turtlesim__rosidl_generator_cppExport.cmake
[3.406s] -- Up-to-date: /home/rinna/ros2_ws/install/turtlesim/share/turtlesim/cmake/export_turtlesim__rosidl_typesupport_fastrtps_cppExport.cmake
[3.407s] -- Up-to-date: /home/rinna/ros2_ws/install/turtlesim/share/turtlesim/cmake/export_turtlesim__rosidl_typesupport_fastrtps_cppExport-noconfig.cmake
[3.407s] -- Up-to-date: /home/rinna/ros2_ws/install/turtlesim/share/turtlesim/cmake/turtlesim__rosidl_typesupport_introspection_cExport.cmake
[3.407s] -- Up-to-date: /home/rinna/ros2_ws/install/turtlesim/share/turtlesim/cmake/turtlesim__rosidl_typesupport_introspection_cExport-noconfig.cmake
[3.407s] -- Up-to-date: /home/rinna/ros2_ws/install/turtlesim/share/turtlesim/cmake/turtlesim__rosidl_typesupport_cExport.cmake
[3.407s] -- Up-to-date: /home/rinna/ros2_ws/install/turtlesim/share/turtlesim/cmake/turtlesim__rosidl_typesupport_cExport-noconfig.cmake
[3.407s] -- Up-to-date: /home/rinna/ros2_ws/install/turtlesim/share/turtlesim/cmake/turtlesim__rosidl_typesupport_introspection_cppExport.cmake
[3.407s] -- Up-to-date: /home/rinna/ros2_ws/install/turtlesim/share/turtlesim/cmake/turtlesim__rosidl_typesupport_introspection_cppExport-noconfig.cmake
[3.407s] -- Up-to-date: /home/rinna/ros2_ws/install/turtlesim/share/turtlesim/cmake/turtlesim__rosidl_typesupport_cppExport.cmake
[3.407s] -- Up-to-date: /home/rinna/ros2_ws/install/turtlesim/share/turtlesim/cmake/turtlesim__rosidl_typesupport_cppExport-noconfig.cmake
[3.407s] -- Up-to-date: /home/rinna/ros2_ws/install/turtlesim/share/turtlesim/cmake/export_turtlesim__rosidl_generator_pyExport.cmake
[3.407s] -- Up-to-date: /home/rinna/ros2_ws/install/turtlesim/share/turtlesim/cmake/export_turtlesim__rosidl_generator_pyExport-noconfig.cmake
[3.407s] -- Up-to-date: /home/rinna/ros2_ws/install/turtlesim/share/turtlesim/cmake/rosidl_cmake-extras.cmake
[3.408s] -- Up-to-date: /home/rinna/ros2_ws/install/turtlesim/share/turtlesim/cmake/ament_cmake_export_dependencies-extras.cmake
[3.408s] -- Up-to-date: /home/rinna/ros2_ws/install/turtlesim/share/turtlesim/cmake/ament_cmake_export_include_directories-extras.cmake
[3.408s] -- Up-to-date: /home/rinna/ros2_ws/install/turtlesim/share/turtlesim/cmake/ament_cmake_export_libraries-extras.cmake
[3.408s] -- Up-to-date: /home/rinna/ros2_ws/install/turtlesim/share/turtlesim/cmake/ament_cmake_export_targets-extras.cmake
[3.408s] -- Up-to-date: /home/rinna/ros2_ws/install/turtlesim/share/turtlesim/cmake/rosidl_cmake_export_typesupport_targets-extras.cmake
[3.408s] -- Up-to-date: /home/rinna/ros2_ws/install/turtlesim/share/turtlesim/cmake/rosidl_cmake_export_typesupport_libraries-extras.cmake
[3.408s] -- Up-to-date: /home/rinna/ros2_ws/install/turtlesim/share/turtlesim/cmake/turtlesimConfig.cmake
[3.408s] -- Up-to-date: /home/rinna/ros2_ws/install/turtlesim/share/turtlesim/cmake/turtlesimConfig-version.cmake
[3.408s] -- Up-to-date: /home/rinna/ros2_ws/install/turtlesim/share/turtlesim/package.xml
[3.411s] Invoked command in '/home/rinna/ros2_ws/build/turtlesim' returned '0': CMAKE_PREFIX_PATH=/opt/ros/humble /usr/bin/cmake --install /home/rinna/ros2_ws/build/turtlesim
