[0.616s] Invoking command in '/home/rinna/ros2_ws/build/examples_rclpy_minimal_client': PYTHONPATH=/home/rinna/ros2_ws/build/examples_rclpy_minimal_client/prefix_override:/usr/lib/python3/dist-packages/colcon_core/task/python/colcon_distutils_commands:/home/rinna/ros2_ws/install/examples_rclpy_minimal_client/lib/python3.10/site-packages:${PYTHONPATH} /usr/bin/python3 -W ignore:setup.py install is deprecated -W ignore:easy_install command is deprecated setup.py develop --editable --build-directory /home/rinna/ros2_ws/build/examples_rclpy_minimal_client/build --no-deps symlink_data
[0.856s] running develop
[1.009s] running egg_info
[1.010s] writing examples_rclpy_minimal_client.egg-info/PKG-INFO
[1.010s] writing dependency_links to examples_rclpy_minimal_client.egg-info/dependency_links.txt
[1.010s] writing entry points to examples_rclpy_minimal_client.egg-info/entry_points.txt
[1.010s] writing requirements to examples_rclpy_minimal_client.egg-info/requires.txt
[1.010s] writing top-level names to examples_rclpy_minimal_client.egg-info/top_level.txt
[1.013s] reading manifest file 'examples_rclpy_minimal_client.egg-info/SOURCES.txt'
[1.014s] writing manifest file 'examples_rclpy_minimal_client.egg-info/SOURCES.txt'
[1.016s] running build_ext
[1.016s] Creating /home/rinna/ros2_ws/install/examples_rclpy_minimal_client/lib/python3.10/site-packages/examples-rclpy-minimal-client.egg-link (link to .)
[1.017s] Installing client script to /home/rinna/ros2_ws/install/examples_rclpy_minimal_client/lib/examples_rclpy_minimal_client
[1.017s] Installing client_async script to /home/rinna/ros2_ws/install/examples_rclpy_minimal_client/lib/examples_rclpy_minimal_client
[1.017s] Installing client_async_callback script to /home/rinna/ros2_ws/install/examples_rclpy_minimal_client/lib/examples_rclpy_minimal_client
[1.018s] Installing client_async_member_function script to /home/rinna/ros2_ws/install/examples_rclpy_minimal_client/lib/examples_rclpy_minimal_client
[1.018s] 
[1.018s] Installed /home/rinna/ros2_ws/build/examples_rclpy_minimal_client
[1.018s] running symlink_data
[1.056s] Invoked command in '/home/rinna/ros2_ws/build/examples_rclpy_minimal_client' returned '0': PYTHONPATH=/home/rinna/ros2_ws/build/examples_rclpy_minimal_client/prefix_override:/usr/lib/python3/dist-packages/colcon_core/task/python/colcon_distutils_commands:/home/rinna/ros2_ws/install/examples_rclpy_minimal_client/lib/python3.10/site-packages:${PYTHONPATH} /usr/bin/python3 -W ignore:setup.py install is deprecated -W ignore:easy_install command is deprecated setup.py develop --editable --build-directory /home/rinna/ros2_ws/build/examples_rclpy_minimal_client/build --no-deps symlink_data
