[0.160s] Invoking command in '/home/rinna/ros2_ws/build/examples_rclcpp_minimal_service': CMAKE_PREFIX_PATH=${CMAKE_PREFIX_PATH}:/opt/ros/humble /usr/bin/cmake /home/rinna/ros2_ws/src/examples/rclcpp/services/minimal_service -DAMENT_CMAKE_SYMLINK_INSTALL=1 -DCMAKE_INSTALL_PREFIX=/home/rinna/ros2_ws/install/examples_rclcpp_minimal_service
[2.070s] -- The C compiler identification is GNU 11.4.0
[2.070s] -- The CXX compiler identification is GNU 11.4.0
[2.070s] -- Detecting C compiler ABI info
[2.070s] -- Detecting C compiler ABI info - done
[2.070s] -- Check for working C compiler: /usr/bin/cc - skipped
[2.070s] -- Detecting C compile features
[2.071s] -- Detecting C compile features - done
[2.071s] -- Detecting CXX compiler ABI info
[2.071s] -- Detecting CXX compiler ABI info - done
[2.071s] -- Check for working CXX compiler: /usr/bin/c++ - skipped
[2.071s] -- Detecting CXX compile features
[2.071s] -- Detecting CXX compile features - done
[2.071s] -- Found ament_cmake: 1.3.12 (/opt/ros/humble/share/ament_cmake/cmake)
[2.072s] -- Found Python3: /usr/bin/python3 (found version "3.10.12") found components: Interpreter 
[2.072s] -- Override CMake install command with custom implementation using symlinks instead of copying resources
[2.072s] -- Found example_interfaces: 0.9.3 (/opt/ros/humble/share/example_interfaces/cmake)
[2.078s] -- Found rosidl_generator_c: 3.1.7 (/opt/ros/humble/share/rosidl_generator_c/cmake)
[2.084s] -- Found rosidl_adapter: 3.1.7 (/opt/ros/humble/share/rosidl_adapter/cmake)
[2.087s] -- Found rosidl_generator_cpp: 3.1.7 (/opt/ros/humble/share/rosidl_generator_cpp/cmake)
[2.114s] -- Using all available rosidl_typesupport_c: rosidl_typesupport_fastrtps_c;rosidl_typesupport_introspection_c
[2.151s] -- Using all available rosidl_typesupport_cpp: rosidl_typesupport_fastrtps_cpp;rosidl_typesupport_introspection_cpp
[2.262s] -- Found rclcpp: 16.0.15 (/opt/ros/humble/share/rclcpp/cmake)
[2.317s] -- Found rmw_implementation_cmake: 6.1.2 (/opt/ros/humble/share/rmw_implementation_cmake/cmake)
[2.329s] -- Found rmw_fastrtps_cpp: 6.2.8 (/opt/ros/humble/share/rmw_fastrtps_cpp/cmake)
[2.910s] -- Found OpenSSL: /usr/lib/x86_64-linux-gnu/libcrypto.so (found version "3.0.2")  
[3.741s] -- Found FastRTPS: /opt/ros/humble/include  
[4.986s] -- Using RMW implementation 'rmw_fastrtps_cpp' as default
[4.995s] -- Looking for pthread.h
[5.210s] -- Looking for pthread.h - found
[5.211s] -- Performing Test CMAKE_HAVE_LIBC_PTHREAD
[5.526s] -- Performing Test CMAKE_HAVE_LIBC_PTHREAD - Success
[5.526s] -- Found Threads: TRUE  
[5.613s] -- Found ament_lint_auto: 0.12.14 (/opt/ros/humble/share/ament_lint_auto/cmake)
[5.752s] -- Added test 'copyright' to check source files copyright and LICENSE
[5.756s] -- Added test 'cppcheck' to perform static code analysis on C / C++ code
[5.757s] -- Configured cppcheck include dirs: 
[5.757s] -- Configured cppcheck exclude dirs and/or files: 
[5.760s] -- Added test 'cpplint' to check C / C++ code against the Google style
[5.761s] -- Configured cpplint exclude dirs and/or files: 
[5.766s] -- Added test 'lint_cmake' to check CMake code style
[5.771s] -- Added test 'uncrustify' to check C / C++ code style
[5.772s] -- Configured uncrustify additional arguments: 
[5.775s] -- Added test 'xmllint' to check XML markup files
[5.781s] -- Configuring done
[5.809s] -- Generating done
[5.817s] -- Build files have been written to: /home/rinna/ros2_ws/build/examples_rclcpp_minimal_service
[8.517s] Invoked command in '/home/rinna/ros2_ws/build/examples_rclcpp_minimal_service' returned '0': CMAKE_PREFIX_PATH=${CMAKE_PREFIX_PATH}:/opt/ros/humble /usr/bin/cmake /home/rinna/ros2_ws/src/examples/rclcpp/services/minimal_service -DAMENT_CMAKE_SYMLINK_INSTALL=1 -DCMAKE_INSTALL_PREFIX=/home/rinna/ros2_ws/install/examples_rclcpp_minimal_service
[8.518s] Invoking command in '/home/rinna/ros2_ws/build/examples_rclcpp_minimal_service': CMAKE_PREFIX_PATH=${CMAKE_PREFIX_PATH}:/opt/ros/humble /usr/bin/cmake --build /home/rinna/ros2_ws/build/examples_rclcpp_minimal_service -- -j16 -l16
[36.561s] [ 50%] [32mBuilding CXX object CMakeFiles/service_main.dir/main.cpp.o[0m
[197.291s] [100%] [32m[1mLinking CXX executable service_main[0m
[198.171s] [100%] Built target service_main
