[1.777s] Invoking command in '/home/rinna/ros2_ws/build/my_package': CMAKE_PREFIX_PATH=${CMAKE_PREFIX_PATH}:/home/rinna/ros2_ws/install/launch_testing_examples:/home/rinna/ros2_ws/install/examples_rclpy_pointcloud_publisher:/home/rinna/ros2_ws/install/examples_rclpy_minimal_subscriber:/home/rinna/ros2_ws/install/examples_rclpy_minimal_service:/home/rinna/ros2_ws/install/examples_rclpy_minimal_publisher:/home/rinna/ros2_ws/install/examples_rclpy_minimal_client:/home/rinna/ros2_ws/install/examples_rclpy_minimal_action_server:/home/rinna/ros2_ws/install/examples_rclpy_minimal_action_client:/home/rinna/ros2_ws/install/examples_rclpy_guard_conditions:/home/rinna/ros2_ws/install/examples_rclpy_executors:/opt/ros/humble /usr/bin/cmake /home/rinna/ros2_ws/src/my_package -DCMAKE_INSTALL_PREFIX=/home/rinna/ros2_ws/install/my_package
[1.972s] -- The C compiler identification is GNU 11.4.0
[2.331s] -- The CXX compiler identification is GNU 11.4.0
[2.546s] -- Detecting C compiler ABI info
[2.697s] -- Detecting C compiler ABI info - done
[2.705s] -- Check for working C compiler: /usr/bin/cc - skipped
[2.705s] -- Detecting C compile features
[2.706s] -- Detecting C compile features - done
[2.709s] -- Detecting CXX compiler ABI info
[2.886s] -- Detecting CXX compiler ABI info - done
[2.903s] -- Check for working CXX compiler: /usr/bin/c++ - skipped
[2.905s] -- Detecting CXX compile features
[2.906s] -- Detecting CXX compile features - done
[2.915s] -- Found ament_cmake: 1.3.12 (/opt/ros/humble/share/ament_cmake/cmake)
[3.166s] -- Found Python3: /usr/bin/python3 (found version "3.10.12") found components: Interpreter 
[3.345s] -- Found ament_lint_auto: 0.12.14 (/opt/ros/humble/share/ament_lint_auto/cmake)
[3.491s] -- Added test 'cppcheck' to perform static code analysis on C / C++ code
[3.491s] -- Configured cppcheck include dirs: $<BUILD_INTERFACE:/home/rinna/ros2_ws/src/my_package/include>
[3.491s] -- Configured cppcheck exclude dirs and/or files: 
[3.493s] -- Added test 'lint_cmake' to check CMake code style
[3.495s] -- Added test 'uncrustify' to check C / C++ code style
[3.495s] -- Configured uncrustify additional arguments: 
[3.497s] -- Added test 'xmllint' to check XML markup files
[3.500s] -- Configuring done
[3.509s] -- Generating done
[3.512s] -- Build files have been written to: /home/rinna/ros2_ws/build/my_package
[3.518s] Invoked command in '/home/rinna/ros2_ws/build/my_package' returned '0': CMAKE_PREFIX_PATH=${CMAKE_PREFIX_PATH}:/home/rinna/ros2_ws/install/launch_testing_examples:/home/rinna/ros2_ws/install/examples_rclpy_pointcloud_publisher:/home/rinna/ros2_ws/install/examples_rclpy_minimal_subscriber:/home/rinna/ros2_ws/install/examples_rclpy_minimal_service:/home/rinna/ros2_ws/install/examples_rclpy_minimal_publisher:/home/rinna/ros2_ws/install/examples_rclpy_minimal_client:/home/rinna/ros2_ws/install/examples_rclpy_minimal_action_server:/home/rinna/ros2_ws/install/examples_rclpy_minimal_action_client:/home/rinna/ros2_ws/install/examples_rclpy_guard_conditions:/home/rinna/ros2_ws/install/examples_rclpy_executors:/opt/ros/humble /usr/bin/cmake /home/rinna/ros2_ws/src/my_package -DCMAKE_INSTALL_PREFIX=/home/rinna/ros2_ws/install/my_package
[3.521s] Invoking command in '/home/rinna/ros2_ws/build/my_package': CMAKE_PREFIX_PATH=${CMAKE_PREFIX_PATH}:/home/rinna/ros2_ws/install/launch_testing_examples:/home/rinna/ros2_ws/install/examples_rclpy_pointcloud_publisher:/home/rinna/ros2_ws/install/examples_rclpy_minimal_subscriber:/home/rinna/ros2_ws/install/examples_rclpy_minimal_service:/home/rinna/ros2_ws/install/examples_rclpy_minimal_publisher:/home/rinna/ros2_ws/install/examples_rclpy_minimal_client:/home/rinna/ros2_ws/install/examples_rclpy_minimal_action_server:/home/rinna/ros2_ws/install/examples_rclpy_minimal_action_client:/home/rinna/ros2_ws/install/examples_rclpy_guard_conditions:/home/rinna/ros2_ws/install/examples_rclpy_executors:/opt/ros/humble /usr/bin/cmake --build /home/rinna/ros2_ws/build/my_package -- -j16 -l16
[3.583s] [ 50%] [32mBuilding CXX object CMakeFiles/my_node.dir/src/my_node.cpp.o[0m
[3.632s] [100%] [32m[1mLinking CXX executable my_node[0m
[3.734s] [100%] Built target my_node
[3.752s] Invoked command in '/home/rinna/ros2_ws/build/my_package' returned '0': CMAKE_PREFIX_PATH=${CMAKE_PREFIX_PATH}:/home/rinna/ros2_ws/install/launch_testing_examples:/home/rinna/ros2_ws/install/examples_rclpy_pointcloud_publisher:/home/rinna/ros2_ws/install/examples_rclpy_minimal_subscriber:/home/rinna/ros2_ws/install/examples_rclpy_minimal_service:/home/rinna/ros2_ws/install/examples_rclpy_minimal_publisher:/home/rinna/ros2_ws/install/examples_rclpy_minimal_client:/home/rinna/ros2_ws/install/examples_rclpy_minimal_action_server:/home/rinna/ros2_ws/install/examples_rclpy_minimal_action_client:/home/rinna/ros2_ws/install/examples_rclpy_guard_conditions:/home/rinna/ros2_ws/install/examples_rclpy_executors:/opt/ros/humble /usr/bin/cmake --build /home/rinna/ros2_ws/build/my_package -- -j16 -l16
[3.754s] Invoking command in '/home/rinna/ros2_ws/build/my_package': CMAKE_PREFIX_PATH=${CMAKE_PREFIX_PATH}:/home/rinna/ros2_ws/install/launch_testing_examples:/home/rinna/ros2_ws/install/examples_rclpy_pointcloud_publisher:/home/rinna/ros2_ws/install/examples_rclpy_minimal_subscriber:/home/rinna/ros2_ws/install/examples_rclpy_minimal_service:/home/rinna/ros2_ws/install/examples_rclpy_minimal_publisher:/home/rinna/ros2_ws/install/examples_rclpy_minimal_client:/home/rinna/ros2_ws/install/examples_rclpy_minimal_action_server:/home/rinna/ros2_ws/install/examples_rclpy_minimal_action_client:/home/rinna/ros2_ws/install/examples_rclpy_guard_conditions:/home/rinna/ros2_ws/install/examples_rclpy_executors:/opt/ros/humble /usr/bin/cmake --install /home/rinna/ros2_ws/build/my_package
[3.764s] -- Install configuration: ""
[3.765s] -- Installing: /home/rinna/ros2_ws/install/my_package/lib/my_package/my_node
[3.767s] -- Installing: /home/rinna/ros2_ws/install/my_package/share/ament_index/resource_index/package_run_dependencies/my_package
[3.768s] -- Installing: /home/rinna/ros2_ws/install/my_package/share/ament_index/resource_index/parent_prefix_path/my_package
[3.769s] -- Installing: /home/rinna/ros2_ws/install/my_package/share/my_package/environment/ament_prefix_path.sh
[3.769s] -- Installing: /home/rinna/ros2_ws/install/my_package/share/my_package/environment/ament_prefix_path.dsv
[3.769s] -- Installing: /home/rinna/ros2_ws/install/my_package/share/my_package/environment/path.sh
[3.769s] -- Installing: /home/rinna/ros2_ws/install/my_package/share/my_package/environment/path.dsv
[3.770s] -- Installing: /home/rinna/ros2_ws/install/my_package/share/my_package/local_setup.bash
[3.770s] -- Installing: /home/rinna/ros2_ws/install/my_package/share/my_package/local_setup.sh
[3.770s] -- Installing: /home/rinna/ros2_ws/install/my_package/share/my_package/local_setup.zsh
[3.770s] -- Installing: /home/rinna/ros2_ws/install/my_package/share/my_package/local_setup.dsv
[3.770s] -- Installing: /home/rinna/ros2_ws/install/my_package/share/my_package/package.dsv
[3.771s] -- Installing: /home/rinna/ros2_ws/install/my_package/share/ament_index/resource_index/packages/my_package
[3.772s] -- Installing: /home/rinna/ros2_ws/install/my_package/share/my_package/cmake/my_packageConfig.cmake
[3.772s] -- Installing: /home/rinna/ros2_ws/install/my_package/share/my_package/cmake/my_packageConfig-version.cmake
[3.772s] -- Installing: /home/rinna/ros2_ws/install/my_package/share/my_package/package.xml
[3.776s] Invoked command in '/home/rinna/ros2_ws/build/my_package' returned '0': CMAKE_PREFIX_PATH=${CMAKE_PREFIX_PATH}:/home/rinna/ros2_ws/install/launch_testing_examples:/home/rinna/ros2_ws/install/examples_rclpy_pointcloud_publisher:/home/rinna/ros2_ws/install/examples_rclpy_minimal_subscriber:/home/rinna/ros2_ws/install/examples_rclpy_minimal_service:/home/rinna/ros2_ws/install/examples_rclpy_minimal_publisher:/home/rinna/ros2_ws/install/examples_rclpy_minimal_client:/home/rinna/ros2_ws/install/examples_rclpy_minimal_action_server:/home/rinna/ros2_ws/install/examples_rclpy_minimal_action_client:/home/rinna/ros2_ws/install/examples_rclpy_guard_conditions:/home/rinna/ros2_ws/install/examples_rclpy_executors:/opt/ros/humble /usr/bin/cmake --install /home/rinna/ros2_ws/build/my_package
