[0.181s] Invoking command in '/home/rinna/ros2_ws/build/examples_rclcpp_minimal_service': CMAKE_PREFIX_PATH=${CMAKE_PREFIX_PATH}:/home/rinna/ros2_ws/install/launch_testing_examples:/home/rinna/ros2_ws/install/examples_rclpy_pointcloud_publisher:/home/rinna/ros2_ws/install/examples_rclpy_minimal_subscriber:/home/rinna/ros2_ws/install/examples_rclpy_minimal_service:/home/rinna/ros2_ws/install/examples_rclpy_minimal_publisher:/home/rinna/ros2_ws/install/examples_rclpy_minimal_client:/home/rinna/ros2_ws/install/examples_rclpy_minimal_action_server:/home/rinna/ros2_ws/install/examples_rclpy_minimal_action_client:/home/rinna/ros2_ws/install/examples_rclpy_guard_conditions:/home/rinna/ros2_ws/install/examples_rclpy_executors:/opt/ros/humble /usr/bin/cmake --build /home/rinna/ros2_ws/build/examples_rclcpp_minimal_service -- -j16 -l16
[1.553s] [100%] Built target service_main
[1.603s] Invoked command in '/home/rinna/ros2_ws/build/examples_rclcpp_minimal_service' returned '0': CMAKE_PREFIX_PATH=${CMAKE_PREFIX_PATH}:/home/rinna/ros2_ws/install/launch_testing_examples:/home/rinna/ros2_ws/install/examples_rclpy_pointcloud_publisher:/home/rinna/ros2_ws/install/examples_rclpy_minimal_subscriber:/home/rinna/ros2_ws/install/examples_rclpy_minimal_service:/home/rinna/ros2_ws/install/examples_rclpy_minimal_publisher:/home/rinna/ros2_ws/install/examples_rclpy_minimal_client:/home/rinna/ros2_ws/install/examples_rclpy_minimal_action_server:/home/rinna/ros2_ws/install/examples_rclpy_minimal_action_client:/home/rinna/ros2_ws/install/examples_rclpy_guard_conditions:/home/rinna/ros2_ws/install/examples_rclpy_executors:/opt/ros/humble /usr/bin/cmake --build /home/rinna/ros2_ws/build/examples_rclcpp_minimal_service -- -j16 -l16
[1.606s] Invoking command in '/home/rinna/ros2_ws/build/examples_rclcpp_minimal_service': CMAKE_PREFIX_PATH=${CMAKE_PREFIX_PATH}:/home/rinna/ros2_ws/install/launch_testing_examples:/home/rinna/ros2_ws/install/examples_rclpy_pointcloud_publisher:/home/rinna/ros2_ws/install/examples_rclpy_minimal_subscriber:/home/rinna/ros2_ws/install/examples_rclpy_minimal_service:/home/rinna/ros2_ws/install/examples_rclpy_minimal_publisher:/home/rinna/ros2_ws/install/examples_rclpy_minimal_client:/home/rinna/ros2_ws/install/examples_rclpy_minimal_action_server:/home/rinna/ros2_ws/install/examples_rclpy_minimal_action_client:/home/rinna/ros2_ws/install/examples_rclpy_guard_conditions:/home/rinna/ros2_ws/install/examples_rclpy_executors:/opt/ros/humble /usr/bin/cmake --install /home/rinna/ros2_ws/build/examples_rclcpp_minimal_service
[1.705s] -- Install configuration: ""
[1.705s] -- Execute custom install script
[1.705s] -- Up-to-date symlink: /home/rinna/ros2_ws/install/examples_rclcpp_minimal_service/lib/examples_rclcpp_minimal_service/service_main
[1.706s] -- Up-to-date symlink: /home/rinna/ros2_ws/install/examples_rclcpp_minimal_service/share/ament_index/resource_index/package_run_dependencies/examples_rclcpp_minimal_service
[1.706s] -- Up-to-date symlink: /home/rinna/ros2_ws/install/examples_rclcpp_minimal_service/share/ament_index/resource_index/parent_prefix_path/examples_rclcpp_minimal_service
[1.706s] -- Up-to-date symlink: /home/rinna/ros2_ws/install/examples_rclcpp_minimal_service/share/examples_rclcpp_minimal_service/environment/ament_prefix_path.sh
[1.706s] -- Up-to-date symlink: /home/rinna/ros2_ws/install/examples_rclcpp_minimal_service/share/examples_rclcpp_minimal_service/environment/ament_prefix_path.dsv
[1.706s] -- Up-to-date symlink: /home/rinna/ros2_ws/install/examples_rclcpp_minimal_service/share/examples_rclcpp_minimal_service/environment/path.sh
[1.706s] -- Up-to-date symlink: /home/rinna/ros2_ws/install/examples_rclcpp_minimal_service/share/examples_rclcpp_minimal_service/environment/path.dsv
[1.707s] -- Up-to-date symlink: /home/rinna/ros2_ws/install/examples_rclcpp_minimal_service/share/examples_rclcpp_minimal_service/local_setup.bash
[1.707s] -- Up-to-date symlink: /home/rinna/ros2_ws/install/examples_rclcpp_minimal_service/share/examples_rclcpp_minimal_service/local_setup.sh
[1.707s] -- Up-to-date symlink: /home/rinna/ros2_ws/install/examples_rclcpp_minimal_service/share/examples_rclcpp_minimal_service/local_setup.zsh
[1.708s] -- Up-to-date symlink: /home/rinna/ros2_ws/install/examples_rclcpp_minimal_service/share/examples_rclcpp_minimal_service/local_setup.dsv
[1.708s] -- Symlinking: /home/rinna/ros2_ws/install/examples_rclcpp_minimal_service/share/examples_rclcpp_minimal_service/package.dsv
[1.708s] -- Up-to-date symlink: /home/rinna/ros2_ws/install/examples_rclcpp_minimal_service/share/ament_index/resource_index/packages/examples_rclcpp_minimal_service
[1.709s] -- Up-to-date symlink: /home/rinna/ros2_ws/install/examples_rclcpp_minimal_service/share/examples_rclcpp_minimal_service/cmake/examples_rclcpp_minimal_serviceConfig.cmake
[1.709s] -- Up-to-date symlink: /home/rinna/ros2_ws/install/examples_rclcpp_minimal_service/share/examples_rclcpp_minimal_service/cmake/examples_rclcpp_minimal_serviceConfig-version.cmake
[1.710s] -- Up-to-date symlink: /home/rinna/ros2_ws/install/examples_rclcpp_minimal_service/share/examples_rclcpp_minimal_service/package.xml
[1.876s] Invoked command in '/home/rinna/ros2_ws/build/examples_rclcpp_minimal_service' returned '0': CMAKE_PREFIX_PATH=${CMAKE_PREFIX_PATH}:/home/rinna/ros2_ws/install/launch_testing_examples:/home/rinna/ros2_ws/install/examples_rclpy_pointcloud_publisher:/home/rinna/ros2_ws/install/examples_rclpy_minimal_subscriber:/home/rinna/ros2_ws/install/examples_rclpy_minimal_service:/home/rinna/ros2_ws/install/examples_rclpy_minimal_publisher:/home/rinna/ros2_ws/install/examples_rclpy_minimal_client:/home/rinna/ros2_ws/install/examples_rclpy_minimal_action_server:/home/rinna/ros2_ws/install/examples_rclpy_minimal_action_client:/home/rinna/ros2_ws/install/examples_rclpy_guard_conditions:/home/rinna/ros2_ws/install/examples_rclpy_executors:/opt/ros/humble /usr/bin/cmake --install /home/rinna/ros2_ws/build/examples_rclcpp_minimal_service
