[0.876s] Invoking command in '/home/rinna/ros2_ws/build/examples_rclpy_executors': PYTHONPATH=/home/rinna/ros2_ws/build/examples_rclpy_executors/prefix_override:/usr/lib/python3/dist-packages/colcon_core/task/python/colcon_distutils_commands:/home/rinna/ros2_ws/install/examples_rclpy_executors/lib/python3.10/site-packages:${PYTHONPATH} /usr/bin/python3 -W ignore:setup.py install is deprecated -W ignore:easy_install command is deprecated setup.py develop --editable --build-directory /home/rinna/ros2_ws/build/examples_rclpy_executors/build --no-deps symlink_data
[1.150s] running develop
[1.309s] running egg_info
[1.309s] writing examples_rclpy_executors.egg-info/PKG-INFO
[1.310s] writing dependency_links to examples_rclpy_executors.egg-info/dependency_links.txt
[1.310s] writing entry points to examples_rclpy_executors.egg-info/entry_points.txt
[1.310s] writing requirements to examples_rclpy_executors.egg-info/requires.txt
[1.310s] writing top-level names to examples_rclpy_executors.egg-info/top_level.txt
[1.313s] reading manifest file 'examples_rclpy_executors.egg-info/SOURCES.txt'
[1.314s] writing manifest file 'examples_rclpy_executors.egg-info/SOURCES.txt'
[1.317s] running build_ext
[1.317s] Creating /home/rinna/ros2_ws/install/examples_rclpy_executors/lib/python3.10/site-packages/examples-rclpy-executors.egg-link (link to .)
[1.318s] Installing callback_group script to /home/rinna/ros2_ws/install/examples_rclpy_executors/lib/examples_rclpy_executors
[1.318s] Installing composed script to /home/rinna/ros2_ws/install/examples_rclpy_executors/lib/examples_rclpy_executors
[1.318s] Installing custom_callback_group script to /home/rinna/ros2_ws/install/examples_rclpy_executors/lib/examples_rclpy_executors
[1.318s] Installing custom_executor script to /home/rinna/ros2_ws/install/examples_rclpy_executors/lib/examples_rclpy_executors
[1.319s] Installing listener script to /home/rinna/ros2_ws/install/examples_rclpy_executors/lib/examples_rclpy_executors
[1.319s] Installing talker script to /home/rinna/ros2_ws/install/examples_rclpy_executors/lib/examples_rclpy_executors
[1.319s] 
[1.319s] Installed /home/rinna/ros2_ws/build/examples_rclpy_executors
[1.319s] running symlink_data
[1.367s] Invoked command in '/home/rinna/ros2_ws/build/examples_rclpy_executors' returned '0': PYTHONPATH=/home/rinna/ros2_ws/build/examples_rclpy_executors/prefix_override:/usr/lib/python3/dist-packages/colcon_core/task/python/colcon_distutils_commands:/home/rinna/ros2_ws/install/examples_rclpy_executors/lib/python3.10/site-packages:${PYTHONPATH} /usr/bin/python3 -W ignore:setup.py install is deprecated -W ignore:easy_install command is deprecated setup.py develop --editable --build-directory /home/rinna/ros2_ws/build/examples_rclpy_executors/build --no-deps symlink_data
