[5.971s] Invoking command in '/home/rinna/ros2_ws/build/examples_rclpy_minimal_publisher': PYTHONPATH=/home/rinna/ros2_ws/build/examples_rclpy_minimal_publisher/prefix_override:/usr/lib/python3/dist-packages/colcon_core/task/python/colcon_distutils_commands:/home/rinna/ros2_ws/install/examples_rclpy_minimal_publisher/lib/python3.10/site-packages:${PYTHONPATH} /usr/bin/python3 -W ignore:setup.py install is deprecated -W ignore:easy_install command is deprecated setup.py develop --editable --build-directory /home/rinna/ros2_ws/build/examples_rclpy_minimal_publisher/build --no-deps symlink_data
[112.367s] running develop
[112.368s] running egg_info
[112.368s] creating examples_rclpy_minimal_publisher.egg-info
[112.369s] writing examples_rclpy_minimal_publisher.egg-info/PKG-INFO
[112.369s] writing dependency_links to examples_rclpy_minimal_publisher.egg-info/dependency_links.txt
[112.369s] writing entry points to examples_rclpy_minimal_publisher.egg-info/entry_points.txt
[112.369s] writing requirements to examples_rclpy_minimal_publisher.egg-info/requires.txt
[112.370s] writing top-level names to examples_rclpy_minimal_publisher.egg-info/top_level.txt
[112.370s] writing manifest file 'examples_rclpy_minimal_publisher.egg-info/SOURCES.txt'
[112.370s] reading manifest file 'examples_rclpy_minimal_publisher.egg-info/SOURCES.txt'
[112.371s] writing manifest file 'examples_rclpy_minimal_publisher.egg-info/SOURCES.txt'
[112.371s] running build_ext
[112.371s] Creating /home/rinna/ros2_ws/install/examples_rclpy_minimal_publisher/lib/python3.10/site-packages/examples-rclpy-minimal-publisher.egg-link (link to .)
[112.371s] Installing publisher_local_function script to /home/rinna/ros2_ws/install/examples_rclpy_minimal_publisher/lib/examples_rclpy_minimal_publisher
[112.372s] Installing publisher_member_function script to /home/rinna/ros2_ws/install/examples_rclpy_minimal_publisher/lib/examples_rclpy_minimal_publisher
[112.372s] Installing publisher_member_function_with_wait_for_all_acked script to /home/rinna/ros2_ws/install/examples_rclpy_minimal_publisher/lib/examples_rclpy_minimal_publisher
[112.372s] Installing publisher_old_school script to /home/rinna/ros2_ws/install/examples_rclpy_minimal_publisher/lib/examples_rclpy_minimal_publisher
[112.376s] 
[112.378s] Installed /home/rinna/ros2_ws/build/examples_rclpy_minimal_publisher
[112.378s] running symlink_data
[112.378s] creating /home/rinna/ros2_ws/install/examples_rclpy_minimal_publisher/share/ament_index
[112.379s] creating /home/rinna/ros2_ws/install/examples_rclpy_minimal_publisher/share/ament_index/resource_index
[112.379s] creating /home/rinna/ros2_ws/install/examples_rclpy_minimal_publisher/share/ament_index/resource_index/packages
[112.379s] symbolically linking /home/rinna/ros2_ws/build/examples_rclpy_minimal_publisher/resource/examples_rclpy_minimal_publisher -> /home/rinna/ros2_ws/install/examples_rclpy_minimal_publisher/share/ament_index/resource_index/packages
[112.379s] symbolically linking /home/rinna/ros2_ws/build/examples_rclpy_minimal_publisher/package.xml -> /home/rinna/ros2_ws/install/examples_rclpy_minimal_publisher/share/examples_rclpy_minimal_publisher
