[0.653s] Invoking command in '/home/rinna/ros2_ws/build/examples_rclpy_minimal_publisher': PYTHONPATH=/home/rinna/ros2_ws/build/examples_rclpy_minimal_publisher/prefix_override:/usr/lib/python3/dist-packages/colcon_core/task/python/colcon_distutils_commands:/home/rinna/ros2_ws/install/examples_rclpy_minimal_publisher/lib/python3.10/site-packages:${PYTHONPATH} /usr/bin/python3 -W ignore:setup.py install is deprecated -W ignore:easy_install command is deprecated setup.py develop --editable --build-directory /home/rinna/ros2_ws/build/examples_rclpy_minimal_publisher/build --no-deps symlink_data
[0.896s] running develop
[1.050s] running egg_info
[1.050s] writing examples_rclpy_minimal_publisher.egg-info/PKG-INFO
[1.051s] writing dependency_links to examples_rclpy_minimal_publisher.egg-info/dependency_links.txt
[1.051s] writing entry points to examples_rclpy_minimal_publisher.egg-info/entry_points.txt
[1.051s] writing requirements to examples_rclpy_minimal_publisher.egg-info/requires.txt
[1.051s] writing top-level names to examples_rclpy_minimal_publisher.egg-info/top_level.txt
[1.065s] reading manifest file 'examples_rclpy_minimal_publisher.egg-info/SOURCES.txt'
[1.065s] writing manifest file 'examples_rclpy_minimal_publisher.egg-info/SOURCES.txt'
[1.066s] running build_ext
[1.067s] Creating /home/rinna/ros2_ws/install/examples_rclpy_minimal_publisher/lib/python3.10/site-packages/examples-rclpy-minimal-publisher.egg-link (link to .)
[1.068s] Installing publisher_local_function script to /home/rinna/ros2_ws/install/examples_rclpy_minimal_publisher/lib/examples_rclpy_minimal_publisher
[1.068s] Installing publisher_member_function script to /home/rinna/ros2_ws/install/examples_rclpy_minimal_publisher/lib/examples_rclpy_minimal_publisher
[1.068s] Installing publisher_member_function_with_wait_for_all_acked script to /home/rinna/ros2_ws/install/examples_rclpy_minimal_publisher/lib/examples_rclpy_minimal_publisher
[1.068s] Installing publisher_old_school script to /home/rinna/ros2_ws/install/examples_rclpy_minimal_publisher/lib/examples_rclpy_minimal_publisher
[1.068s] 
[1.069s] Installed /home/rinna/ros2_ws/build/examples_rclpy_minimal_publisher
[1.069s] running symlink_data
[1.113s] Invoked command in '/home/rinna/ros2_ws/build/examples_rclpy_minimal_publisher' returned '0': PYTHONPATH=/home/rinna/ros2_ws/build/examples_rclpy_minimal_publisher/prefix_override:/usr/lib/python3/dist-packages/colcon_core/task/python/colcon_distutils_commands:/home/rinna/ros2_ws/install/examples_rclpy_minimal_publisher/lib/python3.10/site-packages:${PYTHONPATH} /usr/bin/python3 -W ignore:setup.py install is deprecated -W ignore:easy_install command is deprecated setup.py develop --editable --build-directory /home/rinna/ros2_ws/build/examples_rclpy_minimal_publisher/build --no-deps symlink_data
