[2.483s] Invoking command in '/home/rinna/ros2_ws/build/examples_rclpy_minimal_publisher': PYTHONPATH=/home/rinna/ros2_ws/build/examples_rclpy_minimal_publisher/prefix_override:/usr/lib/python3/dist-packages/colcon_core/task/python/colcon_distutils_commands:/home/rinna/ros2_ws/install/examples_rclpy_minimal_publisher/lib/python3.10/site-packages:${PYTHONPATH} /usr/bin/python3 -W ignore:setup.py install is deprecated -W ignore:easy_install command is deprecated setup.py develop --uninstall --editable --build-directory /home/rinna/ros2_ws/build/examples_rclpy_minimal_publisher/build
[2.821s] running develop
[3.060s] Removing /home/rinna/ros2_ws/install/examples_rclpy_minimal_publisher/lib/python3.10/site-packages/examples-rclpy-minimal-publisher.egg-link (link to .)
[3.136s] Invoked command in '/home/rinna/ros2_ws/build/examples_rclpy_minimal_publisher' returned '0': PYTHONPATH=/home/rinna/ros2_ws/build/examples_rclpy_minimal_publisher/prefix_override:/usr/lib/python3/dist-packages/colcon_core/task/python/colcon_distutils_commands:/home/rinna/ros2_ws/install/examples_rclpy_minimal_publisher/lib/python3.10/site-packages:${PYTHONPATH} /usr/bin/python3 -W ignore:setup.py install is deprecated -W ignore:easy_install command is deprecated setup.py develop --uninstall --editable --build-directory /home/rinna/ros2_ws/build/examples_rclpy_minimal_publisher/build
[3.138s] Invoking command in '/home/rinna/ros2_ws/src/examples/rclpy/topics/minimal_publisher': PYTHONPATH=/home/rinna/ros2_ws/build/examples_rclpy_minimal_publisher/prefix_override:/usr/lib/python3/dist-packages/colcon_core/task/python/colcon_distutils_commands:/home/rinna/ros2_ws/install/examples_rclpy_minimal_publisher/lib/python3.10/site-packages:${PYTHONPATH} /usr/bin/python3 -W ignore:setup.py install is deprecated -W ignore:easy_install command is deprecated setup.py egg_info --egg-base ../../../../../build/examples_rclpy_minimal_publisher build --build-base /home/rinna/ros2_ws/build/examples_rclpy_minimal_publisher/build install --record /home/rinna/ros2_ws/build/examples_rclpy_minimal_publisher/install.log --single-version-externally-managed install_data --force
[3.454s] running egg_info
[3.455s] writing ../../../../../build/examples_rclpy_minimal_publisher/examples_rclpy_minimal_publisher.egg-info/PKG-INFO
[3.456s] writing dependency_links to ../../../../../build/examples_rclpy_minimal_publisher/examples_rclpy_minimal_publisher.egg-info/dependency_links.txt
[3.456s] writing entry points to ../../../../../build/examples_rclpy_minimal_publisher/examples_rclpy_minimal_publisher.egg-info/entry_points.txt
[3.456s] writing requirements to ../../../../../build/examples_rclpy_minimal_publisher/examples_rclpy_minimal_publisher.egg-info/requires.txt
[3.457s] writing top-level names to ../../../../../build/examples_rclpy_minimal_publisher/examples_rclpy_minimal_publisher.egg-info/top_level.txt
[3.458s] reading manifest file '../../../../../build/examples_rclpy_minimal_publisher/examples_rclpy_minimal_publisher.egg-info/SOURCES.txt'
[3.460s] writing manifest file '../../../../../build/examples_rclpy_minimal_publisher/examples_rclpy_minimal_publisher.egg-info/SOURCES.txt'
[3.461s] running build
[3.461s] running build_py
[3.462s] creating /home/rinna/ros2_ws/build/examples_rclpy_minimal_publisher/build
[3.462s] creating /home/rinna/ros2_ws/build/examples_rclpy_minimal_publisher/build/lib
[3.463s] creating /home/rinna/ros2_ws/build/examples_rclpy_minimal_publisher/build/lib/examples_rclpy_minimal_publisher
[3.464s] copying examples_rclpy_minimal_publisher/__init__.py -> /home/rinna/ros2_ws/build/examples_rclpy_minimal_publisher/build/lib/examples_rclpy_minimal_publisher
[3.464s] copying examples_rclpy_minimal_publisher/publisher_old_school.py -> /home/rinna/ros2_ws/build/examples_rclpy_minimal_publisher/build/lib/examples_rclpy_minimal_publisher
[3.464s] copying examples_rclpy_minimal_publisher/publisher_member_function.py -> /home/rinna/ros2_ws/build/examples_rclpy_minimal_publisher/build/lib/examples_rclpy_minimal_publisher
[3.465s] copying examples_rclpy_minimal_publisher/publisher_local_function.py -> /home/rinna/ros2_ws/build/examples_rclpy_minimal_publisher/build/lib/examples_rclpy_minimal_publisher
[3.465s] copying examples_rclpy_minimal_publisher/publisher_member_function_with_wait_for_all_acked.py -> /home/rinna/ros2_ws/build/examples_rclpy_minimal_publisher/build/lib/examples_rclpy_minimal_publisher
[3.465s] running install
[3.465s] running install_lib
[3.466s] creating /home/rinna/ros2_ws/install/examples_rclpy_minimal_publisher/lib/python3.10/site-packages/examples_rclpy_minimal_publisher
[3.467s] copying /home/rinna/ros2_ws/build/examples_rclpy_minimal_publisher/build/lib/examples_rclpy_minimal_publisher/__init__.py -> /home/rinna/ros2_ws/install/examples_rclpy_minimal_publisher/lib/python3.10/site-packages/examples_rclpy_minimal_publisher
[3.468s] copying /home/rinna/ros2_ws/build/examples_rclpy_minimal_publisher/build/lib/examples_rclpy_minimal_publisher/publisher_old_school.py -> /home/rinna/ros2_ws/install/examples_rclpy_minimal_publisher/lib/python3.10/site-packages/examples_rclpy_minimal_publisher
[3.468s] copying /home/rinna/ros2_ws/build/examples_rclpy_minimal_publisher/build/lib/examples_rclpy_minimal_publisher/publisher_member_function.py -> /home/rinna/ros2_ws/install/examples_rclpy_minimal_publisher/lib/python3.10/site-packages/examples_rclpy_minimal_publisher
[3.469s] copying /home/rinna/ros2_ws/build/examples_rclpy_minimal_publisher/build/lib/examples_rclpy_minimal_publisher/publisher_local_function.py -> /home/rinna/ros2_ws/install/examples_rclpy_minimal_publisher/lib/python3.10/site-packages/examples_rclpy_minimal_publisher
[3.469s] copying /home/rinna/ros2_ws/build/examples_rclpy_minimal_publisher/build/lib/examples_rclpy_minimal_publisher/publisher_member_function_with_wait_for_all_acked.py -> /home/rinna/ros2_ws/install/examples_rclpy_minimal_publisher/lib/python3.10/site-packages/examples_rclpy_minimal_publisher
[3.469s] byte-compiling /home/rinna/ros2_ws/install/examples_rclpy_minimal_publisher/lib/python3.10/site-packages/examples_rclpy_minimal_publisher/__init__.py to __init__.cpython-310.pyc
[3.470s] byte-compiling /home/rinna/ros2_ws/install/examples_rclpy_minimal_publisher/lib/python3.10/site-packages/examples_rclpy_minimal_publisher/publisher_old_school.py to publisher_old_school.cpython-310.pyc
[3.471s] byte-compiling /home/rinna/ros2_ws/install/examples_rclpy_minimal_publisher/lib/python3.10/site-packages/examples_rclpy_minimal_publisher/publisher_member_function.py to publisher_member_function.cpython-310.pyc
[3.472s] byte-compiling /home/rinna/ros2_ws/install/examples_rclpy_minimal_publisher/lib/python3.10/site-packages/examples_rclpy_minimal_publisher/publisher_local_function.py to publisher_local_function.cpython-310.pyc
[3.473s] byte-compiling /home/rinna/ros2_ws/install/examples_rclpy_minimal_publisher/lib/python3.10/site-packages/examples_rclpy_minimal_publisher/publisher_member_function_with_wait_for_all_acked.py to publisher_member_function_with_wait_for_all_acked.cpython-310.pyc
[3.473s] running install_data
[3.473s] copying resource/examples_rclpy_minimal_publisher -> /home/rinna/ros2_ws/install/examples_rclpy_minimal_publisher/share/ament_index/resource_index/packages
[3.474s] copying package.xml -> /home/rinna/ros2_ws/install/examples_rclpy_minimal_publisher/share/examples_rclpy_minimal_publisher
[3.474s] running install_egg_info
[3.479s] Copying ../../../../../build/examples_rclpy_minimal_publisher/examples_rclpy_minimal_publisher.egg-info to /home/rinna/ros2_ws/install/examples_rclpy_minimal_publisher/lib/python3.10/site-packages/examples_rclpy_minimal_publisher-0.15.4-py3.10.egg-info
[3.481s] running install_scripts
[3.508s] Installing publisher_local_function script to /home/rinna/ros2_ws/install/examples_rclpy_minimal_publisher/lib/examples_rclpy_minimal_publisher
[3.509s] Installing publisher_member_function script to /home/rinna/ros2_ws/install/examples_rclpy_minimal_publisher/lib/examples_rclpy_minimal_publisher
[3.509s] Installing publisher_member_function_with_wait_for_all_acked script to /home/rinna/ros2_ws/install/examples_rclpy_minimal_publisher/lib/examples_rclpy_minimal_publisher
[3.509s] Installing publisher_old_school script to /home/rinna/ros2_ws/install/examples_rclpy_minimal_publisher/lib/examples_rclpy_minimal_publisher
[3.510s] writing list of installed files to '/home/rinna/ros2_ws/build/examples_rclpy_minimal_publisher/install.log'
[3.586s] Invoked command in '/home/rinna/ros2_ws/src/examples/rclpy/topics/minimal_publisher' returned '0': PYTHONPATH=/home/rinna/ros2_ws/build/examples_rclpy_minimal_publisher/prefix_override:/usr/lib/python3/dist-packages/colcon_core/task/python/colcon_distutils_commands:/home/rinna/ros2_ws/install/examples_rclpy_minimal_publisher/lib/python3.10/site-packages:${PYTHONPATH} /usr/bin/python3 -W ignore:setup.py install is deprecated -W ignore:easy_install command is deprecated setup.py egg_info --egg-base ../../../../../build/examples_rclpy_minimal_publisher build --build-base /home/rinna/ros2_ws/build/examples_rclpy_minimal_publisher/build install --record /home/rinna/ros2_ws/build/examples_rclpy_minimal_publisher/install.log --single-version-externally-managed install_data --force
