[0.168s] Invoking command in '/home/rinna/ros2_ws/build/examples_rclcpp_async_client': CMAKE_PREFIX_PATH=${CMAKE_PREFIX_PATH}:/home/rinna/ros2_ws/install/launch_testing_examples:/home/rinna/ros2_ws/install/examples_rclpy_pointcloud_publisher:/home/rinna/ros2_ws/install/examples_rclpy_minimal_subscriber:/home/rinna/ros2_ws/install/examples_rclpy_minimal_service:/home/rinna/ros2_ws/install/examples_rclpy_minimal_publisher:/home/rinna/ros2_ws/install/examples_rclpy_minimal_client:/home/rinna/ros2_ws/install/examples_rclpy_minimal_action_server:/home/rinna/ros2_ws/install/examples_rclpy_minimal_action_client:/home/rinna/ros2_ws/install/examples_rclpy_guard_conditions:/home/rinna/ros2_ws/install/examples_rclpy_executors:/opt/ros/humble /usr/bin/cmake /home/rinna/ros2_ws/src/examples/rclcpp/services/async_client -DCMAKE_INSTALL_PREFIX=/home/rinna/ros2_ws/install/examples_rclcpp_async_client
[1.416s] -- Found ament_cmake: 1.3.12 (/opt/ros/humble/share/ament_cmake/cmake)
[1.416s] -- Override CMake install command with custom implementation using symlinks instead of copying resources
[1.416s] -- Found example_interfaces: 0.9.3 (/opt/ros/humble/share/example_interfaces/cmake)
[1.416s] -- Found rosidl_generator_c: 3.1.7 (/opt/ros/humble/share/rosidl_generator_c/cmake)
[1.417s] -- Found rosidl_adapter: 3.1.7 (/opt/ros/humble/share/rosidl_adapter/cmake)
[1.417s] -- Found rosidl_generator_cpp: 3.1.7 (/opt/ros/humble/share/rosidl_generator_cpp/cmake)
[1.417s] -- Using all available rosidl_typesupport_c: rosidl_typesupport_fastrtps_c;rosidl_typesupport_introspection_c
[1.417s] -- Using all available rosidl_typesupport_cpp: rosidl_typesupport_fastrtps_cpp;rosidl_typesupport_introspection_cpp
[1.417s] -- Found rclcpp: 16.0.15 (/opt/ros/humble/share/rclcpp/cmake)
[1.417s] -- Found rmw_implementation_cmake: 6.1.2 (/opt/ros/humble/share/rmw_implementation_cmake/cmake)
[1.418s] -- Found rmw_fastrtps_cpp: 6.2.8 (/opt/ros/humble/share/rmw_fastrtps_cpp/cmake)
[4.227s] -- Using RMW implementation 'rmw_fastrtps_cpp' as default
[4.286s] -- Found ament_lint_auto: 0.12.14 (/opt/ros/humble/share/ament_lint_auto/cmake)
[4.378s] -- Added test 'copyright' to check source files copyright and LICENSE
[4.378s] -- Added test 'cppcheck' to perform static code analysis on C / C++ code
[4.378s] -- Configured cppcheck include dirs: 
[4.378s] -- Configured cppcheck exclude dirs and/or files: 
[4.379s] -- Added test 'cpplint' to check C / C++ code against the Google style
[4.379s] -- Configured cpplint exclude dirs and/or files: 
[4.379s] -- Added test 'lint_cmake' to check CMake code style
[4.380s] -- Added test 'uncrustify' to check C / C++ code style
[4.380s] -- Configured uncrustify additional arguments: 
[4.381s] -- Added test 'xmllint' to check XML markup files
[4.383s] -- Configuring done
[4.402s] -- Generating done
[4.408s] -- Build files have been written to: /home/rinna/ros2_ws/build/examples_rclcpp_async_client
[6.157s] Invoked command in '/home/rinna/ros2_ws/build/examples_rclcpp_async_client' returned '0': CMAKE_PREFIX_PATH=${CMAKE_PREFIX_PATH}:/home/rinna/ros2_ws/install/launch_testing_examples:/home/rinna/ros2_ws/install/examples_rclpy_pointcloud_publisher:/home/rinna/ros2_ws/install/examples_rclpy_minimal_subscriber:/home/rinna/ros2_ws/install/examples_rclpy_minimal_service:/home/rinna/ros2_ws/install/examples_rclpy_minimal_publisher:/home/rinna/ros2_ws/install/examples_rclpy_minimal_client:/home/rinna/ros2_ws/install/examples_rclpy_minimal_action_server:/home/rinna/ros2_ws/install/examples_rclpy_minimal_action_client:/home/rinna/ros2_ws/install/examples_rclpy_guard_conditions:/home/rinna/ros2_ws/install/examples_rclpy_executors:/opt/ros/humble /usr/bin/cmake /home/rinna/ros2_ws/src/examples/rclcpp/services/async_client -DCMAKE_INSTALL_PREFIX=/home/rinna/ros2_ws/install/examples_rclcpp_async_client
[6.158s] Invoking command in '/home/rinna/ros2_ws/build/examples_rclcpp_async_client': CMAKE_PREFIX_PATH=${CMAKE_PREFIX_PATH}:/home/rinna/ros2_ws/install/launch_testing_examples:/home/rinna/ros2_ws/install/examples_rclpy_pointcloud_publisher:/home/rinna/ros2_ws/install/examples_rclpy_minimal_subscriber:/home/rinna/ros2_ws/install/examples_rclpy_minimal_service:/home/rinna/ros2_ws/install/examples_rclpy_minimal_publisher:/home/rinna/ros2_ws/install/examples_rclpy_minimal_client:/home/rinna/ros2_ws/install/examples_rclpy_minimal_action_server:/home/rinna/ros2_ws/install/examples_rclpy_minimal_action_client:/home/rinna/ros2_ws/install/examples_rclpy_guard_conditions:/home/rinna/ros2_ws/install/examples_rclpy_executors:/opt/ros/humble /usr/bin/cmake --build /home/rinna/ros2_ws/build/examples_rclcpp_async_client -- -j16 -l16
[6.218s] [35m[1mConsolidate compiler generated dependencies of target client_main[0m
[6.250s] [100%] Built target client_main
[6.295s] Invoked command in '/home/rinna/ros2_ws/build/examples_rclcpp_async_client' returned '0': CMAKE_PREFIX_PATH=${CMAKE_PREFIX_PATH}:/home/rinna/ros2_ws/install/launch_testing_examples:/home/rinna/ros2_ws/install/examples_rclpy_pointcloud_publisher:/home/rinna/ros2_ws/install/examples_rclpy_minimal_subscriber:/home/rinna/ros2_ws/install/examples_rclpy_minimal_service:/home/rinna/ros2_ws/install/examples_rclpy_minimal_publisher:/home/rinna/ros2_ws/install/examples_rclpy_minimal_client:/home/rinna/ros2_ws/install/examples_rclpy_minimal_action_server:/home/rinna/ros2_ws/install/examples_rclpy_minimal_action_client:/home/rinna/ros2_ws/install/examples_rclpy_guard_conditions:/home/rinna/ros2_ws/install/examples_rclpy_executors:/opt/ros/humble /usr/bin/cmake --build /home/rinna/ros2_ws/build/examples_rclcpp_async_client -- -j16 -l16
[6.308s] Invoking command in '/home/rinna/ros2_ws/build/examples_rclcpp_async_client': CMAKE_PREFIX_PATH=${CMAKE_PREFIX_PATH}:/home/rinna/ros2_ws/install/launch_testing_examples:/home/rinna/ros2_ws/install/examples_rclpy_pointcloud_publisher:/home/rinna/ros2_ws/install/examples_rclpy_minimal_subscriber:/home/rinna/ros2_ws/install/examples_rclpy_minimal_service:/home/rinna/ros2_ws/install/examples_rclpy_minimal_publisher:/home/rinna/ros2_ws/install/examples_rclpy_minimal_client:/home/rinna/ros2_ws/install/examples_rclpy_minimal_action_server:/home/rinna/ros2_ws/install/examples_rclpy_minimal_action_client:/home/rinna/ros2_ws/install/examples_rclpy_guard_conditions:/home/rinna/ros2_ws/install/examples_rclpy_executors:/opt/ros/humble /usr/bin/cmake --install /home/rinna/ros2_ws/build/examples_rclcpp_async_client
[6.318s] -- Install configuration: ""
[6.319s] -- Execute custom install script
[6.320s] -- Up-to-date symlink: /home/rinna/ros2_ws/install/examples_rclcpp_async_client/lib/examples_rclcpp_async_client/client_main
[6.320s] -- Up-to-date symlink: /home/rinna/ros2_ws/install/examples_rclcpp_async_client/share/ament_index/resource_index/package_run_dependencies/examples_rclcpp_async_client
[6.322s] -- Up-to-date symlink: /home/rinna/ros2_ws/install/examples_rclcpp_async_client/share/ament_index/resource_index/parent_prefix_path/examples_rclcpp_async_client
[6.323s] -- Up-to-date symlink: /home/rinna/ros2_ws/install/examples_rclcpp_async_client/share/examples_rclcpp_async_client/environment/ament_prefix_path.sh
[6.323s] -- Up-to-date symlink: /home/rinna/ros2_ws/install/examples_rclcpp_async_client/share/examples_rclcpp_async_client/environment/ament_prefix_path.dsv
[6.324s] -- Up-to-date symlink: /home/rinna/ros2_ws/install/examples_rclcpp_async_client/share/examples_rclcpp_async_client/environment/path.sh
[6.325s] -- Up-to-date symlink: /home/rinna/ros2_ws/install/examples_rclcpp_async_client/share/examples_rclcpp_async_client/environment/path.dsv
[6.325s] -- Up-to-date symlink: /home/rinna/ros2_ws/install/examples_rclcpp_async_client/share/examples_rclcpp_async_client/local_setup.bash
[6.326s] -- Up-to-date symlink: /home/rinna/ros2_ws/install/examples_rclcpp_async_client/share/examples_rclcpp_async_client/local_setup.sh
[6.326s] -- Up-to-date symlink: /home/rinna/ros2_ws/install/examples_rclcpp_async_client/share/examples_rclcpp_async_client/local_setup.zsh
[6.326s] -- Up-to-date symlink: /home/rinna/ros2_ws/install/examples_rclcpp_async_client/share/examples_rclcpp_async_client/local_setup.dsv
[6.327s] -- Symlinking: /home/rinna/ros2_ws/install/examples_rclcpp_async_client/share/examples_rclcpp_async_client/package.dsv
[6.346s] -- Up-to-date symlink: /home/rinna/ros2_ws/install/examples_rclcpp_async_client/share/ament_index/resource_index/packages/examples_rclcpp_async_client
[6.346s] -- Up-to-date symlink: /home/rinna/ros2_ws/install/examples_rclcpp_async_client/share/examples_rclcpp_async_client/cmake/examples_rclcpp_async_clientConfig.cmake
[6.347s] -- Up-to-date symlink: /home/rinna/ros2_ws/install/examples_rclcpp_async_client/share/examples_rclcpp_async_client/cmake/examples_rclcpp_async_clientConfig-version.cmake
[6.347s] -- Up-to-date symlink: /home/rinna/ros2_ws/install/examples_rclcpp_async_client/share/examples_rclcpp_async_client/package.xml
[6.352s] Invoked command in '/home/rinna/ros2_ws/build/examples_rclcpp_async_client' returned '0': CMAKE_PREFIX_PATH=${CMAKE_PREFIX_PATH}:/home/rinna/ros2_ws/install/launch_testing_examples:/home/rinna/ros2_ws/install/examples_rclpy_pointcloud_publisher:/home/rinna/ros2_ws/install/examples_rclpy_minimal_subscriber:/home/rinna/ros2_ws/install/examples_rclpy_minimal_service:/home/rinna/ros2_ws/install/examples_rclpy_minimal_publisher:/home/rinna/ros2_ws/install/examples_rclpy_minimal_client:/home/rinna/ros2_ws/install/examples_rclpy_minimal_action_server:/home/rinna/ros2_ws/install/examples_rclpy_minimal_action_client:/home/rinna/ros2_ws/install/examples_rclpy_guard_conditions:/home/rinna/ros2_ws/install/examples_rclpy_executors:/opt/ros/humble /usr/bin/cmake --install /home/rinna/ros2_ws/build/examples_rclcpp_async_client
