[0.159s] Invoking command in '/home/rinna/ros2_ws/build/examples_rclcpp_minimal_action_server': CMAKE_PREFIX_PATH=${CMAKE_PREFIX_PATH}:/home/rinna/ros2_ws/install/launch_testing_examples:/home/rinna/ros2_ws/install/examples_rclpy_pointcloud_publisher:/home/rinna/ros2_ws/install/examples_rclpy_minimal_subscriber:/home/rinna/ros2_ws/install/examples_rclpy_minimal_service:/home/rinna/ros2_ws/install/examples_rclpy_minimal_publisher:/home/rinna/ros2_ws/install/examples_rclpy_minimal_client:/home/rinna/ros2_ws/install/examples_rclpy_minimal_action_server:/home/rinna/ros2_ws/install/examples_rclpy_minimal_action_client:/home/rinna/ros2_ws/install/examples_rclpy_guard_conditions:/home/rinna/ros2_ws/install/examples_rclpy_executors:/opt/ros/humble /usr/bin/cmake /home/rinna/ros2_ws/src/examples/rclcpp/actions/minimal_action_server -DCMAKE_INSTALL_PREFIX=/home/rinna/ros2_ws/install/examples_rclcpp_minimal_action_server
[1.399s] -- Found ament_cmake: 1.3.12 (/opt/ros/humble/share/ament_cmake/cmake)
[1.401s] -- Override CMake install command with custom implementation using symlinks instead of copying resources
[1.401s] -- Found example_interfaces: 0.9.3 (/opt/ros/humble/share/example_interfaces/cmake)
[1.401s] -- Found rosidl_generator_c: 3.1.7 (/opt/ros/humble/share/rosidl_generator_c/cmake)
[1.402s] -- Found rosidl_adapter: 3.1.7 (/opt/ros/humble/share/rosidl_adapter/cmake)
[1.402s] -- Found rosidl_generator_cpp: 3.1.7 (/opt/ros/humble/share/rosidl_generator_cpp/cmake)
[1.402s] -- Using all available rosidl_typesupport_c: rosidl_typesupport_fastrtps_c;rosidl_typesupport_introspection_c
[1.402s] -- Using all available rosidl_typesupport_cpp: rosidl_typesupport_fastrtps_cpp;rosidl_typesupport_introspection_cpp
[1.403s] -- Found rclcpp: 16.0.15 (/opt/ros/humble/share/rclcpp/cmake)
[1.403s] -- Found rmw_implementation_cmake: 6.1.2 (/opt/ros/humble/share/rmw_implementation_cmake/cmake)
[1.403s] -- Found rmw_fastrtps_cpp: 6.2.8 (/opt/ros/humble/share/rmw_fastrtps_cpp/cmake)
[3.535s] -- Using RMW implementation 'rmw_fastrtps_cpp' as default
[3.610s] -- Found rclcpp_action: 16.0.15 (/opt/ros/humble/share/rclcpp_action/cmake)
[3.630s] -- Found ament_lint_auto: 0.12.14 (/opt/ros/humble/share/ament_lint_auto/cmake)
[3.833s] -- Added test 'copyright' to check source files copyright and LICENSE
[3.833s] -- Added test 'cppcheck' to perform static code analysis on C / C++ code
[3.833s] -- Configured cppcheck include dirs: 
[3.834s] -- Configured cppcheck exclude dirs and/or files: 
[3.834s] -- Added test 'cpplint' to check C / C++ code against the Google style
[3.834s] -- Configured cpplint exclude dirs and/or files: 
[3.838s] -- Added test 'lint_cmake' to check CMake code style
[3.838s] -- Added test 'uncrustify' to check C / C++ code style
[3.838s] -- Configured uncrustify additional arguments: 
[3.838s] -- Added test 'xmllint' to check XML markup files
[3.839s] -- Configuring done
[3.866s] -- Generating done
[3.876s] -- Build files have been written to: /home/rinna/ros2_ws/build/examples_rclcpp_minimal_action_server
[4.204s] Invoked command in '/home/rinna/ros2_ws/build/examples_rclcpp_minimal_action_server' returned '0': CMAKE_PREFIX_PATH=${CMAKE_PREFIX_PATH}:/home/rinna/ros2_ws/install/launch_testing_examples:/home/rinna/ros2_ws/install/examples_rclpy_pointcloud_publisher:/home/rinna/ros2_ws/install/examples_rclpy_minimal_subscriber:/home/rinna/ros2_ws/install/examples_rclpy_minimal_service:/home/rinna/ros2_ws/install/examples_rclpy_minimal_publisher:/home/rinna/ros2_ws/install/examples_rclpy_minimal_client:/home/rinna/ros2_ws/install/examples_rclpy_minimal_action_server:/home/rinna/ros2_ws/install/examples_rclpy_minimal_action_client:/home/rinna/ros2_ws/install/examples_rclpy_guard_conditions:/home/rinna/ros2_ws/install/examples_rclpy_executors:/opt/ros/humble /usr/bin/cmake /home/rinna/ros2_ws/src/examples/rclcpp/actions/minimal_action_server -DCMAKE_INSTALL_PREFIX=/home/rinna/ros2_ws/install/examples_rclcpp_minimal_action_server
[4.205s] Invoking command in '/home/rinna/ros2_ws/build/examples_rclcpp_minimal_action_server': CMAKE_PREFIX_PATH=${CMAKE_PREFIX_PATH}:/home/rinna/ros2_ws/install/launch_testing_examples:/home/rinna/ros2_ws/install/examples_rclpy_pointcloud_publisher:/home/rinna/ros2_ws/install/examples_rclpy_minimal_subscriber:/home/rinna/ros2_ws/install/examples_rclpy_minimal_service:/home/rinna/ros2_ws/install/examples_rclpy_minimal_publisher:/home/rinna/ros2_ws/install/examples_rclpy_minimal_client:/home/rinna/ros2_ws/install/examples_rclpy_minimal_action_server:/home/rinna/ros2_ws/install/examples_rclpy_minimal_action_client:/home/rinna/ros2_ws/install/examples_rclpy_guard_conditions:/home/rinna/ros2_ws/install/examples_rclpy_executors:/opt/ros/humble /usr/bin/cmake --build /home/rinna/ros2_ws/build/examples_rclcpp_minimal_action_server -- -j16 -l16
[4.338s] [35m[1mConsolidate compiler generated dependencies of target action_server_member_functions[0m
[4.338s] [35m[1mConsolidate compiler generated dependencies of target action_server_not_composable[0m
[4.339s] [100%] Built target action_server_not_composable
[4.339s] [100%] Built target action_server_member_functions
[4.426s] Invoked command in '/home/rinna/ros2_ws/build/examples_rclcpp_minimal_action_server' returned '0': CMAKE_PREFIX_PATH=${CMAKE_PREFIX_PATH}:/home/rinna/ros2_ws/install/launch_testing_examples:/home/rinna/ros2_ws/install/examples_rclpy_pointcloud_publisher:/home/rinna/ros2_ws/install/examples_rclpy_minimal_subscriber:/home/rinna/ros2_ws/install/examples_rclpy_minimal_service:/home/rinna/ros2_ws/install/examples_rclpy_minimal_publisher:/home/rinna/ros2_ws/install/examples_rclpy_minimal_client:/home/rinna/ros2_ws/install/examples_rclpy_minimal_action_server:/home/rinna/ros2_ws/install/examples_rclpy_minimal_action_client:/home/rinna/ros2_ws/install/examples_rclpy_guard_conditions:/home/rinna/ros2_ws/install/examples_rclpy_executors:/opt/ros/humble /usr/bin/cmake --build /home/rinna/ros2_ws/build/examples_rclcpp_minimal_action_server -- -j16 -l16
[4.428s] Invoking command in '/home/rinna/ros2_ws/build/examples_rclcpp_minimal_action_server': CMAKE_PREFIX_PATH=${CMAKE_PREFIX_PATH}:/home/rinna/ros2_ws/install/launch_testing_examples:/home/rinna/ros2_ws/install/examples_rclpy_pointcloud_publisher:/home/rinna/ros2_ws/install/examples_rclpy_minimal_subscriber:/home/rinna/ros2_ws/install/examples_rclpy_minimal_service:/home/rinna/ros2_ws/install/examples_rclpy_minimal_publisher:/home/rinna/ros2_ws/install/examples_rclpy_minimal_client:/home/rinna/ros2_ws/install/examples_rclpy_minimal_action_server:/home/rinna/ros2_ws/install/examples_rclpy_minimal_action_client:/home/rinna/ros2_ws/install/examples_rclpy_guard_conditions:/home/rinna/ros2_ws/install/examples_rclpy_executors:/opt/ros/humble /usr/bin/cmake --install /home/rinna/ros2_ws/build/examples_rclcpp_minimal_action_server
[4.438s] -- Install configuration: ""
[4.438s] -- Execute custom install script
[4.439s] -- Up-to-date symlink: /home/rinna/ros2_ws/install/examples_rclcpp_minimal_action_server/lib/examples_rclcpp_minimal_action_server/action_server_not_composable
[4.439s] -- Up-to-date symlink: /home/rinna/ros2_ws/install/examples_rclcpp_minimal_action_server/lib/examples_rclcpp_minimal_action_server/action_server_member_functions
[4.440s] -- Up-to-date symlink: /home/rinna/ros2_ws/install/examples_rclcpp_minimal_action_server/share/ament_index/resource_index/package_run_dependencies/examples_rclcpp_minimal_action_server
[4.440s] -- Up-to-date symlink: /home/rinna/ros2_ws/install/examples_rclcpp_minimal_action_server/share/ament_index/resource_index/parent_prefix_path/examples_rclcpp_minimal_action_server
[4.440s] -- Up-to-date symlink: /home/rinna/ros2_ws/install/examples_rclcpp_minimal_action_server/share/examples_rclcpp_minimal_action_server/environment/ament_prefix_path.sh
[4.441s] -- Up-to-date symlink: /home/rinna/ros2_ws/install/examples_rclcpp_minimal_action_server/share/examples_rclcpp_minimal_action_server/environment/ament_prefix_path.dsv
[4.441s] -- Up-to-date symlink: /home/rinna/ros2_ws/install/examples_rclcpp_minimal_action_server/share/examples_rclcpp_minimal_action_server/environment/path.sh
[4.442s] -- Up-to-date symlink: /home/rinna/ros2_ws/install/examples_rclcpp_minimal_action_server/share/examples_rclcpp_minimal_action_server/environment/path.dsv
[4.442s] -- Up-to-date symlink: /home/rinna/ros2_ws/install/examples_rclcpp_minimal_action_server/share/examples_rclcpp_minimal_action_server/local_setup.bash
[4.442s] -- Up-to-date symlink: /home/rinna/ros2_ws/install/examples_rclcpp_minimal_action_server/share/examples_rclcpp_minimal_action_server/local_setup.sh
[4.443s] -- Up-to-date symlink: /home/rinna/ros2_ws/install/examples_rclcpp_minimal_action_server/share/examples_rclcpp_minimal_action_server/local_setup.zsh
[4.443s] -- Up-to-date symlink: /home/rinna/ros2_ws/install/examples_rclcpp_minimal_action_server/share/examples_rclcpp_minimal_action_server/local_setup.dsv
[4.443s] -- Symlinking: /home/rinna/ros2_ws/install/examples_rclcpp_minimal_action_server/share/examples_rclcpp_minimal_action_server/package.dsv
[4.457s] -- Up-to-date symlink: /home/rinna/ros2_ws/install/examples_rclcpp_minimal_action_server/share/ament_index/resource_index/packages/examples_rclcpp_minimal_action_server
[4.457s] -- Up-to-date symlink: /home/rinna/ros2_ws/install/examples_rclcpp_minimal_action_server/share/examples_rclcpp_minimal_action_server/cmake/examples_rclcpp_minimal_action_serverConfig.cmake
[4.457s] -- Up-to-date symlink: /home/rinna/ros2_ws/install/examples_rclcpp_minimal_action_server/share/examples_rclcpp_minimal_action_server/cmake/examples_rclcpp_minimal_action_serverConfig-version.cmake
[4.458s] -- Up-to-date symlink: /home/rinna/ros2_ws/install/examples_rclcpp_minimal_action_server/share/examples_rclcpp_minimal_action_server/package.xml
[6.165s] Invoked command in '/home/rinna/ros2_ws/build/examples_rclcpp_minimal_action_server' returned '0': CMAKE_PREFIX_PATH=${CMAKE_PREFIX_PATH}:/home/rinna/ros2_ws/install/launch_testing_examples:/home/rinna/ros2_ws/install/examples_rclpy_pointcloud_publisher:/home/rinna/ros2_ws/install/examples_rclpy_minimal_subscriber:/home/rinna/ros2_ws/install/examples_rclpy_minimal_service:/home/rinna/ros2_ws/install/examples_rclpy_minimal_publisher:/home/rinna/ros2_ws/install/examples_rclpy_minimal_client:/home/rinna/ros2_ws/install/examples_rclpy_minimal_action_server:/home/rinna/ros2_ws/install/examples_rclpy_minimal_action_client:/home/rinna/ros2_ws/install/examples_rclpy_guard_conditions:/home/rinna/ros2_ws/install/examples_rclpy_executors:/opt/ros/humble /usr/bin/cmake --install /home/rinna/ros2_ws/build/examples_rclcpp_minimal_action_server
