[2.853s] Invoking command in '/home/rinna/ros2_ws/build/examples_rclpy_minimal_action_server': PYTHONPATH=/home/rinna/ros2_ws/build/examples_rclpy_minimal_action_server/prefix_override:/usr/lib/python3/dist-packages/colcon_core/task/python/colcon_distutils_commands:/home/rinna/ros2_ws/install/examples_rclpy_minimal_action_server/lib/python3.10/site-packages:${PYTHONPATH} /usr/bin/python3 -W ignore:setup.py install is deprecated -W ignore:easy_install command is deprecated setup.py develop --editable --build-directory /home/rinna/ros2_ws/build/examples_rclpy_minimal_action_server/build --no-deps symlink_data
[5.046s] running develop
[5.046s] running egg_info
[5.046s] creating examples_rclpy_minimal_action_server.egg-info
[5.047s] writing examples_rclpy_minimal_action_server.egg-info/PKG-INFO
[5.047s] writing dependency_links to examples_rclpy_minimal_action_server.egg-info/dependency_links.txt
[5.047s] writing entry points to examples_rclpy_minimal_action_server.egg-info/entry_points.txt
[5.047s] writing requirements to examples_rclpy_minimal_action_server.egg-info/requires.txt
[5.047s] writing top-level names to examples_rclpy_minimal_action_server.egg-info/top_level.txt
[5.047s] writing manifest file 'examples_rclpy_minimal_action_server.egg-info/SOURCES.txt'
[5.047s] reading manifest file 'examples_rclpy_minimal_action_server.egg-info/SOURCES.txt'
[5.048s] writing manifest file 'examples_rclpy_minimal_action_server.egg-info/SOURCES.txt'
[5.048s] running build_ext
[5.048s] Creating /home/rinna/ros2_ws/install/examples_rclpy_minimal_action_server/lib/python3.10/site-packages/examples-rclpy-minimal-action-server.egg-link (link to .)
[5.048s] Installing server script to /home/rinna/ros2_ws/install/examples_rclpy_minimal_action_server/lib/examples_rclpy_minimal_action_server
[5.048s] Installing server_defer script to /home/rinna/ros2_ws/install/examples_rclpy_minimal_action_server/lib/examples_rclpy_minimal_action_server
[5.048s] Installing server_not_composable script to /home/rinna/ros2_ws/install/examples_rclpy_minimal_action_server/lib/examples_rclpy_minimal_action_server
[5.048s] Installing server_queue_goals script to /home/rinna/ros2_ws/install/examples_rclpy_minimal_action_server/lib/examples_rclpy_minimal_action_server
[5.048s] Installing server_single_goal script to /home/rinna/ros2_ws/install/examples_rclpy_minimal_action_server/lib/examples_rclpy_minimal_action_server
[5.048s] 
[5.049s] Installed /home/rinna/ros2_ws/build/examples_rclpy_minimal_action_server
[5.049s] running symlink_data
[5.049s] creating /home/rinna/ros2_ws/install/examples_rclpy_minimal_action_server/share/ament_index
[5.049s] creating /home/rinna/ros2_ws/install/examples_rclpy_minimal_action_server/share/ament_index/resource_index
[5.049s] creating /home/rinna/ros2_ws/install/examples_rclpy_minimal_action_server/share/ament_index/resource_index/packages
[5.049s] symbolically linking /home/rinna/ros2_ws/build/examples_rclpy_minimal_action_server/resource/examples_rclpy_minimal_action_server -> /home/rinna/ros2_ws/install/examples_rclpy_minimal_action_server/share/ament_index/resource_index/packages
[5.049s] symbolically linking /home/rinna/ros2_ws/build/examples_rclpy_minimal_action_server/package.xml -> /home/rinna/ros2_ws/install/examples_rclpy_minimal_action_server/share/examples_rclpy_minimal_action_server
[5.171s] Invoked command in '/home/rinna/ros2_ws/build/examples_rclpy_minimal_action_server' returned '0': PYTHONPATH=/home/rinna/ros2_ws/build/examples_rclpy_minimal_action_server/prefix_override:/usr/lib/python3/dist-packages/colcon_core/task/python/colcon_distutils_commands:/home/rinna/ros2_ws/install/examples_rclpy_minimal_action_server/lib/python3.10/site-packages:${PYTHONPATH} /usr/bin/python3 -W ignore:setup.py install is deprecated -W ignore:easy_install command is deprecated setup.py develop --editable --build-directory /home/rinna/ros2_ws/build/examples_rclpy_minimal_action_server/build --no-deps symlink_data
