[0.193s] Invoking command in '/home/rinna/ros2_ws/build/examples_rclcpp_minimal_action_server': CMAKE_PREFIX_PATH=${CMAKE_PREFIX_PATH}:/home/rinna/ros2_ws/install/launch_testing_examples:/home/rinna/ros2_ws/install/examples_rclpy_pointcloud_publisher:/home/rinna/ros2_ws/install/examples_rclpy_minimal_subscriber:/home/rinna/ros2_ws/install/examples_rclpy_minimal_service:/home/rinna/ros2_ws/install/examples_rclpy_minimal_publisher:/home/rinna/ros2_ws/install/examples_rclpy_minimal_client:/home/rinna/ros2_ws/install/examples_rclpy_minimal_action_server:/home/rinna/ros2_ws/install/examples_rclpy_minimal_action_client:/home/rinna/ros2_ws/install/examples_rclpy_guard_conditions:/home/rinna/ros2_ws/install/examples_rclpy_executors:/opt/ros/humble /usr/bin/cmake --build /home/rinna/ros2_ws/build/examples_rclcpp_minimal_action_server -- -j16 -l16
[1.589s] [ 50%] Built target action_server_not_composable
[1.589s] [100%] Built target action_server_member_functions
[1.643s] Invoked command in '/home/rinna/ros2_ws/build/examples_rclcpp_minimal_action_server' returned '0': CMAKE_PREFIX_PATH=${CMAKE_PREFIX_PATH}:/home/rinna/ros2_ws/install/launch_testing_examples:/home/rinna/ros2_ws/install/examples_rclpy_pointcloud_publisher:/home/rinna/ros2_ws/install/examples_rclpy_minimal_subscriber:/home/rinna/ros2_ws/install/examples_rclpy_minimal_service:/home/rinna/ros2_ws/install/examples_rclpy_minimal_publisher:/home/rinna/ros2_ws/install/examples_rclpy_minimal_client:/home/rinna/ros2_ws/install/examples_rclpy_minimal_action_server:/home/rinna/ros2_ws/install/examples_rclpy_minimal_action_client:/home/rinna/ros2_ws/install/examples_rclpy_guard_conditions:/home/rinna/ros2_ws/install/examples_rclpy_executors:/opt/ros/humble /usr/bin/cmake --build /home/rinna/ros2_ws/build/examples_rclcpp_minimal_action_server -- -j16 -l16
[1.647s] Invoking command in '/home/rinna/ros2_ws/build/examples_rclcpp_minimal_action_server': CMAKE_PREFIX_PATH=${CMAKE_PREFIX_PATH}:/home/rinna/ros2_ws/install/launch_testing_examples:/home/rinna/ros2_ws/install/examples_rclpy_pointcloud_publisher:/home/rinna/ros2_ws/install/examples_rclpy_minimal_subscriber:/home/rinna/ros2_ws/install/examples_rclpy_minimal_service:/home/rinna/ros2_ws/install/examples_rclpy_minimal_publisher:/home/rinna/ros2_ws/install/examples_rclpy_minimal_client:/home/rinna/ros2_ws/install/examples_rclpy_minimal_action_server:/home/rinna/ros2_ws/install/examples_rclpy_minimal_action_client:/home/rinna/ros2_ws/install/examples_rclpy_guard_conditions:/home/rinna/ros2_ws/install/examples_rclpy_executors:/opt/ros/humble /usr/bin/cmake --install /home/rinna/ros2_ws/build/examples_rclcpp_minimal_action_server
[1.759s] -- Install configuration: ""
[1.759s] -- Execute custom install script
[1.759s] -- Up-to-date symlink: /home/rinna/ros2_ws/install/examples_rclcpp_minimal_action_server/lib/examples_rclcpp_minimal_action_server/action_server_not_composable
[1.759s] -- Up-to-date symlink: /home/rinna/ros2_ws/install/examples_rclcpp_minimal_action_server/lib/examples_rclcpp_minimal_action_server/action_server_member_functions
[1.759s] -- Up-to-date symlink: /home/rinna/ros2_ws/install/examples_rclcpp_minimal_action_server/share/ament_index/resource_index/package_run_dependencies/examples_rclcpp_minimal_action_server
[1.759s] -- Up-to-date symlink: /home/rinna/ros2_ws/install/examples_rclcpp_minimal_action_server/share/ament_index/resource_index/parent_prefix_path/examples_rclcpp_minimal_action_server
[1.759s] -- Up-to-date symlink: /home/rinna/ros2_ws/install/examples_rclcpp_minimal_action_server/share/examples_rclcpp_minimal_action_server/environment/ament_prefix_path.sh
[1.760s] -- Up-to-date symlink: /home/rinna/ros2_ws/install/examples_rclcpp_minimal_action_server/share/examples_rclcpp_minimal_action_server/environment/ament_prefix_path.dsv
[1.760s] -- Up-to-date symlink: /home/rinna/ros2_ws/install/examples_rclcpp_minimal_action_server/share/examples_rclcpp_minimal_action_server/environment/path.sh
[1.760s] -- Up-to-date symlink: /home/rinna/ros2_ws/install/examples_rclcpp_minimal_action_server/share/examples_rclcpp_minimal_action_server/environment/path.dsv
[1.760s] -- Up-to-date symlink: /home/rinna/ros2_ws/install/examples_rclcpp_minimal_action_server/share/examples_rclcpp_minimal_action_server/local_setup.bash
[1.760s] -- Up-to-date symlink: /home/rinna/ros2_ws/install/examples_rclcpp_minimal_action_server/share/examples_rclcpp_minimal_action_server/local_setup.sh
[1.760s] -- Up-to-date symlink: /home/rinna/ros2_ws/install/examples_rclcpp_minimal_action_server/share/examples_rclcpp_minimal_action_server/local_setup.zsh
[1.760s] -- Up-to-date symlink: /home/rinna/ros2_ws/install/examples_rclcpp_minimal_action_server/share/examples_rclcpp_minimal_action_server/local_setup.dsv
[1.760s] -- Symlinking: /home/rinna/ros2_ws/install/examples_rclcpp_minimal_action_server/share/examples_rclcpp_minimal_action_server/package.dsv
[1.760s] -- Up-to-date symlink: /home/rinna/ros2_ws/install/examples_rclcpp_minimal_action_server/share/ament_index/resource_index/packages/examples_rclcpp_minimal_action_server
[1.761s] -- Up-to-date symlink: /home/rinna/ros2_ws/install/examples_rclcpp_minimal_action_server/share/examples_rclcpp_minimal_action_server/cmake/examples_rclcpp_minimal_action_serverConfig.cmake
[1.761s] -- Up-to-date symlink: /home/rinna/ros2_ws/install/examples_rclcpp_minimal_action_server/share/examples_rclcpp_minimal_action_server/cmake/examples_rclcpp_minimal_action_serverConfig-version.cmake
[1.761s] -- Up-to-date symlink: /home/rinna/ros2_ws/install/examples_rclcpp_minimal_action_server/share/examples_rclcpp_minimal_action_server/package.xml
[1.936s] Invoked command in '/home/rinna/ros2_ws/build/examples_rclcpp_minimal_action_server' returned '0': CMAKE_PREFIX_PATH=${CMAKE_PREFIX_PATH}:/home/rinna/ros2_ws/install/launch_testing_examples:/home/rinna/ros2_ws/install/examples_rclpy_pointcloud_publisher:/home/rinna/ros2_ws/install/examples_rclpy_minimal_subscriber:/home/rinna/ros2_ws/install/examples_rclpy_minimal_service:/home/rinna/ros2_ws/install/examples_rclpy_minimal_publisher:/home/rinna/ros2_ws/install/examples_rclpy_minimal_client:/home/rinna/ros2_ws/install/examples_rclpy_minimal_action_server:/home/rinna/ros2_ws/install/examples_rclpy_minimal_action_client:/home/rinna/ros2_ws/install/examples_rclpy_guard_conditions:/home/rinna/ros2_ws/install/examples_rclpy_executors:/opt/ros/humble /usr/bin/cmake --install /home/rinna/ros2_ws/build/examples_rclcpp_minimal_action_server
