[0.029s] Invoking command in '/home/rinna/ros2_ws/build/examples_rclcpp_async_client': CMAKE_PREFIX_PATH=${CMAKE_PREFIX_PATH}:/opt/ros/humble /usr/bin/cmake --build /home/rinna/ros2_ws/build/examples_rclcpp_async_client -- -j16 -l16
[0.188s] [35m[1mConsolidate compiler generated dependencies of target client_main[0m
[0.224s] [100%] Built target client_main
[0.247s] Invoked command in '/home/rinna/ros2_ws/build/examples_rclcpp_async_client' returned '0': CMAKE_PREFIX_PATH=${CMAKE_PREFIX_PATH}:/opt/ros/humble /usr/bin/cmake --build /home/rinna/ros2_ws/build/examples_rclcpp_async_client -- -j16 -l16
[0.267s] Invoking command in '/home/rinna/ros2_ws/build/examples_rclcpp_async_client': CMAKE_PREFIX_PATH=${CMAKE_PREFIX_PATH}:/opt/ros/humble /usr/bin/cmake --install /home/rinna/ros2_ws/build/examples_rclcpp_async_client
[0.280s] -- Install configuration: ""
[0.282s] -- Execute custom install script
[0.284s] -- Symlinking: /home/rinna/ros2_ws/install/examples_rclcpp_async_client/lib/examples_rclcpp_async_client/client_main
[0.305s] -- Symlinking: /home/rinna/ros2_ws/install/examples_rclcpp_async_client/share/ament_index/resource_index/package_run_dependencies/examples_rclcpp_async_client
[0.323s] -- Symlinking: /home/rinna/ros2_ws/install/examples_rclcpp_async_client/share/ament_index/resource_index/parent_prefix_path/examples_rclcpp_async_client
[0.341s] -- Symlinking: /home/rinna/ros2_ws/install/examples_rclcpp_async_client/share/examples_rclcpp_async_client/environment/ament_prefix_path.sh
[0.360s] -- Symlinking: /home/rinna/ros2_ws/install/examples_rclcpp_async_client/share/examples_rclcpp_async_client/environment/ament_prefix_path.dsv
[0.386s] -- Symlinking: /home/rinna/ros2_ws/install/examples_rclcpp_async_client/share/examples_rclcpp_async_client/environment/path.sh
[0.406s] -- Symlinking: /home/rinna/ros2_ws/install/examples_rclcpp_async_client/share/examples_rclcpp_async_client/environment/path.dsv
[0.424s] -- Symlinking: /home/rinna/ros2_ws/install/examples_rclcpp_async_client/share/examples_rclcpp_async_client/local_setup.bash
[0.440s] -- Symlinking: /home/rinna/ros2_ws/install/examples_rclcpp_async_client/share/examples_rclcpp_async_client/local_setup.sh
[0.460s] -- Symlinking: /home/rinna/ros2_ws/install/examples_rclcpp_async_client/share/examples_rclcpp_async_client/local_setup.zsh
[0.476s] -- Symlinking: /home/rinna/ros2_ws/install/examples_rclcpp_async_client/share/examples_rclcpp_async_client/local_setup.dsv
[0.493s] -- Symlinking: /home/rinna/ros2_ws/install/examples_rclcpp_async_client/share/examples_rclcpp_async_client/package.dsv
[0.510s] -- Symlinking: /home/rinna/ros2_ws/install/examples_rclcpp_async_client/share/ament_index/resource_index/packages/examples_rclcpp_async_client
[0.531s] -- Symlinking: /home/rinna/ros2_ws/install/examples_rclcpp_async_client/share/examples_rclcpp_async_client/cmake/examples_rclcpp_async_clientConfig.cmake
[0.548s] -- Symlinking: /home/rinna/ros2_ws/install/examples_rclcpp_async_client/share/examples_rclcpp_async_client/cmake/examples_rclcpp_async_clientConfig-version.cmake
[0.565s] -- Symlinking: /home/rinna/ros2_ws/install/examples_rclcpp_async_client/share/examples_rclcpp_async_client/package.xml
[0.586s] Invoked command in '/home/rinna/ros2_ws/build/examples_rclcpp_async_client' returned '0': CMAKE_PREFIX_PATH=${CMAKE_PREFIX_PATH}:/opt/ros/humble /usr/bin/cmake --install /home/rinna/ros2_ws/build/examples_rclcpp_async_client
