[0.172s] Invoking command in '/home/rinna/ros2_ws/build/examples_rclcpp_wait_set': CMAKE_PREFIX_PATH=${CMAKE_PREFIX_PATH}:/opt/ros/humble /usr/bin/cmake /home/rinna/ros2_ws/src/examples/rclcpp/wait_set -DAMENT_CMAKE_SYMLINK_INSTALL=1 -DCMAKE_INSTALL_PREFIX=/home/rinna/ros2_ws/install/examples_rclcpp_wait_set
[4.950s] -- The C compiler identification is GNU 11.4.0
[4.951s] -- The CXX compiler identification is GNU 11.4.0
[4.951s] -- Detecting C compiler ABI info
[4.951s] -- Detecting C compiler ABI info - done
[4.951s] -- Check for working C compiler: /usr/bin/cc - skipped
[4.951s] -- Detecting C compile features
[4.951s] -- Detecting C compile features - done
[4.951s] -- Detecting CXX compiler ABI info
[4.951s] -- Detecting CXX compiler ABI info - done
[4.951s] -- Check for working CXX compiler: /usr/bin/c++ - skipped
[4.951s] -- Detecting CXX compile features
[4.951s] -- Detecting CXX compile features - done
[4.951s] -- Found ament_cmake: 1.3.12 (/opt/ros/humble/share/ament_cmake/cmake)
[4.951s] -- Found Python3: /usr/bin/python3 (found version "3.10.12") found components: Interpreter 
[4.952s] -- Override CMake install command with custom implementation using symlinks instead of copying resources
[4.952s] -- Found example_interfaces: 0.9.3 (/opt/ros/humble/share/example_interfaces/cmake)
[4.952s] -- Found rosidl_generator_c: 3.1.7 (/opt/ros/humble/share/rosidl_generator_c/cmake)
[4.952s] -- Found rosidl_adapter: 3.1.7 (/opt/ros/humble/share/rosidl_adapter/cmake)
[4.952s] -- Found rosidl_generator_cpp: 3.1.7 (/opt/ros/humble/share/rosidl_generator_cpp/cmake)
[4.952s] -- Using all available rosidl_typesupport_c: rosidl_typesupport_fastrtps_c;rosidl_typesupport_introspection_c
[4.952s] -- Using all available rosidl_typesupport_cpp: rosidl_typesupport_fastrtps_cpp;rosidl_typesupport_introspection_cpp
[4.952s] -- Found rclcpp: 16.0.15 (/opt/ros/humble/share/rclcpp/cmake)
[4.952s] -- Found rmw_implementation_cmake: 6.1.2 (/opt/ros/humble/share/rmw_implementation_cmake/cmake)
[4.952s] -- Found rmw_fastrtps_cpp: 6.2.8 (/opt/ros/humble/share/rmw_fastrtps_cpp/cmake)
[4.952s] -- Found OpenSSL: /usr/lib/x86_64-linux-gnu/libcrypto.so (found version "3.0.2")  
[4.952s] -- Found FastRTPS: /opt/ros/humble/include  
[9.043s] -- Using RMW implementation 'rmw_fastrtps_cpp' as default
[9.078s] -- Looking for pthread.h
[11.400s] -- Looking for pthread.h - found
[11.418s] -- Performing Test CMAKE_HAVE_LIBC_PTHREAD
[14.074s] -- Performing Test CMAKE_HAVE_LIBC_PTHREAD - Success
[14.147s] -- Found Threads: TRUE  
[14.715s] -- Found rclcpp_components: 16.0.15 (/opt/ros/humble/share/rclcpp_components/cmake)
[15.216s] -- Found ament_lint_auto: 0.12.14 (/opt/ros/humble/share/ament_lint_auto/cmake)
[19.828s] -- Added test 'copyright' to check source files copyright and LICENSE
[19.837s] -- Added test 'cppcheck' to perform static code analysis on C / C++ code
[19.837s] -- Configured cppcheck include dirs: /home/rinna/ros2_ws/src/examples/rclcpp/wait_set/include
[19.837s] -- Configured cppcheck exclude dirs and/or files: 
[19.847s] -- Added test 'cpplint' to check C / C++ code against the Google style
[19.849s] -- Configured cpplint exclude dirs and/or files: 
[19.866s] -- Added test 'lint_cmake' to check CMake code style
[20.115s] -- Added test 'uncrustify' to check C / C++ code style
[20.115s] -- Configured uncrustify additional arguments: 
[20.120s] -- Added test 'xmllint' to check XML markup files
[20.239s] -- Configuring done
[22.042s] -- Generating done
[22.343s] -- Build files have been written to: /home/rinna/ros2_ws/build/examples_rclcpp_wait_set
[36.567s] Invoked command in '/home/rinna/ros2_ws/build/examples_rclcpp_wait_set' returned '0': CMAKE_PREFIX_PATH=${CMAKE_PREFIX_PATH}:/opt/ros/humble /usr/bin/cmake /home/rinna/ros2_ws/src/examples/rclcpp/wait_set -DAMENT_CMAKE_SYMLINK_INSTALL=1 -DCMAKE_INSTALL_PREFIX=/home/rinna/ros2_ws/install/examples_rclcpp_wait_set
[39.211s] Invoking command in '/home/rinna/ros2_ws/build/examples_rclcpp_wait_set': CMAKE_PREFIX_PATH=${CMAKE_PREFIX_PATH}:/opt/ros/humble /usr/bin/cmake --build /home/rinna/ros2_ws/build/examples_rclcpp_wait_set -- -j16 -l16
[117.595s] [  4%] [32mBuilding CXX object CMakeFiles/talker.dir/src/talker.cpp.o[0m
[204.955s] [  8%] [32m[1mLinking CXX shared library libtalker.so[0m
[205.455s] [  8%] Built target talker
[205.517s] [ 12%] [32mBuilding CXX object CMakeFiles/wait_set_topics_with_different_rates.dir/src/wait_set_topics_with_different_rates.cpp.o[0m
[218.065s] [ 16%] [32m[1mLinking CXX executable wait_set_topics_with_different_rates[0m
[218.560s] [ 16%] Built target wait_set_topics_with_different_rates
[218.601s] [ 20%] [32mBuilding CXX object CMakeFiles/executor_random_order.dir/src/executor_random_order.cpp.o[0m
[227.361s] [ 25%] [32m[1mLinking CXX executable executor_random_order[0m
[227.812s] [ 25%] Built target executor_random_order
[227.845s] [ 29%] [32mBuilding CXX object CMakeFiles/wait_set_random_order.dir/src/wait_set_random_order.cpp.o[0m
[237.623s] [ 33%] [32m[1mLinking CXX executable wait_set_random_order[0m
[238.098s] [ 33%] Built target wait_set_random_order
[238.137s] [ 37%] [32mBuilding CXX object CMakeFiles/wait_set_topics_and_timer.dir/src/wait_set_topics_and_timer.cpp.o[0m
[246.974s] [ 41%] [32m[1mLinking CXX executable wait_set_topics_and_timer[0m
[248.561s] [ 41%] Built target wait_set_topics_and_timer
[248.612s] [ 54%] [32mBuilding CXX object CMakeFiles/thread_safe_wait_set.dir/src/thread_safe_wait_set.cpp.o[0m
[248.612s] [ 54%] [32mBuilding CXX object CMakeFiles/wait_set_listener.dir/rclcpp_components/node_main_wait_set_listener.cpp.o[0m
[248.612s] [ 58%] [32mBuilding CXX object CMakeFiles/wait_set.dir/src/wait_set.cpp.o[0m
[248.613s] [ 58%] [32mBuilding CXX object CMakeFiles/static_wait_set.dir/src/static_wait_set.cpp.o[0m
[255.500s] [ 62%] [32m[1mLinking CXX executable wait_set_listener[0m
[255.742s] [ 62%] Built target wait_set_listener
[255.787s] [ 66%] [32mBuilding CXX object CMakeFiles/listener.dir/src/listener.cpp.o[0m
[255.788s] [ 70%] [32mBuilding CXX object CMakeFiles/wait_set_talker.dir/rclcpp_components/node_main_wait_set_talker.cpp.o[0m
[260.935s] [ 75%] [32m[1mLinking CXX executable wait_set_talker[0m
[261.271s] [ 75%] Built target wait_set_talker
[263.440s] [ 79%] [32m[1mLinking CXX executable static_wait_set[0m
[264.007s] [ 79%] Built target static_wait_set
[264.300s] [ 83%] [32m[1mLinking CXX executable wait_set[0m
[264.427s] [ 87%] [32m[1mLinking CXX executable thread_safe_wait_set[0m
[264.916s] [ 87%] Built target wait_set
[265.080s] [ 87%] Built target thread_safe_wait_set
[268.333s] [ 91%] [32m[1mLinking CXX shared library liblistener.so[0m
[268.881s] [ 91%] Built target listener
[268.918s] [ 95%] [32mBuilding CXX object CMakeFiles/wait_set_composed.dir/src/wait_set_composed.cpp.o[0m
[272.455s] [100%] [32m[1mLinking CXX executable wait_set_composed[0m
[272.793s] [100%] Built target wait_set_composed
