[0.166s] Invoking command in '/home/rinna/ros2_ws/build/examples_rclcpp_async_client': CMAKE_PREFIX_PATH=${CMAKE_PREFIX_PATH}:/opt/ros/humble /usr/bin/cmake /home/rinna/ros2_ws/src/examples/rclcpp/services/async_client -DAMENT_CMAKE_SYMLINK_INSTALL=1 -DCMAKE_INSTALL_PREFIX=/home/rinna/ros2_ws/install/examples_rclcpp_async_client
[2.093s] -- The C compiler identification is GNU 11.4.0
[2.093s] -- The CXX compiler identification is GNU 11.4.0
[2.093s] -- Detecting C compiler ABI info
[2.093s] -- Detecting C compiler ABI info - done
[2.094s] -- Check for working C compiler: /usr/bin/cc - skipped
[2.095s] -- Detecting C compile features
[2.096s] -- Detecting C compile features - done
[2.097s] -- Detecting CXX compiler ABI info
[2.097s] -- Detecting CXX compiler ABI info - done
[2.097s] -- Check for working CXX compiler: /usr/bin/c++ - skipped
[2.097s] -- Detecting CXX compile features
[2.097s] -- Detecting CXX compile features - done
[2.098s] -- Found ament_cmake: 1.3.12 (/opt/ros/humble/share/ament_cmake/cmake)
[2.099s] -- Found Python3: /usr/bin/python3 (found version "3.10.12") found components: Interpreter 
[2.100s] -- Override CMake install command with custom implementation using symlinks instead of copying resources
[2.101s] -- Found example_interfaces: 0.9.3 (/opt/ros/humble/share/example_interfaces/cmake)
[2.138s] -- Found rosidl_generator_c: 3.1.7 (/opt/ros/humble/share/rosidl_generator_c/cmake)
[2.146s] -- Found rosidl_adapter: 3.1.7 (/opt/ros/humble/share/rosidl_adapter/cmake)
[2.147s] -- Found rosidl_generator_cpp: 3.1.7 (/opt/ros/humble/share/rosidl_generator_cpp/cmake)
[2.173s] -- Using all available rosidl_typesupport_c: rosidl_typesupport_fastrtps_c;rosidl_typesupport_introspection_c
[2.212s] -- Using all available rosidl_typesupport_cpp: rosidl_typesupport_fastrtps_cpp;rosidl_typesupport_introspection_cpp
[2.323s] -- Found rclcpp: 16.0.15 (/opt/ros/humble/share/rclcpp/cmake)
[2.374s] -- Found rmw_implementation_cmake: 6.1.2 (/opt/ros/humble/share/rmw_implementation_cmake/cmake)
[2.377s] -- Found rmw_fastrtps_cpp: 6.2.8 (/opt/ros/humble/share/rmw_fastrtps_cpp/cmake)
[3.242s] -- Found OpenSSL: /usr/lib/x86_64-linux-gnu/libcrypto.so (found version "3.0.2")  
[3.793s] -- Found FastRTPS: /opt/ros/humble/include  
[5.696s] -- Using RMW implementation 'rmw_fastrtps_cpp' as default
[5.742s] -- Looking for pthread.h
[6.318s] -- Looking for pthread.h - found
[6.319s] -- Performing Test CMAKE_HAVE_LIBC_PTHREAD
[7.230s] -- Performing Test CMAKE_HAVE_LIBC_PTHREAD - Success
[7.234s] -- Found Threads: TRUE  
[7.447s] -- Found ament_lint_auto: 0.12.14 (/opt/ros/humble/share/ament_lint_auto/cmake)
[7.788s] -- Added test 'copyright' to check source files copyright and LICENSE
[7.798s] -- Added test 'cppcheck' to perform static code analysis on C / C++ code
[7.799s] -- Configured cppcheck include dirs: 
[7.802s] -- Configured cppcheck exclude dirs and/or files: 
[7.807s] -- Added test 'cpplint' to check C / C++ code against the Google style
[7.807s] -- Configured cpplint exclude dirs and/or files: 
[7.810s] -- Added test 'lint_cmake' to check CMake code style
[7.824s] -- Added test 'uncrustify' to check C / C++ code style
[7.824s] -- Configured uncrustify additional arguments: 
[7.827s] -- Added test 'xmllint' to check XML markup files
[7.835s] -- Configuring done
[7.890s] -- Generating done
[7.901s] -- Build files have been written to: /home/rinna/ros2_ws/build/examples_rclcpp_async_client
[8.598s] Invoked command in '/home/rinna/ros2_ws/build/examples_rclcpp_async_client' returned '0': CMAKE_PREFIX_PATH=${CMAKE_PREFIX_PATH}:/opt/ros/humble /usr/bin/cmake /home/rinna/ros2_ws/src/examples/rclcpp/services/async_client -DAMENT_CMAKE_SYMLINK_INSTALL=1 -DCMAKE_INSTALL_PREFIX=/home/rinna/ros2_ws/install/examples_rclcpp_async_client
[8.600s] Invoking command in '/home/rinna/ros2_ws/build/examples_rclcpp_async_client': CMAKE_PREFIX_PATH=${CMAKE_PREFIX_PATH}:/opt/ros/humble /usr/bin/cmake --build /home/rinna/ros2_ws/build/examples_rclcpp_async_client -- -j16 -l16
[79.278s] [ 50%] [32mBuilding CXX object CMakeFiles/client_main.dir/main.cpp.o[0m
[199.395s] [100%] [32m[1mLinking CXX executable client_main[0m
[200.076s] [100%] Built target client_main
