[2.862s] Invoking command in '/home/rinna/ros2_ws/build/examples_rclpy_guard_conditions': PYTHONPATH=/home/rinna/ros2_ws/build/examples_rclpy_guard_conditions/prefix_override:/usr/lib/python3/dist-packages/colcon_core/task/python/colcon_distutils_commands:/home/rinna/ros2_ws/install/examples_rclpy_guard_conditions/lib/python3.10/site-packages:${PYTHONPATH} /usr/bin/python3 -W ignore:setup.py install is deprecated -W ignore:easy_install command is deprecated setup.py develop --editable --build-directory /home/rinna/ros2_ws/build/examples_rclpy_guard_conditions/build --no-deps symlink_data
[5.056s] running develop
[5.057s] running egg_info
[5.057s] creating examples_rclpy_guard_conditions.egg-info
[5.057s] writing examples_rclpy_guard_conditions.egg-info/PKG-INFO
[5.057s] writing dependency_links to examples_rclpy_guard_conditions.egg-info/dependency_links.txt
[5.057s] writing entry points to examples_rclpy_guard_conditions.egg-info/entry_points.txt
[5.058s] writing requirements to examples_rclpy_guard_conditions.egg-info/requires.txt
[5.058s] writing top-level names to examples_rclpy_guard_conditions.egg-info/top_level.txt
[5.058s] writing manifest file 'examples_rclpy_guard_conditions.egg-info/SOURCES.txt'
[5.058s] reading manifest file 'examples_rclpy_guard_conditions.egg-info/SOURCES.txt'
[5.059s] writing manifest file 'examples_rclpy_guard_conditions.egg-info/SOURCES.txt'
[5.059s] running build_ext
[5.059s] Creating /home/rinna/ros2_ws/install/examples_rclpy_guard_conditions/lib/python3.10/site-packages/examples-rclpy-guard-conditions.egg-link (link to .)
[5.059s] Installing trigger_guard_condition script to /home/rinna/ros2_ws/install/examples_rclpy_guard_conditions/lib/examples_rclpy_guard_conditions
[5.059s] 
[5.059s] Installed /home/rinna/ros2_ws/build/examples_rclpy_guard_conditions
[5.059s] running symlink_data
[5.060s] creating /home/rinna/ros2_ws/install/examples_rclpy_guard_conditions/share/ament_index
[5.060s] creating /home/rinna/ros2_ws/install/examples_rclpy_guard_conditions/share/ament_index/resource_index
[5.060s] creating /home/rinna/ros2_ws/install/examples_rclpy_guard_conditions/share/ament_index/resource_index/packages
[5.062s] symbolically linking /home/rinna/ros2_ws/build/examples_rclpy_guard_conditions/resource/examples_rclpy_guard_conditions -> /home/rinna/ros2_ws/install/examples_rclpy_guard_conditions/share/ament_index/resource_index/packages
[5.062s] symbolically linking /home/rinna/ros2_ws/build/examples_rclpy_guard_conditions/package.xml -> /home/rinna/ros2_ws/install/examples_rclpy_guard_conditions/share/examples_rclpy_guard_conditions
[5.110s] Invoked command in '/home/rinna/ros2_ws/build/examples_rclpy_guard_conditions' returned '0': PYTHONPATH=/home/rinna/ros2_ws/build/examples_rclpy_guard_conditions/prefix_override:/usr/lib/python3/dist-packages/colcon_core/task/python/colcon_distutils_commands:/home/rinna/ros2_ws/install/examples_rclpy_guard_conditions/lib/python3.10/site-packages:${PYTHONPATH} /usr/bin/python3 -W ignore:setup.py install is deprecated -W ignore:easy_install command is deprecated setup.py develop --editable --build-directory /home/rinna/ros2_ws/build/examples_rclpy_guard_conditions/build --no-deps symlink_data
