[0.734s] Invoking command in '/home/rinna/ros2_ws/build/examples_rclpy_minimal_action_server': PYTHONPATH=/home/rinna/ros2_ws/build/examples_rclpy_minimal_action_server/prefix_override:/usr/lib/python3/dist-packages/colcon_core/task/python/colcon_distutils_commands:/home/rinna/ros2_ws/install/examples_rclpy_minimal_action_server/lib/python3.10/site-packages:${PYTHONPATH} /usr/bin/python3 -W ignore:setup.py install is deprecated -W ignore:easy_install command is deprecated setup.py develop --editable --build-directory /home/rinna/ros2_ws/build/examples_rclpy_minimal_action_server/build --no-deps symlink_data
[0.954s] running develop
[1.103s] running egg_info
[1.104s] writing examples_rclpy_minimal_action_server.egg-info/PKG-INFO
[1.104s] writing dependency_links to examples_rclpy_minimal_action_server.egg-info/dependency_links.txt
[1.104s] writing entry points to examples_rclpy_minimal_action_server.egg-info/entry_points.txt
[1.104s] writing requirements to examples_rclpy_minimal_action_server.egg-info/requires.txt
[1.104s] writing top-level names to examples_rclpy_minimal_action_server.egg-info/top_level.txt
[1.107s] reading manifest file 'examples_rclpy_minimal_action_server.egg-info/SOURCES.txt'
[1.108s] writing manifest file 'examples_rclpy_minimal_action_server.egg-info/SOURCES.txt'
[1.109s] running build_ext
[1.109s] Creating /home/rinna/ros2_ws/install/examples_rclpy_minimal_action_server/lib/python3.10/site-packages/examples-rclpy-minimal-action-server.egg-link (link to .)
[1.110s] Installing server script to /home/rinna/ros2_ws/install/examples_rclpy_minimal_action_server/lib/examples_rclpy_minimal_action_server
[1.110s] Installing server_defer script to /home/rinna/ros2_ws/install/examples_rclpy_minimal_action_server/lib/examples_rclpy_minimal_action_server
[1.110s] Installing server_not_composable script to /home/rinna/ros2_ws/install/examples_rclpy_minimal_action_server/lib/examples_rclpy_minimal_action_server
[1.111s] Installing server_queue_goals script to /home/rinna/ros2_ws/install/examples_rclpy_minimal_action_server/lib/examples_rclpy_minimal_action_server
[1.111s] Installing server_single_goal script to /home/rinna/ros2_ws/install/examples_rclpy_minimal_action_server/lib/examples_rclpy_minimal_action_server
[1.111s] 
[1.111s] Installed /home/rinna/ros2_ws/build/examples_rclpy_minimal_action_server
[1.111s] running symlink_data
[1.154s] Invoked command in '/home/rinna/ros2_ws/build/examples_rclpy_minimal_action_server' returned '0': PYTHONPATH=/home/rinna/ros2_ws/build/examples_rclpy_minimal_action_server/prefix_override:/usr/lib/python3/dist-packages/colcon_core/task/python/colcon_distutils_commands:/home/rinna/ros2_ws/install/examples_rclpy_minimal_action_server/lib/python3.10/site-packages:${PYTHONPATH} /usr/bin/python3 -W ignore:setup.py install is deprecated -W ignore:easy_install command is deprecated setup.py develop --editable --build-directory /home/rinna/ros2_ws/build/examples_rclpy_minimal_action_server/build --no-deps symlink_data
