[2.856s] Invoking command in '/home/rinna/ros2_ws/build/examples_rclpy_minimal_action_client': PYTHONPATH=/home/rinna/ros2_ws/build/examples_rclpy_minimal_action_client/prefix_override:/usr/lib/python3/dist-packages/colcon_core/task/python/colcon_distutils_commands:/home/rinna/ros2_ws/install/examples_rclpy_minimal_action_client/lib/python3.10/site-packages:${PYTHONPATH} /usr/bin/python3 -W ignore:setup.py install is deprecated -W ignore:easy_install command is deprecated setup.py develop --editable --build-directory /home/rinna/ros2_ws/build/examples_rclpy_minimal_action_client/build --no-deps symlink_data
[5.050s] running develop
[5.050s] running egg_info
[5.050s] creating examples_rclpy_minimal_action_client.egg-info
[5.050s] writing examples_rclpy_minimal_action_client.egg-info/PKG-INFO
[5.050s] writing dependency_links to examples_rclpy_minimal_action_client.egg-info/dependency_links.txt
[5.051s] writing entry points to examples_rclpy_minimal_action_client.egg-info/entry_points.txt
[5.052s] writing requirements to examples_rclpy_minimal_action_client.egg-info/requires.txt
[5.052s] writing top-level names to examples_rclpy_minimal_action_client.egg-info/top_level.txt
[5.052s] writing manifest file 'examples_rclpy_minimal_action_client.egg-info/SOURCES.txt'
[5.052s] reading manifest file 'examples_rclpy_minimal_action_client.egg-info/SOURCES.txt'
[5.053s] writing manifest file 'examples_rclpy_minimal_action_client.egg-info/SOURCES.txt'
[5.053s] running build_ext
[5.053s] Creating /home/rinna/ros2_ws/install/examples_rclpy_minimal_action_client/lib/python3.10/site-packages/examples-rclpy-minimal-action-client.egg-link (link to .)
[5.053s] Installing client script to /home/rinna/ros2_ws/install/examples_rclpy_minimal_action_client/lib/examples_rclpy_minimal_action_client
[5.053s] Installing client_asyncio script to /home/rinna/ros2_ws/install/examples_rclpy_minimal_action_client/lib/examples_rclpy_minimal_action_client
[5.053s] Installing client_cancel script to /home/rinna/ros2_ws/install/examples_rclpy_minimal_action_client/lib/examples_rclpy_minimal_action_client
[5.053s] Installing client_not_composable script to /home/rinna/ros2_ws/install/examples_rclpy_minimal_action_client/lib/examples_rclpy_minimal_action_client
[5.054s] 
[5.054s] Installed /home/rinna/ros2_ws/build/examples_rclpy_minimal_action_client
[5.054s] running symlink_data
[5.054s] creating /home/rinna/ros2_ws/install/examples_rclpy_minimal_action_client/share/ament_index
[5.054s] creating /home/rinna/ros2_ws/install/examples_rclpy_minimal_action_client/share/ament_index/resource_index
[5.054s] creating /home/rinna/ros2_ws/install/examples_rclpy_minimal_action_client/share/ament_index/resource_index/packages
[5.055s] symbolically linking /home/rinna/ros2_ws/build/examples_rclpy_minimal_action_client/resource/examples_rclpy_minimal_action_client -> /home/rinna/ros2_ws/install/examples_rclpy_minimal_action_client/share/ament_index/resource_index/packages
[5.055s] symbolically linking /home/rinna/ros2_ws/build/examples_rclpy_minimal_action_client/package.xml -> /home/rinna/ros2_ws/install/examples_rclpy_minimal_action_client/share/examples_rclpy_minimal_action_client
[5.171s] Invoked command in '/home/rinna/ros2_ws/build/examples_rclpy_minimal_action_client' returned '0': PYTHONPATH=/home/rinna/ros2_ws/build/examples_rclpy_minimal_action_client/prefix_override:/usr/lib/python3/dist-packages/colcon_core/task/python/colcon_distutils_commands:/home/rinna/ros2_ws/install/examples_rclpy_minimal_action_client/lib/python3.10/site-packages:${PYTHONPATH} /usr/bin/python3 -W ignore:setup.py install is deprecated -W ignore:easy_install command is deprecated setup.py develop --editable --build-directory /home/rinna/ros2_ws/build/examples_rclpy_minimal_action_client/build --no-deps symlink_data
