[0.146s] Invoking command in '/home/rinna/ros2_ws/build/examples_rclcpp_wait_set': CMAKE_PREFIX_PATH=${CMAKE_PREFIX_PATH}:/home/rinna/ros2_ws/install/launch_testing_examples:/home/rinna/ros2_ws/install/examples_rclpy_pointcloud_publisher:/home/rinna/ros2_ws/install/examples_rclpy_minimal_subscriber:/home/rinna/ros2_ws/install/examples_rclpy_minimal_service:/home/rinna/ros2_ws/install/examples_rclpy_minimal_publisher:/home/rinna/ros2_ws/install/examples_rclpy_minimal_client:/home/rinna/ros2_ws/install/examples_rclpy_minimal_action_server:/home/rinna/ros2_ws/install/examples_rclpy_minimal_action_client:/home/rinna/ros2_ws/install/examples_rclpy_guard_conditions:/home/rinna/ros2_ws/install/examples_rclpy_executors:/opt/ros/humble /usr/bin/cmake /home/rinna/ros2_ws/src/examples/rclcpp/wait_set -DCMAKE_INSTALL_PREFIX=/home/rinna/ros2_ws/install/examples_rclcpp_wait_set
[3.438s] -- Found ament_cmake: 1.3.12 (/opt/ros/humble/share/ament_cmake/cmake)
[3.438s] -- Override CMake install command with custom implementation using symlinks instead of copying resources
[3.438s] -- Found example_interfaces: 0.9.3 (/opt/ros/humble/share/example_interfaces/cmake)
[3.438s] -- Found rosidl_generator_c: 3.1.7 (/opt/ros/humble/share/rosidl_generator_c/cmake)
[3.439s] -- Found rosidl_adapter: 3.1.7 (/opt/ros/humble/share/rosidl_adapter/cmake)
[3.439s] -- Found rosidl_generator_cpp: 3.1.7 (/opt/ros/humble/share/rosidl_generator_cpp/cmake)
[3.439s] -- Using all available rosidl_typesupport_c: rosidl_typesupport_fastrtps_c;rosidl_typesupport_introspection_c
[3.439s] -- Using all available rosidl_typesupport_cpp: rosidl_typesupport_fastrtps_cpp;rosidl_typesupport_introspection_cpp
[3.439s] -- Found rclcpp: 16.0.15 (/opt/ros/humble/share/rclcpp/cmake)
[3.439s] -- Found rmw_implementation_cmake: 6.1.2 (/opt/ros/humble/share/rmw_implementation_cmake/cmake)
[3.439s] -- Found rmw_fastrtps_cpp: 6.2.8 (/opt/ros/humble/share/rmw_fastrtps_cpp/cmake)
[3.440s] -- Using RMW implementation 'rmw_fastrtps_cpp' as default
[3.440s] -- Found rclcpp_components: 16.0.15 (/opt/ros/humble/share/rclcpp_components/cmake)
[3.441s] -- Found ament_lint_auto: 0.12.14 (/opt/ros/humble/share/ament_lint_auto/cmake)
[3.442s] -- Added test 'copyright' to check source files copyright and LICENSE
[3.442s] -- Added test 'cppcheck' to perform static code analysis on C / C++ code
[3.443s] -- Configured cppcheck include dirs: /home/rinna/ros2_ws/src/examples/rclcpp/wait_set/include
[3.443s] -- Configured cppcheck exclude dirs and/or files: 
[3.443s] -- Added test 'cpplint' to check C / C++ code against the Google style
[3.443s] -- Configured cpplint exclude dirs and/or files: 
[3.444s] -- Added test 'lint_cmake' to check CMake code style
[3.444s] -- Added test 'uncrustify' to check C / C++ code style
[3.444s] -- Configured uncrustify additional arguments: 
[3.444s] -- Added test 'xmllint' to check XML markup files
[3.444s] -- Configuring done
[3.515s] -- Generating done
[3.553s] -- Build files have been written to: /home/rinna/ros2_ws/build/examples_rclcpp_wait_set
[3.586s] Invoked command in '/home/rinna/ros2_ws/build/examples_rclcpp_wait_set' returned '0': CMAKE_PREFIX_PATH=${CMAKE_PREFIX_PATH}:/home/rinna/ros2_ws/install/launch_testing_examples:/home/rinna/ros2_ws/install/examples_rclpy_pointcloud_publisher:/home/rinna/ros2_ws/install/examples_rclpy_minimal_subscriber:/home/rinna/ros2_ws/install/examples_rclpy_minimal_service:/home/rinna/ros2_ws/install/examples_rclpy_minimal_publisher:/home/rinna/ros2_ws/install/examples_rclpy_minimal_client:/home/rinna/ros2_ws/install/examples_rclpy_minimal_action_server:/home/rinna/ros2_ws/install/examples_rclpy_minimal_action_client:/home/rinna/ros2_ws/install/examples_rclpy_guard_conditions:/home/rinna/ros2_ws/install/examples_rclpy_executors:/opt/ros/humble /usr/bin/cmake /home/rinna/ros2_ws/src/examples/rclcpp/wait_set -DCMAKE_INSTALL_PREFIX=/home/rinna/ros2_ws/install/examples_rclcpp_wait_set
[3.590s] Invoking command in '/home/rinna/ros2_ws/build/examples_rclcpp_wait_set': CMAKE_PREFIX_PATH=${CMAKE_PREFIX_PATH}:/home/rinna/ros2_ws/install/launch_testing_examples:/home/rinna/ros2_ws/install/examples_rclpy_pointcloud_publisher:/home/rinna/ros2_ws/install/examples_rclpy_minimal_subscriber:/home/rinna/ros2_ws/install/examples_rclpy_minimal_service:/home/rinna/ros2_ws/install/examples_rclpy_minimal_publisher:/home/rinna/ros2_ws/install/examples_rclpy_minimal_client:/home/rinna/ros2_ws/install/examples_rclpy_minimal_action_server:/home/rinna/ros2_ws/install/examples_rclpy_minimal_action_client:/home/rinna/ros2_ws/install/examples_rclpy_guard_conditions:/home/rinna/ros2_ws/install/examples_rclpy_executors:/opt/ros/humble /usr/bin/cmake --build /home/rinna/ros2_ws/build/examples_rclcpp_wait_set -- -j16 -l16
[4.079s] [35m[1mConsolidate compiler generated dependencies of target listener[0m
[4.080s] [35m[1mConsolidate compiler generated dependencies of target talker[0m
[4.080s] [35m[1mConsolidate compiler generated dependencies of target wait_set_listener[0m
[4.080s] [35m[1mConsolidate compiler generated dependencies of target wait_set_talker[0m
[4.081s] [35m[1mConsolidate compiler generated dependencies of target wait_set_topics_and_timer[0m
[4.081s] [35m[1mConsolidate compiler generated dependencies of target thread_safe_wait_set[0m
[4.081s] [35m[1mConsolidate compiler generated dependencies of target wait_set[0m
[4.081s] [35m[1mConsolidate compiler generated dependencies of target wait_set_random_order[0m
[4.082s] [35m[1mConsolidate compiler generated dependencies of target executor_random_order[0m
[4.082s] [35m[1mConsolidate compiler generated dependencies of target wait_set_topics_with_different_rates[0m
[4.085s] [35m[1mConsolidate compiler generated dependencies of target static_wait_set[0m
[4.086s] [  8%] Built target listener
[4.086s] [ 16%] Built target talker
[4.086s] [ 25%] Built target wait_set_talker
[4.087s] [ 33%] Built target wait_set_listener
[4.088s] [ 41%] Built target wait_set_topics_and_timer
[4.088s] [ 50%] Built target wait_set
[4.088s] [ 58%] Built target thread_safe_wait_set
[4.088s] [ 66%] Built target wait_set_random_order
[4.088s] [ 75%] Built target executor_random_order
[4.089s] [ 83%] Built target static_wait_set
[4.089s] [ 91%] Built target wait_set_topics_with_different_rates
[4.089s] [35m[1mConsolidate compiler generated dependencies of target wait_set_composed[0m
[4.089s] [100%] Built target wait_set_composed
[4.134s] Invoked command in '/home/rinna/ros2_ws/build/examples_rclcpp_wait_set' returned '0': CMAKE_PREFIX_PATH=${CMAKE_PREFIX_PATH}:/home/rinna/ros2_ws/install/launch_testing_examples:/home/rinna/ros2_ws/install/examples_rclpy_pointcloud_publisher:/home/rinna/ros2_ws/install/examples_rclpy_minimal_subscriber:/home/rinna/ros2_ws/install/examples_rclpy_minimal_service:/home/rinna/ros2_ws/install/examples_rclpy_minimal_publisher:/home/rinna/ros2_ws/install/examples_rclpy_minimal_client:/home/rinna/ros2_ws/install/examples_rclpy_minimal_action_server:/home/rinna/ros2_ws/install/examples_rclpy_minimal_action_client:/home/rinna/ros2_ws/install/examples_rclpy_guard_conditions:/home/rinna/ros2_ws/install/examples_rclpy_executors:/opt/ros/humble /usr/bin/cmake --build /home/rinna/ros2_ws/build/examples_rclcpp_wait_set -- -j16 -l16
[4.136s] Invoking command in '/home/rinna/ros2_ws/build/examples_rclcpp_wait_set': CMAKE_PREFIX_PATH=${CMAKE_PREFIX_PATH}:/home/rinna/ros2_ws/install/launch_testing_examples:/home/rinna/ros2_ws/install/examples_rclpy_pointcloud_publisher:/home/rinna/ros2_ws/install/examples_rclpy_minimal_subscriber:/home/rinna/ros2_ws/install/examples_rclpy_minimal_service:/home/rinna/ros2_ws/install/examples_rclpy_minimal_publisher:/home/rinna/ros2_ws/install/examples_rclpy_minimal_client:/home/rinna/ros2_ws/install/examples_rclpy_minimal_action_server:/home/rinna/ros2_ws/install/examples_rclpy_minimal_action_client:/home/rinna/ros2_ws/install/examples_rclpy_guard_conditions:/home/rinna/ros2_ws/install/examples_rclpy_executors:/opt/ros/humble /usr/bin/cmake --install /home/rinna/ros2_ws/build/examples_rclcpp_wait_set
[4.268s] -- Install configuration: ""
[4.268s] -- Execute custom install script
[4.269s] -- Up-to-date symlink: /home/rinna/ros2_ws/install/examples_rclcpp_wait_set/lib/examples_rclcpp_wait_set/wait_set_talker
[4.269s] -- Up-to-date symlink: /home/rinna/ros2_ws/install/examples_rclcpp_wait_set/lib/examples_rclcpp_wait_set/wait_set_listener
[4.269s] -- Up-to-date symlink: /home/rinna/ros2_ws/install/examples_rclcpp_wait_set/lib/libtalker.so
[4.269s] -- Up-to-date symlink: /home/rinna/ros2_ws/install/examples_rclcpp_wait_set/lib/liblistener.so
[4.269s] -- Up-to-date symlink: /home/rinna/ros2_ws/install/examples_rclcpp_wait_set/lib/examples_rclcpp_wait_set/wait_set
[4.270s] -- Up-to-date symlink: /home/rinna/ros2_ws/install/examples_rclcpp_wait_set/lib/examples_rclcpp_wait_set/static_wait_set
[4.270s] -- Up-to-date symlink: /home/rinna/ros2_ws/install/examples_rclcpp_wait_set/lib/examples_rclcpp_wait_set/thread_safe_wait_set
[4.270s] -- Up-to-date symlink: /home/rinna/ros2_ws/install/examples_rclcpp_wait_set/lib/examples_rclcpp_wait_set/wait_set_topics_and_timer
[4.270s] -- Up-to-date symlink: /home/rinna/ros2_ws/install/examples_rclcpp_wait_set/lib/examples_rclcpp_wait_set/wait_set_random_order
[4.270s] -- Up-to-date symlink: /home/rinna/ros2_ws/install/examples_rclcpp_wait_set/lib/examples_rclcpp_wait_set/executor_random_order
[4.270s] -- Up-to-date symlink: /home/rinna/ros2_ws/install/examples_rclcpp_wait_set/lib/examples_rclcpp_wait_set/wait_set_topics_with_different_rates
[4.270s] -- Up-to-date symlink: /home/rinna/ros2_ws/install/examples_rclcpp_wait_set/lib/examples_rclcpp_wait_set/wait_set_composed
[4.271s] -- Up-to-date symlink: /home/rinna/ros2_ws/install/examples_rclcpp_wait_set/share/ament_index/resource_index/package_run_dependencies/examples_rclcpp_wait_set
[4.271s] -- Up-to-date symlink: /home/rinna/ros2_ws/install/examples_rclcpp_wait_set/share/ament_index/resource_index/parent_prefix_path/examples_rclcpp_wait_set
[4.271s] -- Up-to-date symlink: /home/rinna/ros2_ws/install/examples_rclcpp_wait_set/share/examples_rclcpp_wait_set/environment/ament_prefix_path.sh
[4.271s] -- Up-to-date symlink: /home/rinna/ros2_ws/install/examples_rclcpp_wait_set/share/examples_rclcpp_wait_set/environment/ament_prefix_path.dsv
[4.271s] -- Up-to-date symlink: /home/rinna/ros2_ws/install/examples_rclcpp_wait_set/share/examples_rclcpp_wait_set/environment/path.sh
[4.271s] -- Up-to-date symlink: /home/rinna/ros2_ws/install/examples_rclcpp_wait_set/share/examples_rclcpp_wait_set/environment/path.dsv
[4.272s] -- Up-to-date symlink: /home/rinna/ros2_ws/install/examples_rclcpp_wait_set/share/examples_rclcpp_wait_set/local_setup.bash
[4.272s] -- Up-to-date symlink: /home/rinna/ros2_ws/install/examples_rclcpp_wait_set/share/examples_rclcpp_wait_set/local_setup.sh
[4.272s] -- Up-to-date symlink: /home/rinna/ros2_ws/install/examples_rclcpp_wait_set/share/examples_rclcpp_wait_set/local_setup.zsh
[4.272s] -- Up-to-date symlink: /home/rinna/ros2_ws/install/examples_rclcpp_wait_set/share/examples_rclcpp_wait_set/local_setup.dsv
[4.272s] -- Symlinking: /home/rinna/ros2_ws/install/examples_rclcpp_wait_set/share/examples_rclcpp_wait_set/package.dsv
[4.272s] -- Up-to-date symlink: /home/rinna/ros2_ws/install/examples_rclcpp_wait_set/share/ament_index/resource_index/packages/examples_rclcpp_wait_set
[4.272s] -- Up-to-date symlink: /home/rinna/ros2_ws/install/examples_rclcpp_wait_set/share/ament_index/resource_index/rclcpp_components/examples_rclcpp_wait_set
[4.272s] -- Up-to-date symlink: /home/rinna/ros2_ws/install/examples_rclcpp_wait_set/share/examples_rclcpp_wait_set/cmake/examples_rclcpp_wait_setConfig.cmake
[4.273s] -- Up-to-date symlink: /home/rinna/ros2_ws/install/examples_rclcpp_wait_set/share/examples_rclcpp_wait_set/cmake/examples_rclcpp_wait_setConfig-version.cmake
[4.273s] -- Up-to-date symlink: /home/rinna/ros2_ws/install/examples_rclcpp_wait_set/share/examples_rclcpp_wait_set/package.xml
[4.318s] Invoked command in '/home/rinna/ros2_ws/build/examples_rclcpp_wait_set' returned '0': CMAKE_PREFIX_PATH=${CMAKE_PREFIX_PATH}:/home/rinna/ros2_ws/install/launch_testing_examples:/home/rinna/ros2_ws/install/examples_rclpy_pointcloud_publisher:/home/rinna/ros2_ws/install/examples_rclpy_minimal_subscriber:/home/rinna/ros2_ws/install/examples_rclpy_minimal_service:/home/rinna/ros2_ws/install/examples_rclpy_minimal_publisher:/home/rinna/ros2_ws/install/examples_rclpy_minimal_client:/home/rinna/ros2_ws/install/examples_rclpy_minimal_action_server:/home/rinna/ros2_ws/install/examples_rclpy_minimal_action_client:/home/rinna/ros2_ws/install/examples_rclpy_guard_conditions:/home/rinna/ros2_ws/install/examples_rclpy_executors:/opt/ros/humble /usr/bin/cmake --install /home/rinna/ros2_ws/build/examples_rclcpp_wait_set
