[0.213s] Invoking command in '/home/rinna/ros2_ws/build/Rinna': CMAKE_PREFIX_PATH=${CMAKE_PREFIX_PATH}:/home/rinna/ros2_ws/install/launch_testing_examples:/home/rinna/ros2_ws/install/examples_rclpy_pointcloud_publisher:/home/rinna/ros2_ws/install/examples_rclpy_minimal_subscriber:/home/rinna/ros2_ws/install/examples_rclpy_minimal_service:/home/rinna/ros2_ws/install/examples_rclpy_minimal_publisher:/home/rinna/ros2_ws/install/examples_rclpy_minimal_client:/home/rinna/ros2_ws/install/examples_rclpy_minimal_action_server:/home/rinna/ros2_ws/install/examples_rclpy_minimal_action_client:/home/rinna/ros2_ws/install/examples_rclpy_guard_conditions:/home/rinna/ros2_ws/install/examples_rclpy_executors:/opt/ros/humble /usr/bin/cmake --build /home/rinna/ros2_ws/build/Rinna -- -j16 -l16
[1.678s] Invoked command in '/home/rinna/ros2_ws/build/Rinna' returned '0': CMAKE_PREFIX_PATH=${CMAKE_PREFIX_PATH}:/home/rinna/ros2_ws/install/launch_testing_examples:/home/rinna/ros2_ws/install/examples_rclpy_pointcloud_publisher:/home/rinna/ros2_ws/install/examples_rclpy_minimal_subscriber:/home/rinna/ros2_ws/install/examples_rclpy_minimal_service:/home/rinna/ros2_ws/install/examples_rclpy_minimal_publisher:/home/rinna/ros2_ws/install/examples_rclpy_minimal_client:/home/rinna/ros2_ws/install/examples_rclpy_minimal_action_server:/home/rinna/ros2_ws/install/examples_rclpy_minimal_action_client:/home/rinna/ros2_ws/install/examples_rclpy_guard_conditions:/home/rinna/ros2_ws/install/examples_rclpy_executors:/opt/ros/humble /usr/bin/cmake --build /home/rinna/ros2_ws/build/Rinna -- -j16 -l16
[1.681s] Invoking command in '/home/rinna/ros2_ws/build/Rinna': CMAKE_PREFIX_PATH=${CMAKE_PREFIX_PATH}:/home/rinna/ros2_ws/install/launch_testing_examples:/home/rinna/ros2_ws/install/examples_rclpy_pointcloud_publisher:/home/rinna/ros2_ws/install/examples_rclpy_minimal_subscriber:/home/rinna/ros2_ws/install/examples_rclpy_minimal_service:/home/rinna/ros2_ws/install/examples_rclpy_minimal_publisher:/home/rinna/ros2_ws/install/examples_rclpy_minimal_client:/home/rinna/ros2_ws/install/examples_rclpy_minimal_action_server:/home/rinna/ros2_ws/install/examples_rclpy_minimal_action_client:/home/rinna/ros2_ws/install/examples_rclpy_guard_conditions:/home/rinna/ros2_ws/install/examples_rclpy_executors:/opt/ros/humble /usr/bin/cmake --install /home/rinna/ros2_ws/build/Rinna
[1.786s] -- Install configuration: ""
[1.788s] -- Up-to-date: /home/rinna/ros2_ws/install/Rinna/share/ament_index/resource_index/package_run_dependencies/Rinna
[1.788s] -- Up-to-date: /home/rinna/ros2_ws/install/Rinna/share/ament_index/resource_index/parent_prefix_path/Rinna
[1.788s] -- Up-to-date: /home/rinna/ros2_ws/install/Rinna/share/Rinna/environment/ament_prefix_path.sh
[1.789s] -- Up-to-date: /home/rinna/ros2_ws/install/Rinna/share/Rinna/environment/ament_prefix_path.dsv
[1.789s] -- Up-to-date: /home/rinna/ros2_ws/install/Rinna/share/Rinna/environment/path.sh
[1.789s] -- Up-to-date: /home/rinna/ros2_ws/install/Rinna/share/Rinna/environment/path.dsv
[1.789s] -- Up-to-date: /home/rinna/ros2_ws/install/Rinna/share/Rinna/local_setup.bash
[1.789s] -- Up-to-date: /home/rinna/ros2_ws/install/Rinna/share/Rinna/local_setup.sh
[1.790s] -- Up-to-date: /home/rinna/ros2_ws/install/Rinna/share/Rinna/local_setup.zsh
[1.790s] -- Up-to-date: /home/rinna/ros2_ws/install/Rinna/share/Rinna/local_setup.dsv
[1.790s] -- Up-to-date: /home/rinna/ros2_ws/install/Rinna/share/Rinna/package.dsv
[1.790s] -- Up-to-date: /home/rinna/ros2_ws/install/Rinna/share/ament_index/resource_index/packages/Rinna
[1.790s] -- Up-to-date: /home/rinna/ros2_ws/install/Rinna/share/Rinna/cmake/RinnaConfig.cmake
[1.790s] -- Up-to-date: /home/rinna/ros2_ws/install/Rinna/share/Rinna/cmake/RinnaConfig-version.cmake
[1.790s] -- Up-to-date: /home/rinna/ros2_ws/install/Rinna/share/Rinna/package.xml
[1.870s] Invoked command in '/home/rinna/ros2_ws/build/Rinna' returned '0': CMAKE_PREFIX_PATH=${CMAKE_PREFIX_PATH}:/home/rinna/ros2_ws/install/launch_testing_examples:/home/rinna/ros2_ws/install/examples_rclpy_pointcloud_publisher:/home/rinna/ros2_ws/install/examples_rclpy_minimal_subscriber:/home/rinna/ros2_ws/install/examples_rclpy_minimal_service:/home/rinna/ros2_ws/install/examples_rclpy_minimal_publisher:/home/rinna/ros2_ws/install/examples_rclpy_minimal_client:/home/rinna/ros2_ws/install/examples_rclpy_minimal_action_server:/home/rinna/ros2_ws/install/examples_rclpy_minimal_action_client:/home/rinna/ros2_ws/install/examples_rclpy_guard_conditions:/home/rinna/ros2_ws/install/examples_rclpy_executors:/opt/ros/humble /usr/bin/cmake --install /home/rinna/ros2_ws/build/Rinna
