[0.159s] Invoking command in '/home/rinna/ros2_ws/build/examples_rclcpp_minimal_timer': CMAKE_PREFIX_PATH=${CMAKE_PREFIX_PATH}:/opt/ros/humble /usr/bin/cmake /home/rinna/ros2_ws/src/examples/rclcpp/timers/minimal_timer -DAMENT_CMAKE_SYMLINK_INSTALL=1 -DCMAKE_INSTALL_PREFIX=/home/rinna/ros2_ws/install/examples_rclcpp_minimal_timer
[2.064s] -- The C compiler identification is GNU 11.4.0
[2.064s] -- The CXX compiler identification is GNU 11.4.0
[2.064s] -- Detecting C compiler ABI info
[2.064s] -- Detecting C compiler ABI info - done
[2.064s] -- Check for working C compiler: /usr/bin/cc - skipped
[2.065s] -- Detecting C compile features
[2.065s] -- Detecting C compile features - done
[2.065s] -- Detecting CXX compiler ABI info
[2.065s] -- Detecting CXX compiler ABI info - done
[2.065s] -- Check for working CXX compiler: /usr/bin/c++ - skipped
[2.065s] -- Detecting CXX compile features
[2.065s] -- Detecting CXX compile features - done
[2.066s] -- Found ament_cmake: 1.3.12 (/opt/ros/humble/share/ament_cmake/cmake)
[2.066s] -- Found Python3: /usr/bin/python3 (found version "3.10.12") found components: Interpreter 
[2.066s] -- Override CMake install command with custom implementation using symlinks instead of copying resources
[2.066s] -- Found rclcpp: 16.0.15 (/opt/ros/humble/share/rclcpp/cmake)
[2.066s] -- Found rosidl_generator_c: 3.1.7 (/opt/ros/humble/share/rosidl_generator_c/cmake)
[2.067s] -- Found rosidl_adapter: 3.1.7 (/opt/ros/humble/share/rosidl_adapter/cmake)
[2.069s] -- Found rosidl_generator_cpp: 3.1.7 (/opt/ros/humble/share/rosidl_generator_cpp/cmake)
[2.097s] -- Using all available rosidl_typesupport_c: rosidl_typesupport_fastrtps_c;rosidl_typesupport_introspection_c
[2.135s] -- Using all available rosidl_typesupport_cpp: rosidl_typesupport_fastrtps_cpp;rosidl_typesupport_introspection_cpp
[2.235s] -- Found rmw_implementation_cmake: 6.1.2 (/opt/ros/humble/share/rmw_implementation_cmake/cmake)
[2.242s] -- Found rmw_fastrtps_cpp: 6.2.8 (/opt/ros/humble/share/rmw_fastrtps_cpp/cmake)
[2.877s] -- Found OpenSSL: /usr/lib/x86_64-linux-gnu/libcrypto.so (found version "3.0.2")  
[3.404s] -- Found FastRTPS: /opt/ros/humble/include  
[4.586s] -- Using RMW implementation 'rmw_fastrtps_cpp' as default
[4.598s] -- Looking for pthread.h
[4.738s] -- Looking for pthread.h - found
[4.739s] -- Performing Test CMAKE_HAVE_LIBC_PTHREAD
[4.874s] -- Performing Test CMAKE_HAVE_LIBC_PTHREAD - Success
[4.876s] -- Found Threads: TRUE  
[4.940s] -- Found ament_lint_auto: 0.12.14 (/opt/ros/humble/share/ament_lint_auto/cmake)
[5.070s] -- Added test 'copyright' to check source files copyright and LICENSE
[5.072s] -- Added test 'cppcheck' to perform static code analysis on C / C++ code
[5.073s] -- Configured cppcheck include dirs: 
[5.073s] -- Configured cppcheck exclude dirs and/or files: 
[5.075s] -- Added test 'cpplint' to check C / C++ code against the Google style
[5.075s] -- Configured cpplint exclude dirs and/or files: 
[5.077s] -- Added test 'lint_cmake' to check CMake code style
[5.078s] -- Added test 'uncrustify' to check C / C++ code style
[5.078s] -- Configured uncrustify additional arguments: 
[5.079s] -- Added test 'xmllint' to check XML markup files
[5.082s] -- Configuring done
[5.114s] -- Generating done
[5.115s] -- Build files have been written to: /home/rinna/ros2_ws/build/examples_rclcpp_minimal_timer
[5.334s] Invoked command in '/home/rinna/ros2_ws/build/examples_rclcpp_minimal_timer' returned '0': CMAKE_PREFIX_PATH=${CMAKE_PREFIX_PATH}:/opt/ros/humble /usr/bin/cmake /home/rinna/ros2_ws/src/examples/rclcpp/timers/minimal_timer -DAMENT_CMAKE_SYMLINK_INSTALL=1 -DCMAKE_INSTALL_PREFIX=/home/rinna/ros2_ws/install/examples_rclcpp_minimal_timer
[5.339s] Invoking command in '/home/rinna/ros2_ws/build/examples_rclcpp_minimal_timer': CMAKE_PREFIX_PATH=${CMAKE_PREFIX_PATH}:/opt/ros/humble /usr/bin/cmake --build /home/rinna/ros2_ws/build/examples_rclcpp_minimal_timer -- -j16 -l16
[8.378s] [ 25%] [32mBuilding CXX object CMakeFiles/timer_member_function.dir/member_function.cpp.o[0m
[8.378s] [ 50%] [32mBuilding CXX object CMakeFiles/timer_lambda.dir/lambda.cpp.o[0m
[198.110s] [ 75%] [32m[1mLinking CXX executable timer_member_function[0m
[198.746s] [ 75%] Built target timer_member_function
[201.681s] [100%] [32m[1mLinking CXX executable timer_lambda[0m
[202.107s] [100%] Built target timer_lambda
