[0.163s] Invoking command in '/home/rinna/ros2_ws/build/examples_rclcpp_multithreaded_executor': CMAKE_PREFIX_PATH=${CMAKE_PREFIX_PATH}:/opt/ros/humble /usr/bin/cmake /home/rinna/ros2_ws/src/examples/rclcpp/executors/multithreaded_executor -DAMENT_CMAKE_SYMLINK_INSTALL=1 -DCMAKE_INSTALL_PREFIX=/home/rinna/ros2_ws/install/examples_rclcpp_multithreaded_executor
[4.942s] -- The C compiler identification is GNU 11.4.0
[4.942s] -- The CXX compiler identification is GNU 11.4.0
[4.943s] -- Detecting C compiler ABI info
[4.943s] -- Detecting C compiler ABI info - done
[4.944s] -- Check for working C compiler: /usr/bin/cc - skipped
[4.944s] -- Detecting C compile features
[4.944s] -- Detecting C compile features - done
[4.944s] -- Detecting CXX compiler ABI info
[4.945s] -- Detecting CXX compiler ABI info - done
[4.945s] -- Check for working CXX compiler: /usr/bin/c++ - skipped
[4.945s] -- Detecting CXX compile features
[4.946s] -- Detecting CXX compile features - done
[4.946s] -- Found ament_cmake: 1.3.12 (/opt/ros/humble/share/ament_cmake/cmake)
[4.947s] -- Found Python3: /usr/bin/python3 (found version "3.10.12") found components: Interpreter 
[4.947s] -- Override CMake install command with custom implementation using symlinks instead of copying resources
[4.947s] -- Found rclcpp: 16.0.15 (/opt/ros/humble/share/rclcpp/cmake)
[4.948s] -- Found rosidl_generator_c: 3.1.7 (/opt/ros/humble/share/rosidl_generator_c/cmake)
[4.948s] -- Found rosidl_adapter: 3.1.7 (/opt/ros/humble/share/rosidl_adapter/cmake)
[4.948s] -- Found rosidl_generator_cpp: 3.1.7 (/opt/ros/humble/share/rosidl_generator_cpp/cmake)
[4.949s] -- Using all available rosidl_typesupport_c: rosidl_typesupport_fastrtps_c;rosidl_typesupport_introspection_c
[4.949s] -- Using all available rosidl_typesupport_cpp: rosidl_typesupport_fastrtps_cpp;rosidl_typesupport_introspection_cpp
[4.949s] -- Found rmw_implementation_cmake: 6.1.2 (/opt/ros/humble/share/rmw_implementation_cmake/cmake)
[4.950s] -- Found rmw_fastrtps_cpp: 6.2.8 (/opt/ros/humble/share/rmw_fastrtps_cpp/cmake)
[4.950s] -- Found OpenSSL: /usr/lib/x86_64-linux-gnu/libcrypto.so (found version "3.0.2")  
[4.950s] -- Found FastRTPS: /opt/ros/humble/include  
[4.950s] -- Using RMW implementation 'rmw_fastrtps_cpp' as default
[4.950s] -- Looking for pthread.h
[4.951s] -- Looking for pthread.h - found
[4.951s] -- Performing Test CMAKE_HAVE_LIBC_PTHREAD
[4.951s] -- Performing Test CMAKE_HAVE_LIBC_PTHREAD - Success
[4.951s] -- Found Threads: TRUE  
[4.951s] -- Found ament_lint_auto: 0.12.14 (/opt/ros/humble/share/ament_lint_auto/cmake)
[4.951s] -- Added test 'copyright' to check source files copyright and LICENSE
[4.952s] -- Added test 'cppcheck' to perform static code analysis on C / C++ code
[4.952s] -- Configured cppcheck include dirs: 
[4.952s] -- Configured cppcheck exclude dirs and/or files: 
[4.952s] -- Added test 'cpplint' to check C / C++ code against the Google style
[4.952s] -- Configured cpplint exclude dirs and/or files: 
[4.952s] -- Added test 'lint_cmake' to check CMake code style
[4.953s] -- Added test 'uncrustify' to check C / C++ code style
[4.953s] -- Configured uncrustify additional arguments: 
[4.953s] -- Added test 'xmllint' to check XML markup files
[4.953s] -- Configuring done
[4.954s] -- Generating done
[4.954s] -- Build files have been written to: /home/rinna/ros2_ws/build/examples_rclcpp_multithreaded_executor
[4.959s] Invoked command in '/home/rinna/ros2_ws/build/examples_rclcpp_multithreaded_executor' returned '0': CMAKE_PREFIX_PATH=${CMAKE_PREFIX_PATH}:/opt/ros/humble /usr/bin/cmake /home/rinna/ros2_ws/src/examples/rclcpp/executors/multithreaded_executor -DAMENT_CMAKE_SYMLINK_INSTALL=1 -DCMAKE_INSTALL_PREFIX=/home/rinna/ros2_ws/install/examples_rclcpp_multithreaded_executor
[4.960s] Invoking command in '/home/rinna/ros2_ws/build/examples_rclcpp_multithreaded_executor': CMAKE_PREFIX_PATH=${CMAKE_PREFIX_PATH}:/opt/ros/humble /usr/bin/cmake --build /home/rinna/ros2_ws/build/examples_rclcpp_multithreaded_executor -- -j16 -l16
[5.252s] [ 50%] [32mBuilding CXX object CMakeFiles/multithreaded_executor.dir/multithreaded_executor.cpp.o[0m
[212.457s] [100%] [32m[1mLinking CXX executable multithreaded_executor[0m
[212.957s] [100%] Built target multithreaded_executor
