[35m[1mConsolidate compiler generated dependencies of target publisher_member_function[0m
[35m[1mConsolidate compiler generated dependencies of target publisher_member_function_with_type_adapter[0m
[35m[1mConsolidate compiler generated dependencies of target publisher_not_composable[0m
[35m[1mConsolidate compiler generated dependencies of target publisher_wait_for_all_acked[0m
[ 16%] [32mBuilding CXX object CMakeFiles/publisher_lambda.dir/lambda.cpp.o[0m
[ 16%] [32mBuilding CXX object CMakeFiles/publisher_member_function_with_unique_network_flow_endpoints.dir/member_function_with_unique_network_flow_endpoints.cpp.o[0m
[ 33%] Built target publisher_member_function_with_type_adapter
[ 66%] Built target publisher_not_composable
[ 66%] Built target publisher_member_function
[ 83%] Built target publisher_wait_for_all_acked
[ 91%] [32m[1mLinking CXX executable publisher_lambda[0m
[100%] [32m[1mLinking CXX executable publisher_member_function_with_unique_network_flow_endpoints[0m
[100%] Built target publisher_lambda
[100%] Built target publisher_member_function_with_unique_network_flow_endpoints
-- Install configuration: ""
-- Execute custom install script
-- Symlinking: /home/rinna/ros2_ws/install/examples_rclcpp_minimal_publisher/lib/examples_rclcpp_minimal_publisher/publisher_lambda
-- Symlinking: /home/rinna/ros2_ws/install/examples_rclcpp_minimal_publisher/lib/examples_rclcpp_minimal_publisher/publisher_member_function
-- Symlinking: /home/rinna/ros2_ws/install/examples_rclcpp_minimal_publisher/lib/examples_rclcpp_minimal_publisher/publisher_member_function_with_type_adapter
-- Symlinking: /home/rinna/ros2_ws/install/examples_rclcpp_minimal_publisher/lib/examples_rclcpp_minimal_publisher/publisher_member_function_with_unique_network_flow_endpoints
-- Symlinking: /home/rinna/ros2_ws/install/examples_rclcpp_minimal_publisher/lib/examples_rclcpp_minimal_publisher/publisher_wait_for_all_acked
-- Symlinking: /home/rinna/ros2_ws/install/examples_rclcpp_minimal_publisher/lib/examples_rclcpp_minimal_publisher/publisher_not_composable
-- Symlinking: /home/rinna/ros2_ws/install/examples_rclcpp_minimal_publisher/share/ament_index/resource_index/package_run_dependencies/examples_rclcpp_minimal_publisher
-- Symlinking: /home/rinna/ros2_ws/install/examples_rclcpp_minimal_publisher/share/ament_index/resource_index/parent_prefix_path/examples_rclcpp_minimal_publisher
-- Symlinking: /home/rinna/ros2_ws/install/examples_rclcpp_minimal_publisher/share/examples_rclcpp_minimal_publisher/environment/ament_prefix_path.sh
-- Symlinking: /home/rinna/ros2_ws/install/examples_rclcpp_minimal_publisher/share/examples_rclcpp_minimal_publisher/environment/ament_prefix_path.dsv
-- Symlinking: /home/rinna/ros2_ws/install/examples_rclcpp_minimal_publisher/share/examples_rclcpp_minimal_publisher/environment/path.sh
-- Symlinking: /home/rinna/ros2_ws/install/examples_rclcpp_minimal_publisher/share/examples_rclcpp_minimal_publisher/environment/path.dsv
-- Symlinking: /home/rinna/ros2_ws/install/examples_rclcpp_minimal_publisher/share/examples_rclcpp_minimal_publisher/local_setup.bash
-- Symlinking: /home/rinna/ros2_ws/install/examples_rclcpp_minimal_publisher/share/examples_rclcpp_minimal_publisher/local_setup.sh
-- Symlinking: /home/rinna/ros2_ws/install/examples_rclcpp_minimal_publisher/share/examples_rclcpp_minimal_publisher/local_setup.zsh
-- Symlinking: /home/rinna/ros2_ws/install/examples_rclcpp_minimal_publisher/share/examples_rclcpp_minimal_publisher/local_setup.dsv
-- Symlinking: /home/rinna/ros2_ws/install/examples_rclcpp_minimal_publisher/share/examples_rclcpp_minimal_publisher/package.dsv
-- Symlinking: /home/rinna/ros2_ws/install/examples_rclcpp_minimal_publisher/share/ament_index/resource_index/packages/examples_rclcpp_minimal_publisher
-- Symlinking: /home/rinna/ros2_ws/install/examples_rclcpp_minimal_publisher/share/examples_rclcpp_minimal_publisher/cmake/examples_rclcpp_minimal_publisherConfig.cmake
-- Symlinking: /home/rinna/ros2_ws/install/examples_rclcpp_minimal_publisher/share/examples_rclcpp_minimal_publisher/cmake/examples_rclcpp_minimal_publisherConfig-version.cmake
-- Symlinking: /home/rinna/ros2_ws/install/examples_rclcpp_minimal_publisher/share/examples_rclcpp_minimal_publisher/package.xml
