[0.622s] Invoking command in '/home/rinna/ros2_ws/build/examples_rclpy_pointcloud_publisher': PYTHONPATH=/home/rinna/ros2_ws/build/examples_rclpy_pointcloud_publisher/prefix_override:/usr/lib/python3/dist-packages/colcon_core/task/python/colcon_distutils_commands:/home/rinna/ros2_ws/install/examples_rclpy_pointcloud_publisher/lib/python3.10/site-packages:${PYTHONPATH} /usr/bin/python3 -W ignore:setup.py install is deprecated -W ignore:easy_install command is deprecated setup.py develop --editable --build-directory /home/rinna/ros2_ws/build/examples_rclpy_pointcloud_publisher/build --no-deps symlink_data
[0.875s] running develop
[1.010s] running egg_info
[1.010s] creating examples_rclpy_pointcloud_publisher.egg-info
[1.010s] writing examples_rclpy_pointcloud_publisher.egg-info/PKG-INFO
[1.011s] writing dependency_links to examples_rclpy_pointcloud_publisher.egg-info/dependency_links.txt
[1.011s] writing entry points to examples_rclpy_pointcloud_publisher.egg-info/entry_points.txt
[1.011s] writing requirements to examples_rclpy_pointcloud_publisher.egg-info/requires.txt
[1.011s] writing top-level names to examples_rclpy_pointcloud_publisher.egg-info/top_level.txt
[1.011s] writing manifest file 'examples_rclpy_pointcloud_publisher.egg-info/SOURCES.txt'
[1.027s] reading manifest file 'examples_rclpy_pointcloud_publisher.egg-info/SOURCES.txt'
[1.028s] writing manifest file 'examples_rclpy_pointcloud_publisher.egg-info/SOURCES.txt'
[1.029s] running build_ext
[1.029s] Creating /home/rinna/ros2_ws/install/examples_rclpy_pointcloud_publisher/lib/python3.10/site-packages/examples-rclpy-pointcloud-publisher.egg-link (link to .)
[1.030s] Installing pointcloud_publisher script to /home/rinna/ros2_ws/install/examples_rclpy_pointcloud_publisher/lib/examples_rclpy_pointcloud_publisher
[1.031s] 
[1.031s] Installed /home/rinna/ros2_ws/build/examples_rclpy_pointcloud_publisher
[1.031s] running symlink_data
[1.031s] creating /home/rinna/ros2_ws/install/examples_rclpy_pointcloud_publisher/share/ament_index
[1.031s] creating /home/rinna/ros2_ws/install/examples_rclpy_pointcloud_publisher/share/ament_index/resource_index
[1.032s] creating /home/rinna/ros2_ws/install/examples_rclpy_pointcloud_publisher/share/ament_index/resource_index/packages
[1.032s] symbolically linking /home/rinna/ros2_ws/build/examples_rclpy_pointcloud_publisher/resource/examples_rclpy_pointcloud_publisher -> /home/rinna/ros2_ws/install/examples_rclpy_pointcloud_publisher/share/ament_index/resource_index/packages
[1.032s] symbolically linking /home/rinna/ros2_ws/build/examples_rclpy_pointcloud_publisher/package.xml -> /home/rinna/ros2_ws/install/examples_rclpy_pointcloud_publisher/share/examples_rclpy_pointcloud_publisher
[1.069s] Invoked command in '/home/rinna/ros2_ws/build/examples_rclpy_pointcloud_publisher' returned '0': PYTHONPATH=/home/rinna/ros2_ws/build/examples_rclpy_pointcloud_publisher/prefix_override:/usr/lib/python3/dist-packages/colcon_core/task/python/colcon_distutils_commands:/home/rinna/ros2_ws/install/examples_rclpy_pointcloud_publisher/lib/python3.10/site-packages:${PYTHONPATH} /usr/bin/python3 -W ignore:setup.py install is deprecated -W ignore:easy_install command is deprecated setup.py develop --editable --build-directory /home/rinna/ros2_ws/build/examples_rclpy_pointcloud_publisher/build --no-deps symlink_data
